#
# There is insufficient memory for the Java Runtime Environment to continue.
# Native memory allocation (malloc) failed to allocate 32744 bytes. Error detail: Chunk::new
# Possible reasons:
#   The system is out of physical RAM or swap space
#   This process is running with CompressedOops enabled, and the Java Heap may be blocking the growth of the native heap
# Possible solutions:
#   Reduce memory load on the system
#   Increase physical memory or swap space
#   Check if swap backing store is full
#   Decrease Java heap size (-Xmx/-Xms)
#   Decrease number of Java threads
#   Decrease Java thread stack sizes (-Xss)
#   Set larger code cache with -XX:ReservedCodeCacheSize=
#   JVM is running with Unscaled Compressed Oops mode in which the Java heap is
#     placed in the first 4GB address space. The Java Heap base address is the
#     maximum limit for the native heap growth. Please use -XX:HeapBaseMinAddress
#     to set the Java Heap base and to place the Java Heap above 4GB virtual address.
# This output file may be truncated or incomplete.
#
#  Out of Memory Error (arena.cpp:168), pid=15172, tid=16540
#
# JRE version: OpenJDK Runtime Environment Temurin-21.0.6+7 (21.0.6+7) (build 21.0.6+7-LTS)
# Java VM: OpenJDK 64-Bit Server VM Temurin-21.0.6+7 (21.0.6+7-LTS, mixed mode, sharing, tiered, compressed oops, compressed class ptrs, parallel gc, windows-amd64)
# No core dump will be written. Minidumps are not enabled by default on client versions of Windows
#

---------------  S U M M A R Y ------------

Command Line: --add-modules=ALL-SYSTEM --add-opens=java.base/java.util=ALL-UNNAMED --add-opens=java.base/java.lang=ALL-UNNAMED --add-opens=java.base/sun.nio.fs=ALL-UNNAMED -Declipse.application=org.eclipse.jdt.ls.core.id1 -Dosgi.bundles.defaultStartLevel=4 -Declipse.product=org.eclipse.jdt.ls.core.product -Djava.import.generatesMetadataFilesAtProjectRoot=false -DDetectVMInstallationsJob.disabled=true -Dfile.encoding=utf8 -XX:+UseParallelGC -XX:GCTimeRatio=4 -XX:AdaptiveSizePolicyWeight=90 -Dsun.zip.disableMemoryMapping=true -Xmx1G -Xms100m -Xlog:disable -javaagent:c:\Users\Abllaye Sagna\.vscode\extensions\redhat.java-1.41.1-win32-x64\lombok\lombok-1.18.36.jar -XX:+HeapDumpOnOutOfMemoryError -XX:HeapDumpPath=c:\Users\Abllaye Sagna\AppData\Roaming\Code\User\workspaceStorage\6b7f365eda9147d9c21f87dc6ac22f9c\redhat.java -Daether.dependencyCollector.impl=bf c:\Users\Abllaye Sagna\.vscode\extensions\redhat.java-1.41.1-win32-x64\server\plugins\org.eclipse.equinox.launcher_1.7.0.v20250331-1702.jar -configuration c:\Users\Abllaye Sagna\AppData\Roaming\Code\User\globalStorage\redhat.java\1.41.1\config_win -data c:\Users\Abllaye Sagna\AppData\Roaming\Code\User\workspaceStorage\6b7f365eda9147d9c21f87dc6ac22f9c\redhat.java\jdt_ws --pipe=\\.\pipe\lsp-3473447573392384608cf15fc6931c59-sock

Host: Intel(R) Core(TM) i5-8350U CPU @ 1.70GHz, 8 cores, 7G,  Windows 10 , 64 bit Build 19041 (10.0.19041.5678)
Time: Fri Apr 11 09:25:23 2025 Greenwich elapsed time: 6.118985 seconds (0d 0h 0m 6s)

---------------  T H R E A D  ---------------

Current thread (0x000001346215a6d0):  JavaThread "C2 CompilerThread1" daemon [_thread_in_native, id=16540, stack(0x0000002ecd000000,0x0000002ecd100000) (1024K)]


Current CompileTask:
C2:6119 3241       4       java.lang.invoke.MethodType::makeImpl (109 bytes)

Stack: [0x0000002ecd000000,0x0000002ecd100000]
Native frames: (J=compiled Java code, j=interpreted, Vv=VM code, C=native code)
V  [jvm.dll+0x6cdee9]
V  [jvm.dll+0x8a83d1]
V  [jvm.dll+0x8aa8fe]
V  [jvm.dll+0x8aafe3]
V  [jvm.dll+0x27f706]
V  [jvm.dll+0xc500d]
V  [jvm.dll+0xc5543]
V  [jvm.dll+0x6aa5f6]
V  [jvm.dll+0x8cbb8]
V  [jvm.dll+0x6e4e7e]
V  [jvm.dll+0x6e831e]
V  [jvm.dll+0x6e0503]
V  [jvm.dll+0x6dfc1e]
V  [jvm.dll+0x6ddd0c]
V  [jvm.dll+0x1ca62c]
V  [jvm.dll+0x2f1cdc]
V  [jvm.dll+0x6e8512]
V  [jvm.dll+0x6e0503]
V  [jvm.dll+0x6dfc1e]
V  [jvm.dll+0x6ddd0c]
V  [jvm.dll+0x1ca62c]
V  [jvm.dll+0x246b3e]
V  [jvm.dll+0x1c75ee]
V  [jvm.dll+0x25685a]
V  [jvm.dll+0x254dfa]
V  [jvm.dll+0x3f0256]
V  [jvm.dll+0x851f8b]
V  [jvm.dll+0x6cc5ed]
C  [ucrtbase.dll+0x21bb2]
C  [KERNEL32.DLL+0x17374]
C  [ntdll.dll+0x4cc91]


---------------  P R O C E S S  ---------------

Threads class SMR info:
_java_thread_list=0x0000013462250ca0, length=22, elements={
0x0000013447290650, 0x000001345b63d660, 0x000001345b63ef60, 0x000001345b640860,
0x000001345b643900, 0x000001345b645360, 0x000001345b645db0, 0x000001345b64abf0,
0x000001345b68b750, 0x0000013447300850, 0x000001345d331ab0, 0x00000134621baab0,
0x000001346260bcd0, 0x000001345d949be0, 0x000001345d94a610, 0x0000013462794740,
0x000001345d9594b0, 0x0000013462271ac0, 0x000001346222fcb0, 0x000001346215a6d0,
0x0000013462231060, 0x0000013462232410
}

Java Threads: ( => current thread )
  0x0000013447290650 JavaThread "main"                              [_thread_blocked, id=9156, stack(0x0000002ecba00000,0x0000002ecbb00000) (1024K)]
  0x000001345b63d660 JavaThread "Reference Handler"          daemon [_thread_blocked, id=11792, stack(0x0000002ecbe00000,0x0000002ecbf00000) (1024K)]
  0x000001345b63ef60 JavaThread "Finalizer"                  daemon [_thread_blocked, id=10832, stack(0x0000002ecbf00000,0x0000002ecc000000) (1024K)]
  0x000001345b640860 JavaThread "Signal Dispatcher"          daemon [_thread_blocked, id=12248, stack(0x0000002ecc000000,0x0000002ecc100000) (1024K)]
  0x000001345b643900 JavaThread "Attach Listener"            daemon [_thread_blocked, id=4476, stack(0x0000002ecc100000,0x0000002ecc200000) (1024K)]
  0x000001345b645360 JavaThread "Service Thread"             daemon [_thread_blocked, id=22208, stack(0x0000002ecc200000,0x0000002ecc300000) (1024K)]
  0x000001345b645db0 JavaThread "Monitor Deflation Thread"   daemon [_thread_blocked, id=12652, stack(0x0000002ecc300000,0x0000002ecc400000) (1024K)]
  0x000001345b64abf0 JavaThread "C2 CompilerThread0"         daemon [_thread_in_native, id=14372, stack(0x0000002ecc400000,0x0000002ecc500000) (1024K)]
  0x000001345b68b750 JavaThread "C1 CompilerThread0"         daemon [_thread_in_native, id=14564, stack(0x0000002ecc500000,0x0000002ecc600000) (1024K)]
  0x0000013447300850 JavaThread "Common-Cleaner"             daemon [_thread_blocked, id=21496, stack(0x0000002ecc600000,0x0000002ecc700000) (1024K)]
  0x000001345d331ab0 JavaThread "Notification Thread"        daemon [_thread_blocked, id=568, stack(0x0000002ecc700000,0x0000002ecc800000) (1024K)]
  0x00000134621baab0 JavaThread "Active Thread: Equinox Container: 719e7ed2-10b4-422d-a143-dc86adc30d26"        [_thread_blocked, id=21056, stack(0x0000002ecc800000,0x0000002ecc900000) (1024K)]
  0x000001346260bcd0 JavaThread "Refresh Thread: Equinox Container: 719e7ed2-10b4-422d-a143-dc86adc30d26" daemon [_thread_blocked, id=12956, stack(0x0000002ecd100000,0x0000002ecd200000) (1024K)]
  0x000001345d949be0 JavaThread "Framework Event Dispatcher: Equinox Container: 719e7ed2-10b4-422d-a143-dc86adc30d26" daemon [_thread_blocked, id=22508, stack(0x0000002ecd300000,0x0000002ecd400000) (1024K)]
  0x000001345d94a610 JavaThread "Start Level: Equinox Container: 719e7ed2-10b4-422d-a143-dc86adc30d26" daemon [_thread_in_Java, id=15620, stack(0x0000002ecd400000,0x0000002ecd500000) (1024K)]
  0x0000013462794740 JavaThread "Bundle File Closer"         daemon [_thread_blocked, id=5932, stack(0x0000002ecd500000,0x0000002ecd600000) (1024K)]
  0x000001345d9594b0 JavaThread "SCR Component Actor"        daemon [_thread_blocked, id=15300, stack(0x0000002ecd600000,0x0000002ecd700000) (1024K)]
  0x0000013462271ac0 JavaThread "SCR Component Registry"     daemon [_thread_blocked, id=11444, stack(0x0000002ecc900000,0x0000002ecca00000) (1024K)]
  0x000001346222fcb0 JavaThread "Worker-JM"                         [_thread_blocked, id=15612, stack(0x0000002ecd700000,0x0000002ecd800000) (1024K)]
=>0x000001346215a6d0 JavaThread "C2 CompilerThread1"         daemon [_thread_in_native, id=16540, stack(0x0000002ecd000000,0x0000002ecd100000) (1024K)]
  0x0000013462231060 JavaThread "Worker-0: Checking project encoding"        [_thread_blocked, id=18020, stack(0x0000002ecd800000,0x0000002ecd900000) (1024K)]
  0x0000013462232410 JavaThread "Worker-1"                          [_thread_blocked, id=18352, stack(0x0000002ecd900000,0x0000002ecda00000) (1024K)]
Total: 22

Other Threads:
  0x000001344734f8f0 VMThread "VM Thread"                           [id=3016, stack(0x0000002ecbd00000,0x0000002ecbe00000) (1024K)]
  0x00000134472fdda0 WatcherThread "VM Periodic Task Thread"        [id=18900, stack(0x0000002ecbc00000,0x0000002ecbd00000) (1024K)]
  0x00000134472af210 WorkerThread "GC Thread#0"                     [id=18952, stack(0x0000002ecbb00000,0x0000002ecbc00000) (1024K)]
  0x000001345d53db00 WorkerThread "GC Thread#1"                     [id=21624, stack(0x0000002ecca00000,0x0000002eccb00000) (1024K)]
  0x000001345db81460 WorkerThread "GC Thread#2"                     [id=5216, stack(0x0000002eccb00000,0x0000002eccc00000) (1024K)]
  0x000001345db81800 WorkerThread "GC Thread#3"                     [id=20084, stack(0x0000002eccc00000,0x0000002eccd00000) (1024K)]
  0x000001345d53dea0 WorkerThread "GC Thread#4"                     [id=20296, stack(0x0000002eccd00000,0x0000002ecce00000) (1024K)]
  0x000001345d53e240 WorkerThread "GC Thread#5"                     [id=21124, stack(0x0000002ecce00000,0x0000002eccf00000) (1024K)]
  0x000001345d53e5e0 WorkerThread "GC Thread#6"                     [id=14068, stack(0x0000002eccf00000,0x0000002ecd000000) (1024K)]
  0x000001346244d980 WorkerThread "GC Thread#7"                     [id=22276, stack(0x0000002ecd200000,0x0000002ecd300000) (1024K)]
Total: 10

Threads with active compile tasks:
C2 CompilerThread0  6168 3261       4       java.io.InputStream::<init> (5 bytes)
C1 CompilerThread0  6168 3270       3       org.objectweb.asm.SymbolTable::addConstantUtf8 (98 bytes)
C2 CompilerThread1  6168 3241       4       java.lang.invoke.MethodType::makeImpl (109 bytes)
Total: 3

VM state: not at safepoint (normal execution)

VM Mutex/Monitor currently owned by a thread: None

Heap address: 0x00000000c0000000, size: 1024 MB, Compressed Oops mode: 32-bit

CDS archive(s) mapped at: [0x0000013400000000-0x0000013400ba0000-0x0000013400ba0000), size 12189696, SharedBaseAddress: 0x0000013400000000, ArchiveRelocationMode: 1.
Compressed class space mapped at: 0x0000013401000000-0x0000013441000000, reserved size: 1073741824
Narrow klass base: 0x0000013400000000, Narrow klass shift: 0, Narrow klass range: 0x100000000

GC Precious Log:
 CardTable entry size: 512
 CPUs: 8 total, 8 available
 Memory: 8051M
 Large Page Support: Disabled
 NUMA Support: Disabled
 Compressed Oops: Enabled (32-bit)
 Alignments: Space 512K, Generation 512K, Heap 2M
 Heap Min Capacity: 100M
 Heap Initial Capacity: 100M
 Heap Max Capacity: 1G
 Pre-touch: Disabled
 Parallel Workers: 8

Heap:
 PSYoungGen      total 29184K, used 6390K [0x00000000eab00000, 0x00000000ece80000, 0x0000000100000000)
  eden space 25088K, 9% used [0x00000000eab00000,0x00000000ead3e100,0x00000000ec380000)
  from space 4096K, 99% used [0x00000000ec400000,0x00000000ec7ff7f0,0x00000000ec800000)
  to   space 5632K, 0% used [0x00000000ec900000,0x00000000ec900000,0x00000000ece80000)
 ParOldGen       total 68608K, used 8178K [0x00000000c0000000, 0x00000000c4300000, 0x00000000eab00000)
  object space 68608K, 11% used [0x00000000c0000000,0x00000000c07fca70,0x00000000c4300000)
 Metaspace       used 16471K, committed 17088K, reserved 1114112K
  class space    used 1642K, committed 1920K, reserved 1048576K

Card table byte_map: [0x0000013446c40000,0x0000013446e50000] _byte_map_base: 0x0000013446640000

Marking Bits: (ParMarkBitMap*) 0x00007ffc40f73260
 Begin Bits: [0x0000013459490000, 0x000001345a490000)
 End Bits:   [0x000001345a490000, 0x000001345b490000)

Polling page: 0x0000013445280000

Metaspace:

Usage:
  Non-class:     14.48 MB used.
      Class:      1.60 MB used.
       Both:     16.09 MB used.

Virtual space:
  Non-class space:       64.00 MB reserved,      14.81 MB ( 23%) committed,  1 nodes.
      Class space:        1.00 GB reserved,       1.88 MB ( <1%) committed,  1 nodes.
             Both:        1.06 GB reserved,      16.69 MB (  2%) committed. 

Chunk freelists:
   Non-Class:  1.08 MB
       Class:  14.18 MB
        Both:  15.25 MB

MaxMetaspaceSize: unlimited
CompressedClassSpaceSize: 1.00 GB
Initial GC threshold: 21.00 MB
Current GC threshold: 21.00 MB
CDS: on
 - commit_granule_bytes: 65536.
 - commit_granule_words: 8192.
 - virtual_space_node_default_size: 8388608.
 - enlarge_chunks_in_place: 1.
 - use_allocation_guard: 0.


Internal statistics:

num_allocs_failed_limit: 0.
num_arena_births: 492.
num_arena_deaths: 0.
num_vsnodes_births: 2.
num_vsnodes_deaths: 0.
num_space_committed: 267.
num_space_uncommitted: 0.
num_chunks_returned_to_freelist: 0.
num_chunks_taken_from_freelist: 1052.
num_chunk_merges: 0.
num_chunk_splits: 685.
num_chunks_enlarged: 449.
num_inconsistent_stats: 0.

CodeHeap 'non-profiled nmethods': size=120000Kb used=1472Kb max_used=1472Kb free=118527Kb
 bounds [0x0000013451f60000, 0x00000134521d0000, 0x0000013459490000]
CodeHeap 'profiled nmethods': size=120000Kb used=6625Kb max_used=6625Kb free=113374Kb
 bounds [0x000001344a490000, 0x000001344ab10000, 0x00000134519c0000]
CodeHeap 'non-nmethods': size=5760Kb used=1265Kb max_used=1282Kb free=4494Kb
 bounds [0x00000134519c0000, 0x0000013451c30000, 0x0000013451f60000]
 total_blobs=3807 nmethods=3268 adapters=445
 compilation: enabled
              stopped_count=0, restarted_count=0
 full_count=0

Compilation events (20 events):
Event: 6.090 Thread 0x000001345b68b750 nmethod 3233 0x000001344aaf8310 code [0x000001344aaf8880, 0x000001344aafb870]
Event: 6.090 Thread 0x000001345b68b750 3243       3       jdk.internal.org.objectweb.asm.Frame::accept (264 bytes)
Event: 6.091 Thread 0x000001345b68b750 nmethod 3243 0x000001344aafc290 code [0x000001344aafc4c0, 0x000001344aafcd60]
Event: 6.091 Thread 0x000001345b68b750 3242       3       jdk.internal.org.objectweb.asm.Frame::setInputFrameFromDescriptor (175 bytes)
Event: 6.092 Thread 0x000001345b68b750 nmethod 3242 0x000001344aafd110 code [0x000001344aafd340, 0x000001344aafda68]
Event: 6.092 Thread 0x000001345b68b750 3244       3       jdk.internal.org.objectweb.asm.MethodWriter::visitFrameStart (55 bytes)
Event: 6.092 Thread 0x000001345b68b750 nmethod 3244 0x000001344aafde90 code [0x000001344aafe040, 0x000001344aafe2f0]
Event: 6.092 Thread 0x000001345b68b750 3245       3       jdk.internal.org.objectweb.asm.MethodWriter::visitFrameEnd (53 bytes)
Event: 6.092 Thread 0x000001345b68b750 nmethod 3245 0x000001344aafe490 code [0x000001344aafe660, 0x000001344aafea38]
Event: 6.092 Thread 0x000001345b68b750 3237       3       java.lang.invoke.LambdaFormEditor$TransformKey::ival (25 bytes)
Event: 6.093 Thread 0x000001345b68b750 nmethod 3237 0x000001344aafeb90 code [0x000001344aafed20, 0x000001344aafee20]
Event: 6.093 Thread 0x000001345b68b750 3240   !   3       java.lang.invoke.LambdaForm::compileToBytecode (164 bytes)
Event: 6.093 Thread 0x000001345b68b750 nmethod 3240 0x000001344aafee90 code [0x000001344aaff100, 0x000001344aaff9a0]
Event: 6.101 Thread 0x000001345b68b750 3250       3       org.objectweb.asm.ClassReader::readUnsignedShort (26 bytes)
Event: 6.102 Thread 0x000001345b68b750 nmethod 3250 0x000001344aaffc90 code [0x000001344aaffe40, 0x000001344aafffb0]
Event: 6.112 Thread 0x000001345b68b750 3251   !   3       java.lang.ref.ReferenceQueue::enqueue (32 bytes)
Event: 6.113 Thread 0x000001345b68b750 nmethod 3251 0x000001344ab00090 code [0x000001344ab002e0, 0x000001344ab00c18]
Event: 6.113 Thread 0x000001345b68b750 3252       3       java.lang.ref.ReferenceQueue::signal (10 bytes)
Event: 6.113 Thread 0x000001345b68b750 nmethod 3252 0x000001344ab00f90 code [0x000001344ab01180, 0x000001344ab01588]
Event: 6.113 Thread 0x000001345b64abf0 3253   !   4       org.eclipse.osgi.internal.loader.BundleLoader::getModuleClassLoader (203 bytes)

GC Heap History (10 events):
Event: 1.779 GC heap before
{Heap before GC invocations=1 (full 0):
 PSYoungGen      total 29696K, used 25600K [0x00000000eab00000, 0x00000000ecc00000, 0x0000000100000000)
  eden space 25600K, 100% used [0x00000000eab00000,0x00000000ec400000,0x00000000ec400000)
  from space 4096K, 0% used [0x00000000ec800000,0x00000000ec800000,0x00000000ecc00000)
  to   space 4096K, 0% used [0x00000000ec400000,0x00000000ec400000,0x00000000ec800000)
 ParOldGen       total 68608K, used 0K [0x00000000c0000000, 0x00000000c4300000, 0x00000000eab00000)
  object space 68608K, 0% used [0x00000000c0000000,0x00000000c0000000,0x00000000c4300000)
 Metaspace       used 4291K, committed 4544K, reserved 1114112K
  class space    used 432K, committed 512K, reserved 1048576K
}
Event: 1.790 GC heap after
{Heap after GC invocations=1 (full 0):
 PSYoungGen      total 29696K, used 3205K [0x00000000eab00000, 0x00000000ecc00000, 0x0000000100000000)
  eden space 25600K, 0% used [0x00000000eab00000,0x00000000eab00000,0x00000000ec400000)
  from space 4096K, 78% used [0x00000000ec400000,0x00000000ec7217f0,0x00000000ec800000)
  to   space 4096K, 0% used [0x00000000ec800000,0x00000000ec800000,0x00000000ecc00000)
 ParOldGen       total 68608K, used 16K [0x00000000c0000000, 0x00000000c4300000, 0x00000000eab00000)
  object space 68608K, 0% used [0x00000000c0000000,0x00000000c0004000,0x00000000c4300000)
 Metaspace       used 4291K, committed 4544K, reserved 1114112K
  class space    used 432K, committed 512K, reserved 1048576K
}
Event: 3.610 GC heap before
{Heap before GC invocations=2 (full 0):
 PSYoungGen      total 29696K, used 28805K [0x00000000eab00000, 0x00000000ecc00000, 0x0000000100000000)
  eden space 25600K, 100% used [0x00000000eab00000,0x00000000ec400000,0x00000000ec400000)
  from space 4096K, 78% used [0x00000000ec400000,0x00000000ec7217f0,0x00000000ec800000)
  to   space 4096K, 0% used [0x00000000ec800000,0x00000000ec800000,0x00000000ecc00000)
 ParOldGen       total 68608K, used 16K [0x00000000c0000000, 0x00000000c4300000, 0x00000000eab00000)
  object space 68608K, 0% used [0x00000000c0000000,0x00000000c0004000,0x00000000c4300000)
 Metaspace       used 7927K, committed 8256K, reserved 1114112K
  class space    used 776K, committed 960K, reserved 1048576K
}
Event: 3.620 GC heap after
{Heap after GC invocations=2 (full 0):
 PSYoungGen      total 29696K, used 4068K [0x00000000eab00000, 0x00000000ecc00000, 0x0000000100000000)
  eden space 25600K, 0% used [0x00000000eab00000,0x00000000eab00000,0x00000000ec400000)
  from space 4096K, 99% used [0x00000000ec800000,0x00000000ecbf9178,0x00000000ecc00000)
  to   space 4096K, 0% used [0x00000000ec400000,0x00000000ec400000,0x00000000ec800000)
 ParOldGen       total 68608K, used 1770K [0x00000000c0000000, 0x00000000c4300000, 0x00000000eab00000)
  object space 68608K, 2% used [0x00000000c0000000,0x00000000c01ba988,0x00000000c4300000)
 Metaspace       used 7927K, committed 8256K, reserved 1114112K
  class space    used 776K, committed 960K, reserved 1048576K
}
Event: 4.314 GC heap before
{Heap before GC invocations=3 (full 0):
 PSYoungGen      total 29696K, used 29668K [0x00000000eab00000, 0x00000000ecc00000, 0x0000000100000000)
  eden space 25600K, 100% used [0x00000000eab00000,0x00000000ec400000,0x00000000ec400000)
  from space 4096K, 99% used [0x00000000ec800000,0x00000000ecbf9178,0x00000000ecc00000)
  to   space 4096K, 0% used [0x00000000ec400000,0x00000000ec400000,0x00000000ec800000)
 ParOldGen       total 68608K, used 1770K [0x00000000c0000000, 0x00000000c4300000, 0x00000000eab00000)
  object space 68608K, 2% used [0x00000000c0000000,0x00000000c01ba988,0x00000000c4300000)
 Metaspace       used 9176K, committed 9536K, reserved 1114112K
  class space    used 922K, committed 1088K, reserved 1048576K
}
Event: 4.323 GC heap after
{Heap after GC invocations=3 (full 0):
 PSYoungGen      total 29696K, used 4085K [0x00000000eab00000, 0x00000000ecc00000, 0x0000000100000000)
  eden space 25600K, 0% used [0x00000000eab00000,0x00000000eab00000,0x00000000ec400000)
  from space 4096K, 99% used [0x00000000ec400000,0x00000000ec7fd458,0x00000000ec800000)
  to   space 4096K, 0% used [0x00000000ec800000,0x00000000ec800000,0x00000000ecc00000)
 ParOldGen       total 68608K, used 5818K [0x00000000c0000000, 0x00000000c4300000, 0x00000000eab00000)
  object space 68608K, 8% used [0x00000000c0000000,0x00000000c05aebe8,0x00000000c4300000)
 Metaspace       used 9176K, committed 9536K, reserved 1114112K
  class space    used 922K, committed 1088K, reserved 1048576K
}
Event: 5.160 GC heap before
{Heap before GC invocations=4 (full 0):
 PSYoungGen      total 29696K, used 29685K [0x00000000eab00000, 0x00000000ecc00000, 0x0000000100000000)
  eden space 25600K, 100% used [0x00000000eab00000,0x00000000ec400000,0x00000000ec400000)
  from space 4096K, 99% used [0x00000000ec400000,0x00000000ec7fd458,0x00000000ec800000)
  to   space 4096K, 0% used [0x00000000ec800000,0x00000000ec800000,0x00000000ecc00000)
 ParOldGen       total 68608K, used 5818K [0x00000000c0000000, 0x00000000c4300000, 0x00000000eab00000)
  object space 68608K, 8% used [0x00000000c0000000,0x00000000c05aebe8,0x00000000c4300000)
 Metaspace       used 12179K, committed 12608K, reserved 1114112K
  class space    used 1214K, committed 1408K, reserved 1048576K
}
Event: 5.168 GC heap after
{Heap after GC invocations=4 (full 0):
 PSYoungGen      total 29696K, used 4094K [0x00000000eab00000, 0x00000000ecc00000, 0x0000000100000000)
  eden space 25600K, 0% used [0x00000000eab00000,0x00000000eab00000,0x00000000ec400000)
  from space 4096K, 99% used [0x00000000ec800000,0x00000000ecbff938,0x00000000ecc00000)
  to   space 4096K, 0% used [0x00000000ec400000,0x00000000ec400000,0x00000000ec800000)
 ParOldGen       total 68608K, used 6836K [0x00000000c0000000, 0x00000000c4300000, 0x00000000eab00000)
  object space 68608K, 9% used [0x00000000c0000000,0x00000000c06ad278,0x00000000c4300000)
 Metaspace       used 12179K, committed 12608K, reserved 1114112K
  class space    used 1214K, committed 1408K, reserved 1048576K
}
Event: 6.105 GC heap before
{Heap before GC invocations=5 (full 0):
 PSYoungGen      total 29696K, used 29694K [0x00000000eab00000, 0x00000000ecc00000, 0x0000000100000000)
  eden space 25600K, 100% used [0x00000000eab00000,0x00000000ec400000,0x00000000ec400000)
  from space 4096K, 99% used [0x00000000ec800000,0x00000000ecbff938,0x00000000ecc00000)
  to   space 4096K, 0% used [0x00000000ec400000,0x00000000ec400000,0x00000000ec800000)
 ParOldGen       total 68608K, used 6836K [0x00000000c0000000, 0x00000000c4300000, 0x00000000eab00000)
  object space 68608K, 9% used [0x00000000c0000000,0x00000000c06ad278,0x00000000c4300000)
 Metaspace       used 16088K, committed 16704K, reserved 1114112K
  class space    used 1607K, committed 1856K, reserved 1048576K
}
Event: 6.111 GC heap after
{Heap after GC invocations=5 (full 0):
 PSYoungGen      total 29184K, used 4093K [0x00000000eab00000, 0x00000000ece80000, 0x0000000100000000)
  eden space 25088K, 0% used [0x00000000eab00000,0x00000000eab00000,0x00000000ec380000)
  from space 4096K, 99% used [0x00000000ec400000,0x00000000ec7ff7f0,0x00000000ec800000)
  to   space 5632K, 0% used [0x00000000ec900000,0x00000000ec900000,0x00000000ece80000)
 ParOldGen       total 68608K, used 8178K [0x00000000c0000000, 0x00000000c4300000, 0x00000000eab00000)
  object space 68608K, 11% used [0x00000000c0000000,0x00000000c07fca70,0x00000000c4300000)
 Metaspace       used 16088K, committed 16704K, reserved 1114112K
  class space    used 1607K, committed 1856K, reserved 1048576K
}

Dll operation events (11 events):
Event: 0.029 Loaded shared library c:\Users\Abllaye Sagna\.vscode\extensions\redhat.java-1.41.1-win32-x64\jre\21.0.6-win32-x86_64\bin\java.dll
Event: 0.230 Loaded shared library c:\Users\Abllaye Sagna\.vscode\extensions\redhat.java-1.41.1-win32-x64\jre\21.0.6-win32-x86_64\bin\zip.dll
Event: 0.328 Loaded shared library C:\Users\Abllaye Sagna\.vscode\extensions\redhat.java-1.41.1-win32-x64\jre\21.0.6-win32-x86_64\bin\instrument.dll
Event: 0.341 Loaded shared library C:\Users\Abllaye Sagna\.vscode\extensions\redhat.java-1.41.1-win32-x64\jre\21.0.6-win32-x86_64\bin\net.dll
Event: 0.346 Loaded shared library C:\Users\Abllaye Sagna\.vscode\extensions\redhat.java-1.41.1-win32-x64\jre\21.0.6-win32-x86_64\bin\nio.dll
Event: 0.359 Loaded shared library C:\Users\Abllaye Sagna\.vscode\extensions\redhat.java-1.41.1-win32-x64\jre\21.0.6-win32-x86_64\bin\zip.dll
Event: 0.411 Loaded shared library C:\Users\Abllaye Sagna\.vscode\extensions\redhat.java-1.41.1-win32-x64\jre\21.0.6-win32-x86_64\bin\jimage.dll
Event: 0.631 Loaded shared library c:\Users\Abllaye Sagna\.vscode\extensions\redhat.java-1.41.1-win32-x64\jre\21.0.6-win32-x86_64\bin\verify.dll
Event: 3.591 Loaded shared library C:\Users\Abllaye Sagna\AppData\Roaming\Code\User\globalStorage\redhat.java\1.41.1\config_win\org.eclipse.equinox.launcher\org.eclipse.equinox.launcher.win32.win32.x86_64_1.2.1300.v20250331-1702\eclipse_11911.dll
Event: 5.859 Loaded shared library C:\Users\Abllaye Sagna\.vscode\extensions\redhat.java-1.41.1-win32-x64\jre\21.0.6-win32-x86_64\bin\management.dll
Event: 5.864 Loaded shared library C:\Users\Abllaye Sagna\.vscode\extensions\redhat.java-1.41.1-win32-x64\jre\21.0.6-win32-x86_64\bin\management_ext.dll

Deoptimization events (20 events):
Event: 5.749 Thread 0x000001345d94a610 Uncommon trap: trap_request=0xffffff45 fr.pc=0x0000013451fb2d78 relative=0x0000000000000fb8
Event: 5.749 Thread 0x000001345d94a610 Uncommon trap: reason=unstable_if action=reinterpret pc=0x0000013451fb2d78 method=lombok.patcher.PatchScript.classMatches(Ljava/lang/String;Ljava/util/Collection;)Z @ 25 c2
Event: 5.750 Thread 0x000001345d94a610 DEOPT PACKING pc=0x0000013451fb2d78 sp=0x0000002ecd4f6890
Event: 5.750 Thread 0x000001345d94a610 DEOPT UNPACKING pc=0x0000013451a13aa2 sp=0x0000002ecd4f6850 mode 2
Event: 5.759 Thread 0x000001345d94a610 Uncommon trap: trap_request=0xffffff45 fr.pc=0x00000134520b7b94 relative=0x0000000000000414
Event: 5.759 Thread 0x000001345d94a610 Uncommon trap: reason=unstable_if action=reinterpret pc=0x00000134520b7b94 method=java.util.regex.Pattern$BmpCharPropertyGreedy.match(Ljava/util/regex/Matcher;ILjava/lang/CharSequence;)Z @ 73 c2
Event: 5.759 Thread 0x000001345d94a610 DEOPT PACKING pc=0x00000134520b7b94 sp=0x0000002ecd4f58d0
Event: 5.759 Thread 0x000001345d94a610 DEOPT UNPACKING pc=0x0000013451a13aa2 sp=0x0000002ecd4f5890 mode 2
Event: 5.948 Thread 0x000001345d94a610 Uncommon trap: trap_request=0xffffff45 fr.pc=0x00000134520082d8 relative=0x00000000000000b8
Event: 5.948 Thread 0x000001345d94a610 Uncommon trap: reason=unstable_if action=reinterpret pc=0x00000134520082d8 method=org.eclipse.osgi.container.ModuleRevisionBuilder.unmodifiableMap(Ljava/util/Map;)Ljava/util/Map; @ 27 c2
Event: 5.948 Thread 0x000001345d94a610 DEOPT PACKING pc=0x00000134520082d8 sp=0x0000002ecd4f9470
Event: 5.948 Thread 0x000001345d94a610 DEOPT UNPACKING pc=0x0000013451a13aa2 sp=0x0000002ecd4f93f8 mode 2
Event: 6.031 Thread 0x000001345d94a610 Uncommon trap: trap_request=0xffffff45 fr.pc=0x00000134520bd2a8 relative=0x0000000000000088
Event: 6.031 Thread 0x000001345d94a610 Uncommon trap: reason=unstable_if action=reinterpret pc=0x00000134520bd2a8 method=java.lang.ref.SoftReference.get()Ljava/lang/Object; @ 6 c2
Event: 6.031 Thread 0x000001345d94a610 DEOPT PACKING pc=0x00000134520bd2a8 sp=0x0000002ecd4f9380
Event: 6.031 Thread 0x000001345d94a610 DEOPT UNPACKING pc=0x0000013451a13aa2 sp=0x0000002ecd4f9318 mode 2
Event: 6.113 Thread 0x000001345d94a610 Uncommon trap: trap_request=0xffffff45 fr.pc=0x0000013452080394 relative=0x0000000000000074
Event: 6.113 Thread 0x000001345d94a610 Uncommon trap: reason=unstable_if action=reinterpret pc=0x0000013452080394 method=java.lang.ref.ReferenceQueue.poll()Ljava/lang/ref/Reference; @ 4 c2
Event: 6.113 Thread 0x000001345d94a610 DEOPT PACKING pc=0x0000013452080394 sp=0x0000002ecd4ed2c0
Event: 6.113 Thread 0x000001345d94a610 DEOPT UNPACKING pc=0x0000013451a13aa2 sp=0x0000002ecd4ed248 mode 2

Classes loaded (20 events):
Event: 5.950 Loading class java/util/stream/ReferencePipeline$StatefulOp done
Event: 5.950 Loading class java/util/stream/SortedOps$OfRef done
Event: 5.952 Loading class java/util/stream/SortedOps$RefSortingSink
Event: 5.953 Loading class java/util/stream/SortedOps$AbstractRefSortingSink
Event: 5.953 Loading class java/util/stream/SortedOps$AbstractRefSortingSink done
Event: 5.953 Loading class java/util/stream/SortedOps$RefSortingSink done
Event: 5.980 Loading class java/util/zip/ZipOutputStream
Event: 5.981 Loading class java/util/zip/DeflaterOutputStream
Event: 5.981 Loading class java/util/zip/DeflaterOutputStream done
Event: 5.981 Loading class java/util/zip/ZipOutputStream done
Event: 5.990 Loading class java/io/FilenameFilter
Event: 5.990 Loading class java/io/FilenameFilter done
Event: 6.018 Loading class java/util/function/LongUnaryOperator
Event: 6.019 Loading class java/util/function/LongUnaryOperator done
Event: 6.019 Loading class java/lang/ThreadDeath
Event: 6.020 Loading class java/lang/ThreadDeath done
Event: 6.034 Loading class java/util/stream/SortedOps$SizedRefSortingSink
Event: 6.034 Loading class java/util/stream/SortedOps$SizedRefSortingSink done
Event: 6.073 Loading class java/util/concurrent/atomic/Striped64$1
Event: 6.073 Loading class java/util/concurrent/atomic/Striped64$1 done

Classes unloaded (0 events):
No events

Classes redefined (0 events):
No events

Internal exceptions (20 events):
Event: 5.201 Thread 0x000001345d94a610 Exception <a 'java/io/FileNotFoundException'{0x00000000eac07830}> (0x00000000eac07830) 
thrown [s\src\hotspot\share\prims\jni.cpp, line 520]
Event: 5.491 Thread 0x000001345d94a610 Exception <a 'java/lang/NoSuchMethodError'{0x00000000eb12b5d0}: 'java.lang.Object java.lang.invoke.Invokers$Holder.linkToTargetMethod(java.lang.Object, long, java.lang.Object)'> (0x00000000eb12b5d0) 
thrown [s\src\hotspot\share\interpreter\linkResolver.cpp, line 773]
Event: 5.624 Thread 0x000001345d94a610 Exception <a 'java/lang/NoSuchMethodError'{0x00000000eb448150}: 'void java.lang.invoke.DirectMethodHandle$Holder.invokeInterface(java.lang.Object, java.lang.Object, java.lang.Object)'> (0x00000000eb448150) 
thrown [s\src\hotspot\share\interpreter\linkResolver.cpp, line 773]
Event: 5.778 Thread 0x000001345d94a610 Exception <a 'java/lang/NoSuchMethodError'{0x00000000eb92d510}: 'java.lang.Object java.lang.invoke.DirectMethodHandle$Holder.invokeVirtual(java.lang.Object, java.lang.Object, java.lang.Object)'> (0x00000000eb92d510) 
thrown [s\src\hotspot\share\interpreter\linkResolver.cpp, line 773]
Event: 5.781 Thread 0x000001345d94a610 Exception <a 'java/lang/NoSuchMethodError'{0x00000000eb945c08}: 'java.lang.Object java.lang.invoke.DelegatingMethodHandle$Holder.reinvoke_L(java.lang.Object, java.lang.Object, java.lang.Object, java.lang.Object, int, int)'> (0x00000000eb945c08) 
thrown [s\src\hotspot\share\interpreter\linkResolver.cpp, line 773]
Event: 5.786 Thread 0x000001345d94a610 Exception <a 'java/lang/NoSuchMethodError'{0x00000000eb962928}: 'java.lang.Object java.lang.invoke.DirectMethodHandle$Holder.newInvokeSpecial(java.lang.Object, java.lang.Object, java.lang.Object, java.lang.Object, java.lang.Object, java.lang.Object)'> (0x00000000eb962928) 
thrown [s\src\hotspot\share\interpreter\linkResolver.cpp, line 773]
Event: 5.791 Thread 0x000001345d94a610 Exception <a 'java/lang/NoSuchMethodError'{0x00000000eb98ebf0}: 'void java.lang.invoke.Invokers$Holder.invokeExact_MT(java.lang.Object, java.lang.Object, java.lang.Object, java.lang.Object)'> (0x00000000eb98ebf0) 
thrown [s\src\hotspot\share\interpreter\linkResolver.cpp, line 773]
Event: 5.847 Thread 0x000001345d94a610 Exception <a 'java/io/FileNotFoundException'{0x00000000ebaca130}> (0x00000000ebaca130) 
thrown [s\src\hotspot\share\prims\jni.cpp, line 520]
Event: 5.854 Thread 0x000001345d94a610 Exception <a 'java/io/FileNotFoundException'{0x00000000ebaeb918}> (0x00000000ebaeb918) 
thrown [s\src\hotspot\share\prims\jni.cpp, line 520]
Event: 5.855 Thread 0x000001345d94a610 Exception <a 'java/io/FileNotFoundException'{0x00000000ebaf36d8}> (0x00000000ebaf36d8) 
thrown [s\src\hotspot\share\prims\jni.cpp, line 520]
Event: 5.989 Thread 0x000001345d94a610 Exception <a 'java/lang/NoSuchMethodError'{0x00000000ebf6a240}: 'java.lang.Object java.lang.invoke.DirectMethodHandle$Holder.newInvokeSpecial(java.lang.Object, java.lang.Object, java.lang.Object, java.lang.Object, java.lang.Object)'> (0x00000000ebf6a240) 
thrown [s\src\hotspot\share\interpreter\linkResolver.cpp, line 773]
Event: 6.016 Thread 0x000001345d94a610 Exception <a 'java/lang/NoSuchMethodError'{0x00000000ec071d60}: 'java.lang.Object java.lang.invoke.DirectMethodHandle$Holder.invokeSpecial(java.lang.Object, java.lang.Object, java.lang.Object, long, java.lang.Object)'> (0x00000000ec071d60) 
thrown [s\src\hotspot\share\interpreter\linkResolver.cpp, line 773]
Event: 6.017 Thread 0x000001345d94a610 Exception <a 'java/lang/NoSuchMethodError'{0x00000000ec0794f0}: 'java.lang.Object java.lang.invoke.DirectMethodHandle$Holder.newInvokeSpecial(java.lang.Object, java.lang.Object, java.lang.Object, long)'> (0x00000000ec0794f0) 
thrown [s\src\hotspot\share\interpreter\linkResolver.cpp, line 773]
Event: 6.017 Thread 0x000001345d94a610 Exception <a 'java/lang/NoSuchMethodError'{0x00000000ec07d170}: 'java.lang.Object java.lang.invoke.Invokers$Holder.linkToTargetMethod(java.lang.Object, java.lang.Object, long, java.lang.Object)'> (0x00000000ec07d170) 
thrown [s\src\hotspot\share\interpreter\linkResolver.cpp, line 773]
Event: 6.050 Thread 0x000001345d94a610 Exception <a 'java/lang/IncompatibleClassChangeError'{0x00000000ec1a1110}: Found class java.lang.Object, but interface was expected> (0x00000000ec1a1110) 
thrown [s\src\hotspot\share\interpreter\linkResolver.cpp, line 840]
Event: 6.051 Thread 0x000001345d94a610 Exception <a 'java/lang/NoSuchMethodError'{0x00000000ec1a4ae0}: 'java.lang.Object java.lang.invoke.DirectMethodHandle$Holder.invokeSpecial(java.lang.Object, java.lang.Object, java.lang.Object, int, java.lang.Object, java.lang.Object)'> (0x00000000ec1a4ae0) 
thrown [s\src\hotspot\share\interpreter\linkResolver.cpp, line 773]
Event: 6.052 Thread 0x000001345d94a610 Exception <a 'java/lang/NoSuchMethodError'{0x00000000ec1ac378}: 'java.lang.Object java.lang.invoke.DirectMethodHandle$Holder.newInvokeSpecial(java.lang.Object, java.lang.Object, java.lang.Object, int, java.lang.Object)'> (0x00000000ec1ac378) 
thrown [s\src\hotspot\share\interpreter\linkResolver.cpp, line 773]
Event: 6.053 Thread 0x000001345d94a610 Exception <a 'java/lang/NoSuchMethodError'{0x00000000ec1afe68}: 'java.lang.Object java.lang.invoke.Invokers$Holder.linkToTargetMethod(java.lang.Object, java.lang.Object, int, java.lang.Object, java.lang.Object)'> (0x00000000ec1afe68) 
thrown [s\src\hotspot\share\interpreter\linkResolver.cpp, line 773]
Event: 6.054 Thread 0x0000013462231060 Exception <a 'java/lang/NoSuchMethodError'{0x00000000ec0b21b8}: 'java.lang.Object java.lang.invoke.DirectMethodHandle$Holder.invokeSpecial(java.lang.Object, java.lang.Object, int, java.lang.Object, java.lang.Object)'> (0x00000000ec0b21b8) 
thrown [s\src\hotspot\share\interpreter\linkResolver.cpp, line 773]
Event: 6.076 Thread 0x000001345d94a610 Exception <a 'java/lang/NoSuchMethodError'{0x00000000ec2d0460}: 'void java.lang.invoke.DirectMethodHandle$Holder.invokeSpecial(java.lang.Object, java.lang.Object, java.lang.Object, java.lang.Object, java.lang.Object)'> (0x00000000ec2d0460) 
thrown [s\src\hotspot\share\interpreter\linkResolver.cpp, line 773]

ZGC Phase Switch (0 events):
No events

VM Operations (20 events):
Event: 3.837 Executing VM operation: HandshakeAllThreads (Deoptimize)
Event: 3.837 Executing VM operation: HandshakeAllThreads (Deoptimize) done
Event: 3.863 Executing VM operation: HandshakeAllThreads (Deoptimize)
Event: 3.864 Executing VM operation: HandshakeAllThreads (Deoptimize) done
Event: 4.314 Executing VM operation: ParallelGCFailedAllocation (Allocation Failure)
Event: 4.323 Executing VM operation: ParallelGCFailedAllocation (Allocation Failure) done
Event: 4.557 Executing VM operation: HandshakeAllThreads (Deoptimize)
Event: 4.557 Executing VM operation: HandshakeAllThreads (Deoptimize) done
Event: 4.699 Executing VM operation: HandshakeAllThreads (Deoptimize)
Event: 4.699 Executing VM operation: HandshakeAllThreads (Deoptimize) done
Event: 5.159 Executing VM operation: ParallelGCFailedAllocation (Allocation Failure)
Event: 5.168 Executing VM operation: ParallelGCFailedAllocation (Allocation Failure) done
Event: 5.951 Executing VM operation: HandshakeAllThreads (Deoptimize)
Event: 5.952 Executing VM operation: HandshakeAllThreads (Deoptimize) done
Event: 6.070 Executing VM operation: HandshakeAllThreads (Deoptimize)
Event: 6.070 Executing VM operation: HandshakeAllThreads (Deoptimize) done
Event: 6.073 Executing VM operation: ICBufferFull
Event: 6.074 Executing VM operation: ICBufferFull done
Event: 6.105 Executing VM operation: ParallelGCFailedAllocation (Allocation Failure)
Event: 6.111 Executing VM operation: ParallelGCFailedAllocation (Allocation Failure) done

Memory protections (0 events):
No events

Nmethod flushes (0 events):
No events

Events (20 events):
Event: 2.287 Thread 0x000001345b64abf0 Thread added: 0x00000134620040a0
Event: 3.036 Thread 0x00000134620040a0 Thread exited: 0x00000134620040a0
Event: 3.040 Thread 0x000001345d9cf690 Thread exited: 0x000001345d9cf690
Event: 3.121 Thread 0x0000013447290650 Thread added: 0x00000134621baab0
Event: 3.498 Thread 0x000001345b68b750 Thread added: 0x000001345db64350
Event: 3.573 Thread 0x000001345b68b750 Thread added: 0x0000013462271af0
Event: 3.577 Thread 0x0000013447290650 Thread added: 0x000001346260bcd0
Event: 3.641 Thread 0x000001346260bcd0 Thread added: 0x000001345d949be0
Event: 3.647 Thread 0x0000013447290650 Thread added: 0x000001345d94a610
Event: 4.167 Thread 0x000001345d94a610 Thread added: 0x0000013462794740
Event: 4.508 Thread 0x000001345d94a610 Thread added: 0x000001345d9594b0
Event: 4.571 Thread 0x0000013462271af0 Thread exited: 0x0000013462271af0
Event: 4.638 Thread 0x000001345db64350 Thread exited: 0x000001345db64350
Event: 4.676 Thread 0x000001345d94a610 Thread added: 0x0000013462271ac0
Event: 4.954 Thread 0x000001345b68b750 Thread added: 0x000001345dbb06e0
Event: 5.637 Thread 0x000001345d94a610 Thread added: 0x000001346222fcb0
Event: 5.639 Thread 0x000001345dbb06e0 Thread exited: 0x000001345dbb06e0
Event: 6.010 Thread 0x000001345b68b750 Thread added: 0x000001346215a6d0
Event: 6.024 Thread 0x000001345d94a610 Thread added: 0x0000013462231060
Event: 6.055 Thread 0x000001345d94a610 Thread added: 0x0000013462232410


Dynamic libraries:
0x00007ff7e3f90000 - 0x00007ff7e3f9e000 	c:\Users\Abllaye Sagna\.vscode\extensions\redhat.java-1.41.1-win32-x64\jre\21.0.6-win32-x86_64\bin\java.exe
0x00007ffca4ad0000 - 0x00007ffca4cc8000 	C:\Windows\SYSTEM32\ntdll.dll
0x00007ffca3d70000 - 0x00007ffca3e32000 	C:\Windows\System32\KERNEL32.DLL
0x00007ffca22c0000 - 0x00007ffca25b6000 	C:\Windows\System32\KERNELBASE.dll
0x00007ffca2770000 - 0x00007ffca2870000 	C:\Windows\System32\ucrtbase.dll
0x00007ffc81e80000 - 0x00007ffc81e98000 	c:\Users\Abllaye Sagna\.vscode\extensions\redhat.java-1.41.1-win32-x64\jre\21.0.6-win32-x86_64\bin\jli.dll
0x00007ffc7abf0000 - 0x00007ffc7ac0e000 	c:\Users\Abllaye Sagna\.vscode\extensions\redhat.java-1.41.1-win32-x64\jre\21.0.6-win32-x86_64\bin\VCRUNTIME140.dll
0x00007ffca3610000 - 0x00007ffca37ad000 	C:\Windows\System32\USER32.dll
0x00007ffca2870000 - 0x00007ffca2892000 	C:\Windows\System32\win32u.dll
0x00007ffc8b610000 - 0x00007ffc8b8aa000 	C:\Windows\WinSxS\amd64_microsoft.windows.common-controls_6595b64144ccf1df_6.0.19041.4355_none_60b8b9eb71f62e16\COMCTL32.dll
0x00007ffca3e40000 - 0x00007ffca3e6b000 	C:\Windows\System32\GDI32.dll
0x00007ffca3300000 - 0x00007ffca339e000 	C:\Windows\System32\msvcrt.dll
0x00007ffca25c0000 - 0x00007ffca26da000 	C:\Windows\System32\gdi32full.dll
0x00007ffca29a0000 - 0x00007ffca2a3d000 	C:\Windows\System32\msvcp_win.dll
0x00007ffca45e0000 - 0x00007ffca460f000 	C:\Windows\System32\IMM32.DLL
0x00007ffc8bac0000 - 0x00007ffc8bacc000 	c:\Users\Abllaye Sagna\.vscode\extensions\redhat.java-1.41.1-win32-x64\jre\21.0.6-win32-x86_64\bin\vcruntime140_1.dll
0x00007ffc4c1d0000 - 0x00007ffc4c25d000 	c:\Users\Abllaye Sagna\.vscode\extensions\redhat.java-1.41.1-win32-x64\jre\21.0.6-win32-x86_64\bin\msvcp140.dll
0x00007ffc402c0000 - 0x00007ffc41050000 	c:\Users\Abllaye Sagna\.vscode\extensions\redhat.java-1.41.1-win32-x64\jre\21.0.6-win32-x86_64\bin\server\jvm.dll
0x00007ffca33a0000 - 0x00007ffca344f000 	C:\Windows\System32\ADVAPI32.dll
0x00007ffca2de0000 - 0x00007ffca2e7f000 	C:\Windows\System32\sechost.dll
0x00007ffca3460000 - 0x00007ffca3583000 	C:\Windows\System32\RPCRT4.dll
0x00007ffca2920000 - 0x00007ffca2947000 	C:\Windows\System32\bcrypt.dll
0x00007ffca4880000 - 0x00007ffca48eb000 	C:\Windows\System32\WS2_32.dll
0x00007ffca1f10000 - 0x00007ffca1f5b000 	C:\Windows\SYSTEM32\POWRPROF.dll
0x00007ffc87070000 - 0x00007ffc87097000 	C:\Windows\SYSTEM32\WINMM.dll
0x00007ffc972d0000 - 0x00007ffc972da000 	C:\Windows\SYSTEM32\VERSION.dll
0x00007ffca1ef0000 - 0x00007ffca1f02000 	C:\Windows\SYSTEM32\UMPDC.dll
0x00007ffca0940000 - 0x00007ffca0952000 	C:\Windows\SYSTEM32\kernel.appcore.dll
0x00007ffc7c790000 - 0x00007ffc7c79a000 	c:\Users\Abllaye Sagna\.vscode\extensions\redhat.java-1.41.1-win32-x64\jre\21.0.6-win32-x86_64\bin\jimage.dll
0x00007ffca0670000 - 0x00007ffca0854000 	C:\Windows\SYSTEM32\DBGHELP.DLL
0x00007ffc7b590000 - 0x00007ffc7b5c4000 	C:\Windows\SYSTEM32\dbgcore.DLL
0x00007ffca26e0000 - 0x00007ffca2762000 	C:\Windows\System32\bcryptPrimitives.dll
0x00007ffc7c4a0000 - 0x00007ffc7c4af000 	c:\Users\Abllaye Sagna\.vscode\extensions\redhat.java-1.41.1-win32-x64\jre\21.0.6-win32-x86_64\bin\instrument.dll
0x00007ffc63a20000 - 0x00007ffc63a3f000 	c:\Users\Abllaye Sagna\.vscode\extensions\redhat.java-1.41.1-win32-x64\jre\21.0.6-win32-x86_64\bin\java.dll
0x00007ffca3e70000 - 0x00007ffca45df000 	C:\Windows\System32\SHELL32.dll
0x00007ffc9fdf0000 - 0x00007ffca0593000 	C:\Windows\SYSTEM32\windows.storage.dll
0x00007ffca3a10000 - 0x00007ffca3d65000 	C:\Windows\System32\combase.dll
0x00007ffca19e0000 - 0x00007ffca1a0b000 	C:\Windows\SYSTEM32\Wldp.dll
0x00007ffca2d10000 - 0x00007ffca2ddd000 	C:\Windows\System32\OLEAUT32.dll
0x00007ffca3960000 - 0x00007ffca3a0d000 	C:\Windows\System32\SHCORE.dll
0x00007ffca2af0000 - 0x00007ffca2b45000 	C:\Windows\System32\shlwapi.dll
0x00007ffca2090000 - 0x00007ffca20b5000 	C:\Windows\SYSTEM32\profapi.dll
0x00007ffc633f0000 - 0x00007ffc63408000 	c:\Users\Abllaye Sagna\.vscode\extensions\redhat.java-1.41.1-win32-x64\jre\21.0.6-win32-x86_64\bin\zip.dll
0x00007ffc7ad30000 - 0x00007ffc7ad40000 	C:\Users\Abllaye Sagna\.vscode\extensions\redhat.java-1.41.1-win32-x64\jre\21.0.6-win32-x86_64\bin\net.dll
0x00007ffc95320000 - 0x00007ffc9542a000 	C:\Windows\SYSTEM32\WINHTTP.dll
0x00007ffca17c0000 - 0x00007ffca182c000 	C:\Windows\system32\mswsock.dll
0x00007ffc63250000 - 0x00007ffc63266000 	C:\Users\Abllaye Sagna\.vscode\extensions\redhat.java-1.41.1-win32-x64\jre\21.0.6-win32-x86_64\bin\nio.dll
0x00007ffc78d40000 - 0x00007ffc78d50000 	c:\Users\Abllaye Sagna\.vscode\extensions\redhat.java-1.41.1-win32-x64\jre\21.0.6-win32-x86_64\bin\verify.dll
0x00007ffc72b60000 - 0x00007ffc72ba5000 	C:\Users\Abllaye Sagna\AppData\Roaming\Code\User\globalStorage\redhat.java\1.41.1\config_win\org.eclipse.equinox.launcher\org.eclipse.equinox.launcher.win32.win32.x86_64_1.2.1300.v20250331-1702\eclipse_11911.dll
0x00007ffca2be0000 - 0x00007ffca2d0b000 	C:\Windows\System32\ole32.dll
0x00007ffc81f00000 - 0x00007ffc81f0a000 	C:\Users\Abllaye Sagna\.vscode\extensions\redhat.java-1.41.1-win32-x64\jre\21.0.6-win32-x86_64\bin\management.dll
0x00007ffc81ef0000 - 0x00007ffc81efb000 	C:\Users\Abllaye Sagna\.vscode\extensions\redhat.java-1.41.1-win32-x64\jre\21.0.6-win32-x86_64\bin\management_ext.dll
0x00007ffca4790000 - 0x00007ffca4798000 	C:\Windows\System32\PSAPI.DLL

dbghelp: loaded successfully - version: 4.0.5 - missing functions: none
symbol engine: initialized successfully - sym options: 0x614 - pdb path: .;c:\Users\Abllaye Sagna\.vscode\extensions\redhat.java-1.41.1-win32-x64\jre\21.0.6-win32-x86_64\bin;C:\Windows\SYSTEM32;C:\Windows\WinSxS\amd64_microsoft.windows.common-controls_6595b64144ccf1df_6.0.19041.4355_none_60b8b9eb71f62e16;c:\Users\Abllaye Sagna\.vscode\extensions\redhat.java-1.41.1-win32-x64\jre\21.0.6-win32-x86_64\bin\server;C:\Users\Abllaye Sagna\AppData\Roaming\Code\User\globalStorage\redhat.java\1.41.1\config_win\org.eclipse.equinox.launcher\org.eclipse.equinox.launcher.win32.win32.x86_64_1.2.1300.v20250331-1702

VM Arguments:
jvm_args: --add-modules=ALL-SYSTEM --add-opens=java.base/java.util=ALL-UNNAMED --add-opens=java.base/java.lang=ALL-UNNAMED --add-opens=java.base/sun.nio.fs=ALL-UNNAMED -Declipse.application=org.eclipse.jdt.ls.core.id1 -Dosgi.bundles.defaultStartLevel=4 -Declipse.product=org.eclipse.jdt.ls.core.product -Djava.import.generatesMetadataFilesAtProjectRoot=false -DDetectVMInstallationsJob.disabled=true -Dfile.encoding=utf8 -XX:+UseParallelGC -XX:GCTimeRatio=4 -XX:AdaptiveSizePolicyWeight=90 -Dsun.zip.disableMemoryMapping=true -Xmx1G -Xms100m -Xlog:disable -javaagent:c:\Users\Abllaye Sagna\.vscode\extensions\redhat.java-1.41.1-win32-x64\lombok\lombok-1.18.36.jar -XX:+HeapDumpOnOutOfMemoryError -XX:HeapDumpPath=c:\Users\Abllaye Sagna\AppData\Roaming\Code\User\workspaceStorage\6b7f365eda9147d9c21f87dc6ac22f9c\redhat.java -Daether.dependencyCollector.impl=bf 
java_command: c:\Users\Abllaye Sagna\.vscode\extensions\redhat.java-1.41.1-win32-x64\server\plugins\org.eclipse.equinox.launcher_1.7.0.v20250331-1702.jar -configuration c:\Users\Abllaye Sagna\AppData\Roaming\Code\User\globalStorage\redhat.java\1.41.1\config_win -data c:\Users\Abllaye Sagna\AppData\Roaming\Code\User\workspaceStorage\6b7f365eda9147d9c21f87dc6ac22f9c\redhat.java\jdt_ws --pipe=\\.\pipe\lsp-3473447573392384608cf15fc6931c59-sock
java_class_path (initial): c:\Users\Abllaye Sagna\.vscode\extensions\redhat.java-1.41.1-win32-x64\server\plugins\org.eclipse.equinox.launcher_1.7.0.v20250331-1702.jar
Launcher Type: SUN_STANDARD

[Global flags]
    uintx AdaptiveSizePolicyWeight                 = 90                                        {product} {command line}
     intx CICompilerCount                          = 4                                         {product} {ergonomic}
    uintx GCTimeRatio                              = 4                                         {product} {command line}
     bool HeapDumpOnOutOfMemoryError               = true                                   {manageable} {command line}
    ccstr HeapDumpPath                             = c:\Users\Abllaye Sagna\AppData\Roaming\Code\User\workspaceStorage\6b7f365eda9147d9c21f87dc6ac22f9c\redhat.java         {manageable} {command line}
   size_t InitialHeapSize                          = 104857600                                 {product} {command line}
   size_t MaxHeapSize                              = 1073741824                                {product} {command line}
   size_t MaxNewSize                               = 357564416                                 {product} {ergonomic}
   size_t MinHeapDeltaBytes                        = 524288                                    {product} {ergonomic}
   size_t MinHeapSize                              = 104857600                                 {product} {command line}
   size_t NewSize                                  = 34603008                                  {product} {ergonomic}
    uintx NonNMethodCodeHeapSize                   = 5839372                                {pd product} {ergonomic}
    uintx NonProfiledCodeHeapSize                  = 122909434                              {pd product} {ergonomic}
   size_t OldSize                                  = 70254592                                  {product} {ergonomic}
    uintx ProfiledCodeHeapSize                     = 122909434                              {pd product} {ergonomic}
    uintx ReservedCodeCacheSize                    = 251658240                              {pd product} {ergonomic}
     bool SegmentedCodeCache                       = true                                      {product} {ergonomic}
   size_t SoftMaxHeapSize                          = 1073741824                             {manageable} {ergonomic}
     bool UseCompressedOops                        = true                           {product lp64_product} {ergonomic}
     bool UseLargePagesIndividualAllocation        = false                                  {pd product} {ergonomic}
     bool UseParallelGC                            = true                                      {product} {command line}

Logging:
Log output configuration:
 #0: stdout all=off uptime,level,tags foldmultilines=false
 #1: stderr all=off uptime,level,tags foldmultilines=false

Environment Variables:
PATH=C:\Python312\Scripts\;C:\Python312\;E:\app\Abllaye_Sagna\product\11.2.0\dbhome_1\bin;\bin;C:\Program Files\Common Files\Oracle\Java\javapath;C:\Windows\system32;C:\Windows;C:\Windows\System32\Wbem;C:\Windows\System32\WindowsPowerShell\v1.0\;C:\Windows\System32\OpenSSH\;C:\Program Files\swipl\bin;C:\Program Files\nodejs\;C:\ProgramData\chocolatey\bin;C:\ProgramData\ComposerSetup\bin;C:\wamp64\bin\php\php8.3.0;C:\redis;C:\Program Files\dotnet\;C:\Program Files\Git\cmd;C:\Program Files\Java\jdk-23\bin;;C:\Program Files\Docker\Docker\resources\bin;C:\Users\Abllaye Sagna\AppData\Local\Microsoft\WindowsApps;C:\Users\Abllaye Sagna\AppData\Local\Programs\Microsoft VS Code\bin;C:\Users\Abllaye Sagna\AppData\Roaming\npm;C:\Users\Abllaye Sagna\AppData\Roaming\Composer\vendor\bin;E:\Programme Installe\IntelliJ IDEA Community Edition 2024.3\bin;;C:\Users\Abllaye Sagna\AppData\Local\Muse Hub\lib;C:\Program Files\Java\jdk-23\bin;
USERNAME=Abllaye Sagna
OS=Windows_NT
PROCESSOR_IDENTIFIER=Intel64 Family 6 Model 142 Stepping 10, GenuineIntel
TMP=C:\Users\ABLLAY~1\AppData\Local\Temp
TEMP=C:\Users\ABLLAY~1\AppData\Local\Temp




Periodic native trim disabled

---------------  S Y S T E M  ---------------

OS:
 Windows 10 , 64 bit Build 19041 (10.0.19041.5678)
OS uptime: 1 days 14:22 hours
Hyper-V role detected

CPU: total 8 (initial active 8) (4 cores per cpu, 2 threads per core) family 6 model 142 stepping 10 microcode 0xf6, cx8, cmov, fxsr, ht, mmx, 3dnowpref, sse, sse2, sse3, ssse3, sse4.1, sse4.2, popcnt, lzcnt, tsc, tscinvbit, avx, avx2, aes, erms, clmul, bmi1, bmi2, rtm, adx, fma, vzeroupper, clflush, clflushopt, hv, rdtscp, f16c
Processor Information for the first 8 processors :
  Max Mhz: 1896, Current Mhz: 1696, Mhz Limit: 1687

Memory: 4k page, system-wide physical 8051M (863M free)
TotalPageFile size 24051M (AvailPageFile size 327M)
current process WorkingSet (physical memory assigned to process): 121M, peak: 121M
current process commit charge ("private bytes"): 228M, peak: 228M

vm_info: OpenJDK 64-Bit Server VM (21.0.6+7-LTS) for windows-amd64 JRE (21.0.6+7-LTS), built on 2025-01-21T00:00:00Z by "admin" with MS VC++ 17.7 (VS2022)

END.
