#
# There is insufficient memory for the Java Runtime Environment to continue.
# Native memory allocation (malloc) failed to allocate 467136 bytes. Error detail: Chunk::new
# Possible reasons:
#   The system is out of physical RAM or swap space
#   This process is running with CompressedOops enabled, and the Java Heap may be blocking the growth of the native heap
# Possible solutions:
#   Reduce memory load on the system
#   Increase physical memory or swap space
#   Check if swap backing store is full
#   Decrease Java heap size (-Xmx/-Xms)
#   Decrease number of Java threads
#   Decrease Java thread stack sizes (-Xss)
#   Set larger code cache with -XX:ReservedCodeCacheSize=
#   JVM is running with Unscaled Compressed Oops mode in which the Java heap is
#     placed in the first 4GB address space. The Java Heap base address is the
#     maximum limit for the native heap growth. Please use -XX:HeapBaseMinAddress
#     to set the Java Heap base and to place the Java Heap above 4GB virtual address.
# This output file may be truncated or incomplete.
#
#  Out of Memory Error (arena.cpp:168), pid=20224, tid=20284
#
# JRE version: OpenJDK Runtime Environment Temurin-21.0.6+7 (21.0.6+7) (build 21.0.6+7-LTS)
# Java VM: OpenJDK 64-Bit Server VM Temurin-21.0.6+7 (21.0.6+7-LTS, mixed mode, sharing, tiered, compressed oops, compressed class ptrs, parallel gc, windows-amd64)
# No core dump will be written. Minidumps are not enabled by default on client versions of Windows
#

---------------  S U M M A R Y ------------

Command Line: --add-modules=ALL-SYSTEM --add-opens=java.base/java.util=ALL-UNNAMED --add-opens=java.base/java.lang=ALL-UNNAMED --add-opens=java.base/sun.nio.fs=ALL-UNNAMED -Declipse.application=org.eclipse.jdt.ls.core.id1 -Dosgi.bundles.defaultStartLevel=4 -Declipse.product=org.eclipse.jdt.ls.core.product -Djava.import.generatesMetadataFilesAtProjectRoot=false -DDetectVMInstallationsJob.disabled=true -Dfile.encoding=utf8 -XX:+UseParallelGC -XX:GCTimeRatio=4 -XX:AdaptiveSizePolicyWeight=90 -Dsun.zip.disableMemoryMapping=true -Xmx1G -Xms100m -Xlog:disable -javaagent:c:\Users\Abllaye Sagna\.vscode\extensions\redhat.java-1.41.1-win32-x64\lombok\lombok-1.18.36.jar -XX:+HeapDumpOnOutOfMemoryError -XX:HeapDumpPath=c:\Users\Abllaye Sagna\AppData\Roaming\Code\User\workspaceStorage\6b7f365eda9147d9c21f87dc6ac22f9c\redhat.java -Daether.dependencyCollector.impl=bf c:\Users\Abllaye Sagna\.vscode\extensions\redhat.java-1.41.1-win32-x64\server\plugins\org.eclipse.equinox.launcher_1.7.0.v20250331-1702.jar -configuration c:\Users\Abllaye Sagna\AppData\Roaming\Code\User\globalStorage\redhat.java\1.41.1\config_win -data c:\Users\Abllaye Sagna\AppData\Roaming\Code\User\workspaceStorage\6b7f365eda9147d9c21f87dc6ac22f9c\redhat.java\jdt_ws --pipe=\\.\pipe\lsp-51c7e1ee5730b87cd507ccaabf87e4ad-sock

Host: Intel(R) Core(TM) i5-8350U CPU @ 1.70GHz, 8 cores, 7G,  Windows 10 , 64 bit Build 19041 (10.0.19041.5678)
Time: Fri Apr 11 09:29:16 2025 Greenwich elapsed time: 33.923830 seconds (0d 0h 0m 33s)

---------------  T H R E A D  ---------------

Current thread (0x0000026effac55b0):  JavaThread "C2 CompilerThread0" daemon [_thread_in_native, id=20284, stack(0x00000083e2e00000,0x00000083e2f00000) (1024K)]


Current CompileTask:
C2:33923 11433       4       org.eclipse.jdt.internal.core.index.DiskIndex::writeDocumentNumbers (384 bytes)

Stack: [0x00000083e2e00000,0x00000083e2f00000]
Native frames: (J=compiled Java code, j=interpreted, Vv=VM code, C=native code)
V  [jvm.dll+0x6cdee9]
V  [jvm.dll+0x8a83d1]
V  [jvm.dll+0x8aa8fe]
V  [jvm.dll+0x8aafe3]
V  [jvm.dll+0x27f706]
V  [jvm.dll+0xc500d]
V  [jvm.dll+0xc5543]
V  [jvm.dll+0x2f2acd]
V  [jvm.dll+0x5f6a2a]
V  [jvm.dll+0x250bb2]
V  [jvm.dll+0x250f6f]
V  [jvm.dll+0x249834]
V  [jvm.dll+0x246ec4]
V  [jvm.dll+0x1c75ee]
V  [jvm.dll+0x25685a]
V  [jvm.dll+0x254dfa]
V  [jvm.dll+0x3f0256]
V  [jvm.dll+0x851f8b]
V  [jvm.dll+0x6cc5ed]
C  [ucrtbase.dll+0x21bb2]
C  [KERNEL32.DLL+0x17374]
C  [ntdll.dll+0x4cc91]


---------------  P R O C E S S  ---------------

Threads class SMR info:
_java_thread_list=0x0000026ed9d40860, length=49, elements={
0x0000026efc703770, 0x0000026effab0e50, 0x0000026effab2d60, 0x0000026effab58d0,
0x0000026effab8970, 0x0000026effabcdc0, 0x0000026effac18c0, 0x0000026effac55b0,
0x0000026effac6040, 0x0000026efc7714a0, 0x0000026ed3895ed0, 0x0000026ed8439160,
0x0000026ed8c60e70, 0x0000026ed8949870, 0x0000026ed81958a0, 0x0000026ed932bb20,
0x0000026ed92ae3d0, 0x0000026ed9393b10, 0x0000026ed9396270, 0x0000026ed9395550,
0x0000026ed9395be0, 0x0000026ed9396900, 0x0000026ed93941a0, 0x0000026ed9393480,
0x0000026ed9394830, 0x0000026ed9394ec0, 0x0000026ed9c9a1e0, 0x0000026ed9c99b50,
0x0000026ed9c9a870, 0x0000026ed9c9af00, 0x0000026ed9c973f0, 0x0000026ed9c966d0,
0x0000026ed9c97a80, 0x0000026ed9c98110, 0x0000026ed9c987a0, 0x0000026ed9c9bc20,
0x0000026ed9c9b590, 0x0000026ed9c9c2b0, 0x0000026ed9c98e30, 0x0000026ed9c994c0,
0x0000026ed9c96040, 0x0000026ed9c9d660, 0x0000026ed9c96d60, 0x0000026ee37bbac0,
0x0000026ee37bc150, 0x0000026ee37b5850, 0x0000026ee37b6c00, 0x0000026ee37b8cd0,
0x0000026ee37ba710
}

Java Threads: ( => current thread )
  0x0000026efc703770 JavaThread "main"                              [_thread_blocked, id=6692, stack(0x00000083e2400000,0x00000083e2500000) (1024K)]
  0x0000026effab0e50 JavaThread "Reference Handler"          daemon [_thread_blocked, id=20024, stack(0x00000083e2800000,0x00000083e2900000) (1024K)]
  0x0000026effab2d60 JavaThread "Finalizer"                  daemon [_thread_blocked, id=7048, stack(0x00000083e2900000,0x00000083e2a00000) (1024K)]
  0x0000026effab58d0 JavaThread "Signal Dispatcher"          daemon [_thread_blocked, id=14380, stack(0x00000083e2a00000,0x00000083e2b00000) (1024K)]
  0x0000026effab8970 JavaThread "Attach Listener"            daemon [_thread_blocked, id=13608, stack(0x00000083e2b00000,0x00000083e2c00000) (1024K)]
  0x0000026effabcdc0 JavaThread "Service Thread"             daemon [_thread_blocked, id=16292, stack(0x00000083e2c00000,0x00000083e2d00000) (1024K)]
  0x0000026effac18c0 JavaThread "Monitor Deflation Thread"   daemon [_thread_blocked, id=6140, stack(0x00000083e2d00000,0x00000083e2e00000) (1024K)]
=>0x0000026effac55b0 JavaThread "C2 CompilerThread0"         daemon [_thread_in_native, id=20284, stack(0x00000083e2e00000,0x00000083e2f00000) (1024K)]
  0x0000026effac6040 JavaThread "C1 CompilerThread0"         daemon [_thread_blocked, id=2272, stack(0x00000083e2f00000,0x00000083e3000000) (1024K)]
  0x0000026efc7714a0 JavaThread "Common-Cleaner"             daemon [_thread_blocked, id=7240, stack(0x00000083e3000000,0x00000083e3100000) (1024K)]
  0x0000026ed3895ed0 JavaThread "Notification Thread"        daemon [_thread_blocked, id=19632, stack(0x00000083e3200000,0x00000083e3300000) (1024K)]
  0x0000026ed8439160 JavaThread "Active Thread: Equinox Container: cb8e876a-277d-412e-aa2c-f077fea77247"        [_thread_blocked, id=9324, stack(0x00000083e3900000,0x00000083e3a00000) (1024K)]
  0x0000026ed8c60e70 JavaThread "Refresh Thread: Equinox Container: cb8e876a-277d-412e-aa2c-f077fea77247" daemon [_thread_blocked, id=7704, stack(0x00000083e3a00000,0x00000083e3b00000) (1024K)]
  0x0000026ed8949870 JavaThread "Framework Event Dispatcher: Equinox Container: cb8e876a-277d-412e-aa2c-f077fea77247" daemon [_thread_blocked, id=9456, stack(0x00000083e3c00000,0x00000083e3d00000) (1024K)]
  0x0000026ed81958a0 JavaThread "Start Level: Equinox Container: cb8e876a-277d-412e-aa2c-f077fea77247" daemon [_thread_blocked, id=18876, stack(0x00000083e3d00000,0x00000083e3e00000) (1024K)]
  0x0000026ed932bb20 JavaThread "Bundle File Closer"         daemon [_thread_blocked, id=10180, stack(0x00000083e3e00000,0x00000083e3f00000) (1024K)]
  0x0000026ed92ae3d0 JavaThread "SCR Component Actor"        daemon [_thread_blocked, id=12720, stack(0x00000083e3f00000,0x00000083e4000000) (1024K)]
  0x0000026ed9393b10 JavaThread "Worker-JM"                         [_thread_blocked, id=14924, stack(0x00000083e4100000,0x00000083e4200000) (1024K)]
  0x0000026ed9396270 JavaThread "JNA Cleaner"                daemon [_thread_blocked, id=19536, stack(0x00000083e3100000,0x00000083e3200000) (1024K)]
  0x0000026ed9395550 JavaThread "Worker-0"                          [_thread_blocked, id=19444, stack(0x00000083e4200000,0x00000083e4300000) (1024K)]
  0x0000026ed9395be0 JavaThread "Worker-1: Initialize workspace"        [_thread_blocked, id=19648, stack(0x00000083e4300000,0x00000083e4400000) (1024K)]
  0x0000026ed9396900 JavaThread "Worker-2"                          [_thread_blocked, id=17228, stack(0x00000083e4500000,0x00000083e4600000) (1024K)]
  0x0000026ed93941a0 JavaThread "Java indexing"              daemon [_thread_in_native, id=15412, stack(0x00000083e4600000,0x00000083e4700000) (1024K)]
  0x0000026ed9393480 JavaThread "Worker-3: Java indexing... "        [_thread_blocked, id=21024, stack(0x00000083e4900000,0x00000083e4a00000) (1024K)]
  0x0000026ed9394830 JavaThread "Worker-4"                          [_thread_blocked, id=13188, stack(0x00000083e4a00000,0x00000083e4b00000) (1024K)]
  0x0000026ed9394ec0 JavaThread "Worker-5"                          [_thread_blocked, id=13872, stack(0x00000083e4b00000,0x00000083e4c00000) (1024K)]
  0x0000026ed9c9a1e0 JavaThread "Thread-2"                   daemon [_thread_in_native, id=18784, stack(0x00000083e4c00000,0x00000083e4d00000) (1024K)]
  0x0000026ed9c99b50 JavaThread "Thread-3"                   daemon [_thread_in_native, id=9332, stack(0x00000083e4d00000,0x00000083e4e00000) (1024K)]
  0x0000026ed9c9a870 JavaThread "Thread-4"                   daemon [_thread_in_native, id=20700, stack(0x00000083e4e00000,0x00000083e4f00000) (1024K)]
  0x0000026ed9c9af00 JavaThread "Thread-5"                   daemon [_thread_in_native, id=6236, stack(0x00000083e4f00000,0x00000083e5000000) (1024K)]
  0x0000026ed9c973f0 JavaThread "Thread-6"                   daemon [_thread_in_native, id=2740, stack(0x00000083e5000000,0x00000083e5100000) (1024K)]
  0x0000026ed9c966d0 JavaThread "Thread-7"                   daemon [_thread_in_native, id=14976, stack(0x00000083e5100000,0x00000083e5200000) (1024K)]
  0x0000026ed9c97a80 JavaThread "Thread-8"                   daemon [_thread_in_native, id=14100, stack(0x00000083e5200000,0x00000083e5300000) (1024K)]
  0x0000026ed9c98110 JavaThread "Thread-9"                   daemon [_thread_in_native, id=14088, stack(0x00000083e5300000,0x00000083e5400000) (1024K)]
  0x0000026ed9c987a0 JavaThread "Thread-10"                  daemon [_thread_in_native, id=19968, stack(0x00000083e5400000,0x00000083e5500000) (1024K)]
  0x0000026ed9c9bc20 JavaThread "pool-2-thread-1"                   [_thread_blocked, id=14556, stack(0x00000083e5500000,0x00000083e5600000) (1024K)]
  0x0000026ed9c9b590 JavaThread "WorkspaceEventsHandler"            [_thread_blocked, id=20780, stack(0x00000083e5600000,0x00000083e5700000) (1024K)]
  0x0000026ed9c9c2b0 JavaThread "pool-1-thread-1"                   [_thread_blocked, id=22112, stack(0x00000083e5700000,0x00000083e5800000) (1024K)]
  0x0000026ed9c98e30 JavaThread "Worker-6"                          [_thread_blocked, id=18560, stack(0x00000083e5800000,0x00000083e5900000) (1024K)]
  0x0000026ed9c994c0 JavaThread "Worker-7: Initialize Workspace"        [_thread_blocked, id=14276, stack(0x00000083e5900000,0x00000083e5a00000) (1024K)]
  0x0000026ed9c96040 JavaThread "LocalFile Deleter"          daemon [_thread_blocked, id=15268, stack(0x00000083e5a00000,0x00000083e5b00000) (1024K)]
  0x0000026ed9c9d660 JavaThread "LocalFile Deleter"          daemon [_thread_blocked, id=9152, stack(0x00000083e5b00000,0x00000083e5c00000) (1024K)]
  0x0000026ed9c96d60 JavaThread "LocalFile Deleter"          daemon [_thread_blocked, id=21780, stack(0x00000083e5c00000,0x00000083e5d00000) (1024K)]
  0x0000026ee37bbac0 JavaThread "LocalFile Deleter"          daemon [_thread_blocked, id=12352, stack(0x00000083e5d00000,0x00000083e5e00000) (1024K)]
  0x0000026ee37bc150 JavaThread "Compiler Source File Reader" daemon [_thread_blocked, id=9568, stack(0x00000083e5e00000,0x00000083e5f00000) (1024K)]
  0x0000026ee37b5850 JavaThread "Compiler Processing Task"   daemon [_thread_blocked, id=17204, stack(0x00000083e4000000,0x00000083e4100000) (1024K)]
  0x0000026ee37b6c00 JavaThread "Compiler Class File Writer" daemon [_thread_blocked, id=4532, stack(0x00000083e5f00000,0x00000083e6000000) (1024K)]
  0x0000026ee37b8cd0 JavaThread "Compiler Source File Reader" daemon [_thread_blocked, id=12424, stack(0x00000083e6000000,0x00000083e6100000) (1024K)]
  0x0000026ee37ba710 JavaThread "Compiler Class File Writer" daemon [_thread_blocked, id=21900, stack(0x00000083e6100000,0x00000083e6200000) (1024K)]
Total: 49

Other Threads:
  0x0000026effaa2500 VMThread "VM Thread"                           [id=4340, stack(0x00000083e2700000,0x00000083e2800000) (1024K)]
  0x0000026efc76eb30 WatcherThread "VM Periodic Task Thread"        [id=9412, stack(0x00000083e2600000,0x00000083e2700000) (1024K)]
  0x0000026efc721390 WorkerThread "GC Thread#0"                     [id=19660, stack(0x00000083e2500000,0x00000083e2600000) (1024K)]
  0x0000026ed8689890 WorkerThread "GC Thread#1"                     [id=2344, stack(0x00000083e3300000,0x00000083e3400000) (1024K)]
  0x0000026ed8689c30 WorkerThread "GC Thread#2"                     [id=14968, stack(0x00000083e3400000,0x00000083e3500000) (1024K)]
  0x0000026ed83c3060 WorkerThread "GC Thread#3"                     [id=21972, stack(0x00000083e3500000,0x00000083e3600000) (1024K)]
  0x0000026ed83c3400 WorkerThread "GC Thread#4"                     [id=5880, stack(0x00000083e3600000,0x00000083e3700000) (1024K)]
  0x0000026ed87e5be0 WorkerThread "GC Thread#5"                     [id=5020, stack(0x00000083e3700000,0x00000083e3800000) (1024K)]
  0x0000026ed87e5f80 WorkerThread "GC Thread#6"                     [id=15944, stack(0x00000083e3800000,0x00000083e3900000) (1024K)]
  0x0000026ed89aa590 WorkerThread "GC Thread#7"                     [id=16020, stack(0x00000083e3b00000,0x00000083e3c00000) (1024K)]
Total: 10

Threads with active compile tasks:
C2 CompilerThread0  33986 11433       4       org.eclipse.jdt.internal.core.index.DiskIndex::writeDocumentNumbers (384 bytes)
Total: 1

VM state: not at safepoint (normal execution)

VM Mutex/Monitor currently owned by a thread: None

Heap address: 0x00000000c0000000, size: 1024 MB, Compressed Oops mode: 32-bit

CDS archive(s) mapped at: [0x0000026e91000000-0x0000026e91ba0000-0x0000026e91ba0000), size 12189696, SharedBaseAddress: 0x0000026e91000000, ArchiveRelocationMode: 1.
Compressed class space mapped at: 0x0000026e92000000-0x0000026ed2000000, reserved size: 1073741824
Narrow klass base: 0x0000026e91000000, Narrow klass shift: 0, Narrow klass range: 0x100000000

GC Precious Log:
 CardTable entry size: 512
 CPUs: 8 total, 8 available
 Memory: 8051M
 Large Page Support: Disabled
 NUMA Support: Disabled
 Compressed Oops: Enabled (32-bit)
 Alignments: Space 512K, Generation 512K, Heap 2M
 Heap Min Capacity: 100M
 Heap Initial Capacity: 100M
 Heap Max Capacity: 1G
 Pre-touch: Disabled
 Parallel Workers: 8

Heap:
 PSYoungGen      total 3584K, used 2412K [0x00000000eab00000, 0x00000000eaf00000, 0x0000000100000000)
  eden space 3072K, 62% used [0x00000000eab00000,0x00000000eace30e0,0x00000000eae00000)
  from space 512K, 93% used [0x00000000eae00000,0x00000000eae78000,0x00000000eae80000)
  to   space 512K, 0% used [0x00000000eae80000,0x00000000eae80000,0x00000000eaf00000)
 ParOldGen       total 423936K, used 423784K [0x00000000c0000000, 0x00000000d9e00000, 0x00000000eab00000)
  object space 423936K, 99% used [0x00000000c0000000,0x00000000d9dda390,0x00000000d9e00000)
 Metaspace       used 59609K, committed 61120K, reserved 1114112K
  class space    used 6208K, committed 6848K, reserved 1048576K

Card table byte_map: [0x0000026efc0c0000,0x0000026efc2d0000] _byte_map_base: 0x0000026efbac0000

Marking Bits: (ParMarkBitMap*) 0x00007ffc40f73260
 Begin Bits: [0x0000026e8f000000, 0x0000026e90000000)
 End Bits:   [0x0000026e90000000, 0x0000026e91000000)

Polling page: 0x0000026efa5d0000

Metaspace:

Usage:
  Non-class:     52.15 MB used.
      Class:      6.06 MB used.
       Both:     58.21 MB used.

Virtual space:
  Non-class space:       64.00 MB reserved,      53.00 MB ( 83%) committed,  1 nodes.
      Class space:        1.00 GB reserved,       6.69 MB ( <1%) committed,  1 nodes.
             Both:        1.06 GB reserved,      59.69 MB (  5%) committed. 

Chunk freelists:
   Non-Class:  11.00 MB
       Class:  9.36 MB
        Both:  20.36 MB

MaxMetaspaceSize: unlimited
CompressedClassSpaceSize: 1.00 GB
Initial GC threshold: 21.00 MB
Current GC threshold: 99.31 MB
CDS: on
 - commit_granule_bytes: 65536.
 - commit_granule_words: 8192.
 - virtual_space_node_default_size: 8388608.
 - enlarge_chunks_in_place: 1.
 - use_allocation_guard: 0.


Internal statistics:

num_allocs_failed_limit: 9.
num_arena_births: 1150.
num_arena_deaths: 16.
num_vsnodes_births: 2.
num_vsnodes_deaths: 0.
num_space_committed: 955.
num_space_uncommitted: 0.
num_chunks_returned_to_freelist: 26.
num_chunks_taken_from_freelist: 4017.
num_chunk_merges: 15.
num_chunk_splits: 2439.
num_chunks_enlarged: 1322.
num_inconsistent_stats: 0.

CodeHeap 'non-profiled nmethods': size=120000Kb used=6324Kb max_used=6324Kb free=113675Kb
 bounds [0x0000026e87ad0000, 0x0000026e88100000, 0x0000026e8f000000]
CodeHeap 'profiled nmethods': size=120000Kb used=16875Kb max_used=20193Kb free=103124Kb
 bounds [0x0000026e80000000, 0x0000026e81400000, 0x0000026e87530000]
CodeHeap 'non-nmethods': size=5760Kb used=1419Kb max_used=1514Kb free=4340Kb
 bounds [0x0000026e87530000, 0x0000026e877a0000, 0x0000026e87ad0000]
 total_blobs=9881 nmethods=9150 adapters=637
 compilation: enabled
              stopped_count=0, restarted_count=0
 full_count=0

Compilation events (20 events):
Event: 33.246 Thread 0x0000026effac6040 nmethod 11427 0x0000026e813d6590 code [0x0000026e813d7540, 0x0000026e813e2968]
Event: 33.348 Thread 0x0000026effac6040 11428       3       org.eclipse.jdt.internal.compiler.classfmt.MethodInfo::decodeParamAnnotations (125 bytes)
Event: 33.349 Thread 0x0000026effac6040 nmethod 11428 0x0000026e8001e410 code [0x0000026e8001e620, 0x0000026e8001ee38]
Event: 33.583 Thread 0x0000026effac6040 11429       3       org.eclipse.jdt.internal.core.index.DiskIndex::writeDocumentNumbers (384 bytes)
Event: 33.584 Thread 0x0000026effac6040 nmethod 11429 0x0000026e8052c590 code [0x0000026e8052c820, 0x0000026e8052d548]
Event: 33.605 Thread 0x0000026effac55b0 11430       4       org.eclipse.core.runtime.Path::equals (127 bytes)
Event: 33.610 Thread 0x0000026effac55b0 nmethod 11430 0x0000026e880f7e10 code [0x0000026e880f7fc0, 0x0000026e880f8388]
Event: 33.717 Thread 0x0000026effac6040 11431       1       org.eclipse.jdt.ls.core.internal.managers.StandardProjectsManager::isBuildFinished (5 bytes)
Event: 33.718 Thread 0x0000026effac6040 nmethod 11431 0x0000026e880f8590 code [0x0000026e880f8720, 0x0000026e880f87f0]
Event: 33.738 Thread 0x0000026effac55b0 11432       4       org.eclipse.jdt.internal.compiler.parser.Scanner::internalScanIdentifierOrKeyword (5081 bytes)
Event: 33.870 Thread 0x0000026effac55b0 nmethod 11432 0x0000026e880f8c90 code [0x0000026e880f9200, 0x0000026e880fbc00]
Event: 33.871 Thread 0x0000026effac55b0 11433       4       org.eclipse.jdt.internal.core.index.DiskIndex::writeDocumentNumbers (384 bytes)
Event: 33.878 Thread 0x0000026effac6040 11436       3       org.eclipse.jdt.internal.compiler.parser.Scanner::internalScanIdentifierOrKeyword (5081 bytes)
Event: 33.905 Thread 0x0000026effac6040 nmethod 11436 0x0000026e813e4b90 code [0x0000026e813e5b40, 0x0000026e813f0f68]
Event: 33.906 Thread 0x0000026effac6040 11437       1       org.eclipse.jdt.internal.compiler.classfmt.ModuleInfo::opens (5 bytes)
Event: 33.906 Thread 0x0000026effac6040 nmethod 11437 0x0000026e880fc810 code [0x0000026e880fc9a0, 0x0000026e880fca68]
Event: 33.906 Thread 0x0000026effac6040 11438       1       org.eclipse.jdt.internal.compiler.classfmt.ModuleInfo::uses (5 bytes)
Event: 33.907 Thread 0x0000026effac6040 nmethod 11438 0x0000026e880fcb10 code [0x0000026e880fcca0, 0x0000026e880fcd68]
Event: 33.907 Thread 0x0000026effac6040 11439       1       org.eclipse.jdt.internal.compiler.classfmt.ModuleInfo::provides (5 bytes)
Event: 33.907 Thread 0x0000026effac6040 nmethod 11439 0x0000026e880fce10 code [0x0000026e880fcfa0, 0x0000026e880fd068]

GC Heap History (20 events):
Event: 33.658 GC heap before
{Heap before GC invocations=660 (full 4):
 PSYoungGen      total 3072K, used 2459K [0x00000000eab00000, 0x00000000eaf00000, 0x0000000100000000)
  eden space 2048K, 100% used [0x00000000eab00000,0x00000000ead00000,0x00000000ead00000)
  from space 1024K, 40% used [0x00000000ead00000,0x00000000ead66c08,0x00000000eae00000)
  to   space 512K, 0% used [0x00000000eae80000,0x00000000eae80000,0x00000000eaf00000)
 ParOldGen       total 420864K, used 420644K [0x00000000c0000000, 0x00000000d9b00000, 0x00000000eab00000)
  object space 420864K, 99% used [0x00000000c0000000,0x00000000d9ac93d0,0x00000000d9b00000)
 Metaspace       used 59609K, committed 61120K, reserved 1114112K
  class space    used 6208K, committed 6848K, reserved 1048576K
}
Event: 33.660 GC heap after
{Heap after GC invocations=660 (full 4):
 PSYoungGen      total 3072K, used 320K [0x00000000eab00000, 0x00000000eaf00000, 0x0000000100000000)
  eden space 2560K, 0% used [0x00000000eab00000,0x00000000eab00000,0x00000000ead80000)
  from space 512K, 62% used [0x00000000eae80000,0x00000000eaed0000,0x00000000eaf00000)
  to   space 512K, 0% used [0x00000000eae00000,0x00000000eae00000,0x00000000eae80000)
 ParOldGen       total 421376K, used 420943K [0x00000000c0000000, 0x00000000d9b80000, 0x00000000eab00000)
  object space 421376K, 99% used [0x00000000c0000000,0x00000000d9b13fd8,0x00000000d9b80000)
 Metaspace       used 59609K, committed 61120K, reserved 1114112K
  class space    used 6208K, committed 6848K, reserved 1048576K
}
Event: 33.672 GC heap before
{Heap before GC invocations=661 (full 4):
 PSYoungGen      total 3072K, used 2880K [0x00000000eab00000, 0x00000000eaf00000, 0x0000000100000000)
  eden space 2560K, 100% used [0x00000000eab00000,0x00000000ead80000,0x00000000ead80000)
  from space 512K, 62% used [0x00000000eae80000,0x00000000eaed0000,0x00000000eaf00000)
  to   space 512K, 0% used [0x00000000eae00000,0x00000000eae00000,0x00000000eae80000)
 ParOldGen       total 421376K, used 420943K [0x00000000c0000000, 0x00000000d9b80000, 0x00000000eab00000)
  object space 421376K, 99% used [0x00000000c0000000,0x00000000d9b13fd8,0x00000000d9b80000)
 Metaspace       used 59609K, committed 61120K, reserved 1114112K
  class space    used 6208K, committed 6848K, reserved 1048576K
}
Event: 33.674 GC heap after
{Heap after GC invocations=661 (full 4):
 PSYoungGen      total 3584K, used 384K [0x00000000eab00000, 0x00000000eaf00000, 0x0000000100000000)
  eden space 3072K, 0% used [0x00000000eab00000,0x00000000eab00000,0x00000000eae00000)
  from space 512K, 75% used [0x00000000eae00000,0x00000000eae60000,0x00000000eae80000)
  to   space 512K, 0% used [0x00000000eae80000,0x00000000eae80000,0x00000000eaf00000)
 ParOldGen       total 421376K, used 421167K [0x00000000c0000000, 0x00000000d9b80000, 0x00000000eab00000)
  object space 421376K, 99% used [0x00000000c0000000,0x00000000d9b4bfd8,0x00000000d9b80000)
 Metaspace       used 59609K, committed 61120K, reserved 1114112K
  class space    used 6208K, committed 6848K, reserved 1048576K
}
Event: 33.687 GC heap before
{Heap before GC invocations=662 (full 4):
 PSYoungGen      total 3584K, used 3456K [0x00000000eab00000, 0x00000000eaf00000, 0x0000000100000000)
  eden space 3072K, 100% used [0x00000000eab00000,0x00000000eae00000,0x00000000eae00000)
  from space 512K, 75% used [0x00000000eae00000,0x00000000eae60000,0x00000000eae80000)
  to   space 512K, 0% used [0x00000000eae80000,0x00000000eae80000,0x00000000eaf00000)
 ParOldGen       total 421376K, used 421167K [0x00000000c0000000, 0x00000000d9b80000, 0x00000000eab00000)
  object space 421376K, 99% used [0x00000000c0000000,0x00000000d9b4bfd8,0x00000000d9b80000)
 Metaspace       used 59609K, committed 61120K, reserved 1114112K
  class space    used 6208K, committed 6848K, reserved 1048576K
}
Event: 33.689 GC heap after
{Heap after GC invocations=662 (full 4):
 PSYoungGen      total 3072K, used 502K [0x00000000eab00000, 0x00000000eb100000, 0x0000000100000000)
  eden space 2560K, 0% used [0x00000000eab00000,0x00000000eab00000,0x00000000ead80000)
  from space 512K, 98% used [0x00000000eae80000,0x00000000eaefd808,0x00000000eaf00000)
  to   space 1024K, 0% used [0x00000000ead80000,0x00000000ead80000,0x00000000eae80000)
 ParOldGen       total 421888K, used 421463K [0x00000000c0000000, 0x00000000d9c00000, 0x00000000eab00000)
  object space 421888K, 99% used [0x00000000c0000000,0x00000000d9b95fd8,0x00000000d9c00000)
 Metaspace       used 59609K, committed 61120K, reserved 1114112K
  class space    used 6208K, committed 6848K, reserved 1048576K
}
Event: 33.701 GC heap before
{Heap before GC invocations=663 (full 4):
 PSYoungGen      total 3072K, used 3062K [0x00000000eab00000, 0x00000000eb100000, 0x0000000100000000)
  eden space 2560K, 100% used [0x00000000eab00000,0x00000000ead80000,0x00000000ead80000)
  from space 512K, 98% used [0x00000000eae80000,0x00000000eaefd808,0x00000000eaf00000)
  to   space 1024K, 0% used [0x00000000ead80000,0x00000000ead80000,0x00000000eae80000)
 ParOldGen       total 421888K, used 421463K [0x00000000c0000000, 0x00000000d9c00000, 0x00000000eab00000)
  object space 421888K, 99% used [0x00000000c0000000,0x00000000d9b95fd8,0x00000000d9c00000)
 Metaspace       used 59609K, committed 61120K, reserved 1114112K
  class space    used 6208K, committed 6848K, reserved 1048576K
}
Event: 33.703 GC heap after
{Heap after GC invocations=663 (full 4):
 PSYoungGen      total 3584K, used 320K [0x00000000eab00000, 0x00000000eaf00000, 0x0000000100000000)
  eden space 2560K, 0% used [0x00000000eab00000,0x00000000eab00000,0x00000000ead80000)
  from space 1024K, 31% used [0x00000000ead80000,0x00000000eadd0000,0x00000000eae80000)
  to   space 512K, 0% used [0x00000000eae80000,0x00000000eae80000,0x00000000eaf00000)
 ParOldGen       total 422400K, used 421893K [0x00000000c0000000, 0x00000000d9c80000, 0x00000000eab00000)
  object space 422400K, 99% used [0x00000000c0000000,0x00000000d9c017e0,0x00000000d9c80000)
 Metaspace       used 59609K, committed 61120K, reserved 1114112K
  class space    used 6208K, committed 6848K, reserved 1048576K
}
Event: 33.713 GC heap before
{Heap before GC invocations=664 (full 4):
 PSYoungGen      total 3584K, used 2870K [0x00000000eab00000, 0x00000000eaf00000, 0x0000000100000000)
  eden space 2560K, 99% used [0x00000000eab00000,0x00000000ead7d968,0x00000000ead80000)
  from space 1024K, 31% used [0x00000000ead80000,0x00000000eadd0000,0x00000000eae80000)
  to   space 512K, 0% used [0x00000000eae80000,0x00000000eae80000,0x00000000eaf00000)
 ParOldGen       total 422400K, used 421893K [0x00000000c0000000, 0x00000000d9c80000, 0x00000000eab00000)
  object space 422400K, 99% used [0x00000000c0000000,0x00000000d9c017e0,0x00000000d9c80000)
 Metaspace       used 59609K, committed 61120K, reserved 1114112K
  class space    used 6208K, committed 6848K, reserved 1048576K
}
Event: 33.715 GC heap after
{Heap after GC invocations=664 (full 4):
 PSYoungGen      total 3584K, used 384K [0x00000000eab00000, 0x00000000eaf00000, 0x0000000100000000)
  eden space 3072K, 0% used [0x00000000eab00000,0x00000000eab00000,0x00000000eae00000)
  from space 512K, 75% used [0x00000000eae80000,0x00000000eaee0000,0x00000000eaf00000)
  to   space 512K, 0% used [0x00000000eae00000,0x00000000eae00000,0x00000000eae80000)
 ParOldGen       total 422400K, used 422181K [0x00000000c0000000, 0x00000000d9c80000, 0x00000000eab00000)
  object space 422400K, 99% used [0x00000000c0000000,0x00000000d9c497e0,0x00000000d9c80000)
 Metaspace       used 59609K, committed 61120K, reserved 1114112K
  class space    used 6208K, committed 6848K, reserved 1048576K
}
Event: 33.727 GC heap before
{Heap before GC invocations=665 (full 4):
 PSYoungGen      total 3584K, used 3456K [0x00000000eab00000, 0x00000000eaf00000, 0x0000000100000000)
  eden space 3072K, 100% used [0x00000000eab00000,0x00000000eae00000,0x00000000eae00000)
  from space 512K, 75% used [0x00000000eae80000,0x00000000eaee0000,0x00000000eaf00000)
  to   space 512K, 0% used [0x00000000eae00000,0x00000000eae00000,0x00000000eae80000)
 ParOldGen       total 422400K, used 422181K [0x00000000c0000000, 0x00000000d9c80000, 0x00000000eab00000)
  object space 422400K, 99% used [0x00000000c0000000,0x00000000d9c497e0,0x00000000d9c80000)
 Metaspace       used 59609K, committed 61120K, reserved 1114112K
  class space    used 6208K, committed 6848K, reserved 1048576K
}
Event: 33.728 GC heap after
{Heap after GC invocations=665 (full 4):
 PSYoungGen      total 3584K, used 384K [0x00000000eab00000, 0x00000000eaf00000, 0x0000000100000000)
  eden space 3072K, 0% used [0x00000000eab00000,0x00000000eab00000,0x00000000eae00000)
  from space 512K, 75% used [0x00000000eae00000,0x00000000eae60000,0x00000000eae80000)
  to   space 512K, 0% used [0x00000000eae80000,0x00000000eae80000,0x00000000eaf00000)
 ParOldGen       total 422912K, used 422461K [0x00000000c0000000, 0x00000000d9d00000, 0x00000000eab00000)
  object space 422912K, 99% used [0x00000000c0000000,0x00000000d9c8f7e0,0x00000000d9d00000)
 Metaspace       used 59609K, committed 61120K, reserved 1114112K
  class space    used 6208K, committed 6848K, reserved 1048576K
}
Event: 33.746 GC heap before
{Heap before GC invocations=666 (full 4):
 PSYoungGen      total 3584K, used 3456K [0x00000000eab00000, 0x00000000eaf00000, 0x0000000100000000)
  eden space 3072K, 100% used [0x00000000eab00000,0x00000000eae00000,0x00000000eae00000)
  from space 512K, 75% used [0x00000000eae00000,0x00000000eae60000,0x00000000eae80000)
  to   space 512K, 0% used [0x00000000eae80000,0x00000000eae80000,0x00000000eaf00000)
 ParOldGen       total 422912K, used 422461K [0x00000000c0000000, 0x00000000d9d00000, 0x00000000eab00000)
  object space 422912K, 99% used [0x00000000c0000000,0x00000000d9c8f7e0,0x00000000d9d00000)
 Metaspace       used 59609K, committed 61120K, reserved 1114112K
  class space    used 6208K, committed 6848K, reserved 1048576K
}
Event: 33.748 GC heap after
{Heap after GC invocations=666 (full 4):
 PSYoungGen      total 3584K, used 448K [0x00000000eab00000, 0x00000000eaf00000, 0x0000000100000000)
  eden space 3072K, 0% used [0x00000000eab00000,0x00000000eab00000,0x00000000eae00000)
  from space 512K, 87% used [0x00000000eae80000,0x00000000eaef0000,0x00000000eaf00000)
  to   space 512K, 0% used [0x00000000eae00000,0x00000000eae00000,0x00000000eae80000)
 ParOldGen       total 422912K, used 422813K [0x00000000c0000000, 0x00000000d9d00000, 0x00000000eab00000)
  object space 422912K, 99% used [0x00000000c0000000,0x00000000d9ce77e0,0x00000000d9d00000)
 Metaspace       used 59609K, committed 61120K, reserved 1114112K
  class space    used 6208K, committed 6848K, reserved 1048576K
}
Event: 33.766 GC heap before
{Heap before GC invocations=667 (full 4):
 PSYoungGen      total 3584K, used 3520K [0x00000000eab00000, 0x00000000eaf00000, 0x0000000100000000)
  eden space 3072K, 100% used [0x00000000eab00000,0x00000000eae00000,0x00000000eae00000)
  from space 512K, 87% used [0x00000000eae80000,0x00000000eaef0000,0x00000000eaf00000)
  to   space 512K, 0% used [0x00000000eae00000,0x00000000eae00000,0x00000000eae80000)
 ParOldGen       total 422912K, used 422813K [0x00000000c0000000, 0x00000000d9d00000, 0x00000000eab00000)
  object space 422912K, 99% used [0x00000000c0000000,0x00000000d9ce77e0,0x00000000d9d00000)
 Metaspace       used 59609K, committed 61120K, reserved 1114112K
  class space    used 6208K, committed 6848K, reserved 1048576K
}
Event: 33.770 GC heap after
{Heap after GC invocations=667 (full 4):
 PSYoungGen      total 3584K, used 448K [0x00000000eab00000, 0x00000000eaf00000, 0x0000000100000000)
  eden space 3072K, 0% used [0x00000000eab00000,0x00000000eab00000,0x00000000eae00000)
  from space 512K, 87% used [0x00000000eae00000,0x00000000eae70000,0x00000000eae80000)
  to   space 512K, 0% used [0x00000000eae80000,0x00000000eae80000,0x00000000eaf00000)
 ParOldGen       total 423424K, used 423141K [0x00000000c0000000, 0x00000000d9d80000, 0x00000000eab00000)
  object space 423424K, 99% used [0x00000000c0000000,0x00000000d9d397e0,0x00000000d9d80000)
 Metaspace       used 59609K, committed 61120K, reserved 1114112K
  class space    used 6208K, committed 6848K, reserved 1048576K
}
Event: 33.852 GC heap before
{Heap before GC invocations=668 (full 4):
 PSYoungGen      total 3584K, used 3520K [0x00000000eab00000, 0x00000000eaf00000, 0x0000000100000000)
  eden space 3072K, 100% used [0x00000000eab00000,0x00000000eae00000,0x00000000eae00000)
  from space 512K, 87% used [0x00000000eae00000,0x00000000eae70000,0x00000000eae80000)
  to   space 512K, 0% used [0x00000000eae80000,0x00000000eae80000,0x00000000eaf00000)
 ParOldGen       total 423424K, used 423141K [0x00000000c0000000, 0x00000000d9d80000, 0x00000000eab00000)
  object space 423424K, 99% used [0x00000000c0000000,0x00000000d9d397e0,0x00000000d9d80000)
 Metaspace       used 59609K, committed 61120K, reserved 1114112K
  class space    used 6208K, committed 6848K, reserved 1048576K
}
Event: 33.855 GC heap after
{Heap after GC invocations=668 (full 4):
 PSYoungGen      total 3584K, used 396K [0x00000000eab00000, 0x00000000eaf00000, 0x0000000100000000)
  eden space 3072K, 0% used [0x00000000eab00000,0x00000000eab00000,0x00000000eae00000)
  from space 512K, 77% used [0x00000000eae80000,0x00000000eaee3008,0x00000000eaf00000)
  to   space 512K, 0% used [0x00000000eae00000,0x00000000eae00000,0x00000000eae80000)
 ParOldGen       total 423936K, used 423477K [0x00000000c0000000, 0x00000000d9e00000, 0x00000000eab00000)
  object space 423936K, 99% used [0x00000000c0000000,0x00000000d9d8d7e0,0x00000000d9e00000)
 Metaspace       used 59609K, committed 61120K, reserved 1114112K
  class space    used 6208K, committed 6848K, reserved 1048576K
}
Event: 33.879 GC heap before
{Heap before GC invocations=669 (full 4):
 PSYoungGen      total 3584K, used 3468K [0x00000000eab00000, 0x00000000eaf00000, 0x0000000100000000)
  eden space 3072K, 100% used [0x00000000eab00000,0x00000000eae00000,0x00000000eae00000)
  from space 512K, 77% used [0x00000000eae80000,0x00000000eaee3008,0x00000000eaf00000)
  to   space 512K, 0% used [0x00000000eae00000,0x00000000eae00000,0x00000000eae80000)
 ParOldGen       total 423936K, used 423477K [0x00000000c0000000, 0x00000000d9e00000, 0x00000000eab00000)
  object space 423936K, 99% used [0x00000000c0000000,0x00000000d9d8d7e0,0x00000000d9e00000)
 Metaspace       used 59609K, committed 61120K, reserved 1114112K
  class space    used 6208K, committed 6848K, reserved 1048576K
}
Event: 33.882 GC heap after
{Heap after GC invocations=669 (full 4):
 PSYoungGen      total 3584K, used 480K [0x00000000eab00000, 0x00000000eaf00000, 0x0000000100000000)
  eden space 3072K, 0% used [0x00000000eab00000,0x00000000eab00000,0x00000000eae00000)
  from space 512K, 93% used [0x00000000eae00000,0x00000000eae78000,0x00000000eae80000)
  to   space 512K, 0% used [0x00000000eae80000,0x00000000eae80000,0x00000000eaf00000)
 ParOldGen       total 423936K, used 423784K [0x00000000c0000000, 0x00000000d9e00000, 0x00000000eab00000)
  object space 423936K, 99% used [0x00000000c0000000,0x00000000d9dda390,0x00000000d9e00000)
 Metaspace       used 59609K, committed 61120K, reserved 1114112K
  class space    used 6208K, committed 6848K, reserved 1048576K
}

Dll operation events (10 events):
Event: 0.016 Loaded shared library c:\Users\Abllaye Sagna\.vscode\extensions\redhat.java-1.41.1-win32-x64\jre\21.0.6-win32-x86_64\bin\java.dll
Event: 0.202 Loaded shared library c:\Users\Abllaye Sagna\.vscode\extensions\redhat.java-1.41.1-win32-x64\jre\21.0.6-win32-x86_64\bin\zip.dll
Event: 0.282 Loaded shared library C:\Users\Abllaye Sagna\.vscode\extensions\redhat.java-1.41.1-win32-x64\jre\21.0.6-win32-x86_64\bin\instrument.dll
Event: 0.294 Loaded shared library C:\Users\Abllaye Sagna\.vscode\extensions\redhat.java-1.41.1-win32-x64\jre\21.0.6-win32-x86_64\bin\net.dll
Event: 0.299 Loaded shared library C:\Users\Abllaye Sagna\.vscode\extensions\redhat.java-1.41.1-win32-x64\jre\21.0.6-win32-x86_64\bin\nio.dll
Event: 0.305 Loaded shared library C:\Users\Abllaye Sagna\.vscode\extensions\redhat.java-1.41.1-win32-x64\jre\21.0.6-win32-x86_64\bin\zip.dll
Event: 0.346 Loaded shared library C:\Users\Abllaye Sagna\.vscode\extensions\redhat.java-1.41.1-win32-x64\jre\21.0.6-win32-x86_64\bin\jimage.dll
Event: 0.531 Loaded shared library c:\Users\Abllaye Sagna\.vscode\extensions\redhat.java-1.41.1-win32-x64\jre\21.0.6-win32-x86_64\bin\verify.dll
Event: 2.427 Loaded shared library C:\Users\Abllaye Sagna\AppData\Roaming\Code\User\globalStorage\redhat.java\1.41.1\config_win\org.eclipse.equinox.launcher\org.eclipse.equinox.launcher.win32.win32.x86_64_1.2.1300.v20250331-1702\eclipse_11911.dll
Event: 4.931 Loaded shared library C:\Users\Abllaye Sagna\AppData\Local\Temp\jna--1035397096\jna8077544230548076609.dll

Deoptimization events (20 events):
Event: 32.248 Thread 0x0000026ed8439160 Uncommon trap: trap_request=0xffffffde fr.pc=0x0000026e880e5ea4 relative=0x00000000000002c4
Event: 32.248 Thread 0x0000026ed8439160 Uncommon trap: reason=class_check action=maybe_recompile pc=0x0000026e880e5ea4 method=java.io.BufferedOutputStream.flushBuffer()V @ 20 c2
Event: 32.248 Thread 0x0000026ed8439160 DEOPT PACKING pc=0x0000026e880e5ea4 sp=0x00000083e39fea20
Event: 32.248 Thread 0x0000026ed8439160 DEOPT UNPACKING pc=0x0000026e87583aa2 sp=0x00000083e39fe998 mode 2
Event: 32.898 Thread 0x0000026ed93941a0 Uncommon trap: trap_request=0xffffff45 fr.pc=0x0000026e87dd0a24 relative=0x00000000000018a4
Event: 32.898 Thread 0x0000026ed93941a0 Uncommon trap: reason=unstable_if action=reinterpret pc=0x0000026e87dd0a24 method=org.eclipse.jdt.internal.compiler.classfmt.FieldInfo.createField([B[IIJ)Lorg/eclipse/jdt/internal/compiler/classfmt/FieldInfo; @ 259 c2
Event: 32.898 Thread 0x0000026ed93941a0 DEOPT PACKING pc=0x0000026e87dd0a24 sp=0x00000083e46feb60
Event: 32.898 Thread 0x0000026ed93941a0 DEOPT UNPACKING pc=0x0000026e87583aa2 sp=0x00000083e46feae8 mode 2
Event: 33.219 Thread 0x0000026ed93941a0 Uncommon trap: trap_request=0xffffff45 fr.pc=0x0000026e880dc4f0 relative=0x0000000000000970
Event: 33.219 Thread 0x0000026ed93941a0 Uncommon trap: reason=unstable_if action=reinterpret pc=0x0000026e880dc4f0 method=org.eclipse.jdt.internal.compiler.parser.Scanner.internalScanIdentifierOrKeyword(II[C)Lorg/eclipse/jdt/internal/compiler/parser/TerminalToken; @ 237 c2
Event: 33.219 Thread 0x0000026ed93941a0 DEOPT PACKING pc=0x0000026e880dc4f0 sp=0x00000083e46fedc0
Event: 33.219 Thread 0x0000026ed93941a0 DEOPT UNPACKING pc=0x0000026e87583aa2 sp=0x00000083e46fed50 mode 2
Event: 33.583 Thread 0x0000026ed93941a0 Uncommon trap: trap_request=0xffffff45 fr.pc=0x0000026e87f2fc60 relative=0x0000000000001180
Event: 33.583 Thread 0x0000026ed93941a0 Uncommon trap: reason=unstable_if action=reinterpret pc=0x0000026e87f2fc60 method=org.eclipse.jdt.internal.core.index.DiskIndex.writeStreamInt(Ljava/io/OutputStream;I)V @ 9 c2
Event: 33.583 Thread 0x0000026ed93941a0 DEOPT PACKING pc=0x0000026e87f2fc60 sp=0x00000083e46feb40
Event: 33.583 Thread 0x0000026ed93941a0 DEOPT UNPACKING pc=0x0000026e87583aa2 sp=0x00000083e46fea80 mode 2
Event: 33.874 Thread 0x0000026ed93941a0 Uncommon trap: trap_request=0xffffff45 fr.pc=0x0000026e880faeac relative=0x0000000000001cac
Event: 33.874 Thread 0x0000026ed93941a0 Uncommon trap: reason=unstable_if action=reinterpret pc=0x0000026e880faeac method=org.eclipse.jdt.internal.compiler.parser.Scanner.internalScanIdentifierOrKeyword(II[C)Lorg/eclipse/jdt/internal/compiler/parser/TerminalToken; @ 2368 c2
Event: 33.874 Thread 0x0000026ed93941a0 DEOPT PACKING pc=0x0000026e880faeac sp=0x00000083e46fedc0
Event: 33.874 Thread 0x0000026ed93941a0 DEOPT UNPACKING pc=0x0000026e87583aa2 sp=0x00000083e46fed50 mode 2

Classes loaded (20 events):
Event: 18.199 Loading class java/nio/file/PathMatcher done
Event: 18.199 Loading class sun/nio/fs/WindowsFileSystem$2 done
Event: 18.468 Loading class java/util/Collections$SynchronizedRandomAccessList
Event: 18.469 Loading class java/util/Collections$SynchronizedList
Event: 18.469 Loading class java/util/Collections$SynchronizedList done
Event: 18.469 Loading class java/util/Collections$SynchronizedRandomAccessList done
Event: 18.484 Loading class java/util/concurrent/CompletableFuture$Signaller
Event: 18.485 Loading class java/util/concurrent/CompletableFuture$Signaller done
Event: 23.406 Loading class java/lang/Throwable$WrappedPrintWriter
Event: 23.408 Loading class java/lang/Throwable$PrintStreamOrWriter
Event: 23.408 Loading class java/lang/Throwable$PrintStreamOrWriter done
Event: 23.408 Loading class java/lang/Throwable$WrappedPrintWriter done
Event: 24.010 Loading class sun/nio/fs/WindowsFileCopy
Event: 24.010 Loading class sun/nio/fs/WindowsFileCopy done
Event: 32.443 Loading class sun/nio/cs/ISO_8859_1$Encoder
Event: 32.449 Loading class sun/nio/cs/ISO_8859_1$Encoder done
Event: 32.449 Loading class sun/nio/cs/Surrogate$Parser
Event: 32.450 Loading class sun/nio/cs/Surrogate$Parser done
Event: 32.450 Loading class sun/nio/cs/Surrogate
Event: 32.450 Loading class sun/nio/cs/Surrogate done

Classes unloaded (8 events):
Event: 5.705 Thread 0x0000026effaa2500 Unloading class 0x0000026e921a1400 'java/lang/invoke/LambdaForm$MH+0x0000026e921a1400'
Event: 5.705 Thread 0x0000026effaa2500 Unloading class 0x0000026e921a1000 'java/lang/invoke/LambdaForm$MH+0x0000026e921a1000'
Event: 5.705 Thread 0x0000026effaa2500 Unloading class 0x0000026e921a0c00 'java/lang/invoke/LambdaForm$MH+0x0000026e921a0c00'
Event: 5.705 Thread 0x0000026effaa2500 Unloading class 0x0000026e921a0800 'java/lang/invoke/LambdaForm$MH+0x0000026e921a0800'
Event: 5.705 Thread 0x0000026effaa2500 Unloading class 0x0000026e921a0400 'java/lang/invoke/LambdaForm$BMH+0x0000026e921a0400'
Event: 5.705 Thread 0x0000026effaa2500 Unloading class 0x0000026e921a0000 'java/lang/invoke/LambdaForm$DMH+0x0000026e921a0000'
Event: 5.705 Thread 0x0000026effaa2500 Unloading class 0x0000026e9219ec00 'java/lang/invoke/LambdaForm$DMH+0x0000026e9219ec00'
Event: 17.456 Thread 0x0000026effaa2500 Unloading class 0x0000026e9263c400 'java/lang/invoke/LambdaForm$DMH+0x0000026e9263c400'

Classes redefined (0 events):
No events

Internal exceptions (20 events):
Event: 26.310 Thread 0x0000026ed93941a0 Exception <a 'sun/nio/fs/WindowsException'{0x00000000ead06330}> (0x00000000ead06330) 
thrown [s\src\hotspot\share\prims\jni.cpp, line 520]
Event: 26.360 Thread 0x0000026ed93941a0 Exception <a 'sun/nio/fs/WindowsException'{0x00000000eafee558}> (0x00000000eafee558) 
thrown [s\src\hotspot\share\prims\jni.cpp, line 520]
Event: 26.436 Thread 0x0000026ed93941a0 Exception <a 'sun/nio/fs/WindowsException'{0x00000000eab0fe60}> (0x00000000eab0fe60) 
thrown [s\src\hotspot\share\prims\jni.cpp, line 520]
Event: 26.510 Thread 0x0000026ed93941a0 Exception <a 'sun/nio/fs/WindowsException'{0x00000000eac292a8}> (0x00000000eac292a8) 
thrown [s\src\hotspot\share\prims\jni.cpp, line 520]
Event: 26.719 Thread 0x0000026ed93941a0 Exception <a 'sun/nio/fs/WindowsException'{0x00000000eab18ac8}> (0x00000000eab18ac8) 
thrown [s\src\hotspot\share\prims\jni.cpp, line 520]
Event: 26.793 Thread 0x0000026ed93941a0 Exception <a 'sun/nio/fs/WindowsException'{0x00000000eb08ef08}> (0x00000000eb08ef08) 
thrown [s\src\hotspot\share\prims\jni.cpp, line 520]
Event: 26.838 Thread 0x0000026ed93941a0 Exception <a 'sun/nio/fs/WindowsException'{0x00000000eab98430}> (0x00000000eab98430) 
thrown [s\src\hotspot\share\prims\jni.cpp, line 520]
Event: 26.856 Thread 0x0000026ed93941a0 Exception <a 'sun/nio/fs/WindowsException'{0x00000000eaba8af8}> (0x00000000eaba8af8) 
thrown [s\src\hotspot\share\prims\jni.cpp, line 520]
Event: 26.873 Thread 0x0000026ed93941a0 Exception <a 'sun/nio/fs/WindowsException'{0x00000000eabb8f58}> (0x00000000eabb8f58) 
thrown [s\src\hotspot\share\prims\jni.cpp, line 520]
Event: 26.945 Thread 0x0000026ed93941a0 Exception <a 'sun/nio/fs/WindowsException'{0x00000000eab8b2c8}> (0x00000000eab8b2c8) 
thrown [s\src\hotspot\share\prims\jni.cpp, line 520]
Event: 27.084 Thread 0x0000026ed93941a0 Exception <a 'sun/nio/fs/WindowsException'{0x00000000eafa4f90}> (0x00000000eafa4f90) 
thrown [s\src\hotspot\share\prims\jni.cpp, line 520]
Event: 31.283 Thread 0x0000026ed93941a0 Exception <a 'sun/nio/fs/WindowsException'{0x00000000ead36708}> (0x00000000ead36708) 
thrown [s\src\hotspot\share\prims\jni.cpp, line 520]
Event: 31.373 Thread 0x0000026ed93941a0 Exception <a 'sun/nio/fs/WindowsException'{0x00000000eacf9cf0}> (0x00000000eacf9cf0) 
thrown [s\src\hotspot\share\prims\jni.cpp, line 520]
Event: 31.412 Thread 0x0000026ed93941a0 Exception <a 'sun/nio/fs/WindowsException'{0x00000000eada16c8}> (0x00000000eada16c8) 
thrown [s\src\hotspot\share\prims\jni.cpp, line 520]
Event: 31.468 Thread 0x0000026ed93941a0 Exception <a 'sun/nio/fs/WindowsException'{0x00000000eacf2350}> (0x00000000eacf2350) 
thrown [s\src\hotspot\share\prims\jni.cpp, line 520]
Event: 31.585 Thread 0x0000026ed93941a0 Exception <a 'sun/nio/fs/WindowsException'{0x00000000eac30900}> (0x00000000eac30900) 
thrown [s\src\hotspot\share\prims\jni.cpp, line 520]
Event: 31.845 Thread 0x0000026ed93941a0 Exception <a 'sun/nio/fs/WindowsException'{0x00000000ead7f0c0}> (0x00000000ead7f0c0) 
thrown [s\src\hotspot\share\prims\jni.cpp, line 520]
Event: 31.907 Thread 0x0000026ed93941a0 Exception <a 'sun/nio/fs/WindowsException'{0x00000000eac3de18}> (0x00000000eac3de18) 
thrown [s\src\hotspot\share\prims\jni.cpp, line 520]
Event: 33.603 Thread 0x0000026ed93941a0 Exception <a 'sun/nio/fs/WindowsException'{0x00000000eac2ea48}> (0x00000000eac2ea48) 
thrown [s\src\hotspot\share\prims\jni.cpp, line 520]
Event: 33.836 Thread 0x0000026ed93941a0 Exception <a 'sun/nio/fs/WindowsException'{0x00000000eadc28e0}> (0x00000000eadc28e0) 
thrown [s\src\hotspot\share\prims\jni.cpp, line 520]

ZGC Phase Switch (0 events):
No events

VM Operations (20 events):
Event: 33.658 Executing VM operation: ParallelGCFailedAllocation (Allocation Failure)
Event: 33.660 Executing VM operation: ParallelGCFailedAllocation (Allocation Failure) done
Event: 33.672 Executing VM operation: ParallelGCFailedAllocation (Allocation Failure)
Event: 33.674 Executing VM operation: ParallelGCFailedAllocation (Allocation Failure) done
Event: 33.687 Executing VM operation: ParallelGCFailedAllocation (Allocation Failure)
Event: 33.689 Executing VM operation: ParallelGCFailedAllocation (Allocation Failure) done
Event: 33.701 Executing VM operation: ParallelGCFailedAllocation (Allocation Failure)
Event: 33.703 Executing VM operation: ParallelGCFailedAllocation (Allocation Failure) done
Event: 33.713 Executing VM operation: ParallelGCFailedAllocation (Allocation Failure)
Event: 33.715 Executing VM operation: ParallelGCFailedAllocation (Allocation Failure) done
Event: 33.727 Executing VM operation: ParallelGCFailedAllocation (Allocation Failure)
Event: 33.728 Executing VM operation: ParallelGCFailedAllocation (Allocation Failure) done
Event: 33.746 Executing VM operation: ParallelGCFailedAllocation (Allocation Failure)
Event: 33.748 Executing VM operation: ParallelGCFailedAllocation (Allocation Failure) done
Event: 33.766 Executing VM operation: ParallelGCFailedAllocation (Allocation Failure)
Event: 33.770 Executing VM operation: ParallelGCFailedAllocation (Allocation Failure) done
Event: 33.852 Executing VM operation: ParallelGCFailedAllocation (Allocation Failure)
Event: 33.855 Executing VM operation: ParallelGCFailedAllocation (Allocation Failure) done
Event: 33.879 Executing VM operation: ParallelGCFailedAllocation (Allocation Failure)
Event: 33.882 Executing VM operation: ParallelGCFailedAllocation (Allocation Failure) done

Memory protections (0 events):
No events

Nmethod flushes (20 events):
Event: 23.219 Thread 0x0000026effaa2500 flushing  nmethod 0x0000026e81213690
Event: 23.219 Thread 0x0000026effaa2500 flushing  nmethod 0x0000026e81215b10
Event: 23.219 Thread 0x0000026effaa2500 flushing  nmethod 0x0000026e8122a910
Event: 23.219 Thread 0x0000026effaa2500 flushing  nmethod 0x0000026e8123f810
Event: 23.219 Thread 0x0000026effaa2500 flushing  nmethod 0x0000026e81242f90
Event: 23.219 Thread 0x0000026effaa2500 flushing  nmethod 0x0000026e81258710
Event: 23.219 Thread 0x0000026effaa2500 flushing  nmethod 0x0000026e81271710
Event: 23.219 Thread 0x0000026effaa2500 flushing  nmethod 0x0000026e812b5010
Event: 23.219 Thread 0x0000026effaa2500 flushing  nmethod 0x0000026e812d7690
Event: 23.219 Thread 0x0000026effaa2500 flushing  nmethod 0x0000026e812d9590
Event: 23.219 Thread 0x0000026effaa2500 flushing  nmethod 0x0000026e812d9a10
Event: 23.219 Thread 0x0000026effaa2500 flushing  nmethod 0x0000026e812da490
Event: 23.219 Thread 0x0000026effaa2500 flushing  nmethod 0x0000026e812dea10
Event: 23.219 Thread 0x0000026effaa2500 flushing  nmethod 0x0000026e812e2e90
Event: 23.219 Thread 0x0000026effaa2500 flushing  nmethod 0x0000026e812e3f10
Event: 23.219 Thread 0x0000026effaa2500 flushing  nmethod 0x0000026e812e6610
Event: 23.219 Thread 0x0000026effaa2500 flushing  nmethod 0x0000026e812e6e10
Event: 23.219 Thread 0x0000026effaa2500 flushing  nmethod 0x0000026e812f0190
Event: 23.219 Thread 0x0000026effaa2500 flushing  nmethod 0x0000026e81360c90
Event: 23.219 Thread 0x0000026effaa2500 flushing  nmethod 0x0000026e81386810

Events (20 events):
Event: 15.574 Thread 0x0000026ee37b5ee0 Thread exited: 0x0000026ee37b5ee0
Event: 15.574 Thread 0x0000026ee37b7920 Thread exited: 0x0000026ee37b7920
Event: 15.576 Thread 0x0000026ee37b7fb0 Thread exited: 0x0000026ee37b7fb0
Event: 15.576 Thread 0x0000026ee37b7290 Thread exited: 0x0000026ee37b7290
Event: 15.576 Thread 0x0000026ee37bce70 Thread exited: 0x0000026ee37bce70
Event: 16.486 Thread 0x0000026ed9394ec0 Thread added: 0x0000026ee37ba080
Event: 16.487 Thread 0x0000026ed9394ec0 Thread added: 0x0000026ee37bada0
Event: 16.487 Thread 0x0000026ed9394ec0 Thread added: 0x0000026ee37b6570
Event: 16.487 Thread 0x0000026ed9394ec0 Thread added: 0x0000026ee37b9360
Event: 16.488 Thread 0x0000026ed9394ec0 Thread added: 0x0000026ee37bb430
Event: 16.538 Thread 0x0000026ee37bada0 Thread exited: 0x0000026ee37bada0
Event: 16.538 Thread 0x0000026ee37b6570 Thread exited: 0x0000026ee37b6570
Event: 16.538 Thread 0x0000026ee37bb430 Thread exited: 0x0000026ee37bb430
Event: 16.538 Thread 0x0000026ee37b9360 Thread exited: 0x0000026ee37b9360
Event: 16.538 Thread 0x0000026ee37ba080 Thread exited: 0x0000026ee37ba080
Event: 22.336 Thread 0x0000026ed9137040 Thread exited: 0x0000026ed9137040
Event: 23.525 Thread 0x0000026effac6040 Thread added: 0x0000026ed9d1ad60
Event: 23.859 Thread 0x0000026ed9d1ad60 Thread exited: 0x0000026ed9d1ad60
Event: 24.054 Thread 0x0000026effac6040 Thread added: 0x0000026ed9d1ad60
Event: 27.727 Thread 0x0000026ed9d1ad60 Thread exited: 0x0000026ed9d1ad60


Dynamic libraries:
0x00007ff7e3f90000 - 0x00007ff7e3f9e000 	c:\Users\Abllaye Sagna\.vscode\extensions\redhat.java-1.41.1-win32-x64\jre\21.0.6-win32-x86_64\bin\java.exe
0x00007ffca4ad0000 - 0x00007ffca4cc8000 	C:\Windows\SYSTEM32\ntdll.dll
0x00007ffca3d70000 - 0x00007ffca3e32000 	C:\Windows\System32\KERNEL32.DLL
0x00007ffca22c0000 - 0x00007ffca25b6000 	C:\Windows\System32\KERNELBASE.dll
0x00007ffca2770000 - 0x00007ffca2870000 	C:\Windows\System32\ucrtbase.dll
0x00007ffc81e80000 - 0x00007ffc81e98000 	c:\Users\Abllaye Sagna\.vscode\extensions\redhat.java-1.41.1-win32-x64\jre\21.0.6-win32-x86_64\bin\jli.dll
0x00007ffca3610000 - 0x00007ffca37ad000 	C:\Windows\System32\USER32.dll
0x00007ffca2870000 - 0x00007ffca2892000 	C:\Windows\System32\win32u.dll
0x00007ffca3e40000 - 0x00007ffca3e6b000 	C:\Windows\System32\GDI32.dll
0x00007ffca25c0000 - 0x00007ffca26da000 	C:\Windows\System32\gdi32full.dll
0x00007ffca29a0000 - 0x00007ffca2a3d000 	C:\Windows\System32\msvcp_win.dll
0x00007ffc8b610000 - 0x00007ffc8b8aa000 	C:\Windows\WinSxS\amd64_microsoft.windows.common-controls_6595b64144ccf1df_6.0.19041.4355_none_60b8b9eb71f62e16\COMCTL32.dll
0x00007ffca3300000 - 0x00007ffca339e000 	C:\Windows\System32\msvcrt.dll
0x00007ffc7abf0000 - 0x00007ffc7ac0e000 	c:\Users\Abllaye Sagna\.vscode\extensions\redhat.java-1.41.1-win32-x64\jre\21.0.6-win32-x86_64\bin\VCRUNTIME140.dll
0x00007ffca45e0000 - 0x00007ffca460f000 	C:\Windows\System32\IMM32.DLL
0x00007ffc8bac0000 - 0x00007ffc8bacc000 	c:\Users\Abllaye Sagna\.vscode\extensions\redhat.java-1.41.1-win32-x64\jre\21.0.6-win32-x86_64\bin\vcruntime140_1.dll
0x00007ffc4c1d0000 - 0x00007ffc4c25d000 	c:\Users\Abllaye Sagna\.vscode\extensions\redhat.java-1.41.1-win32-x64\jre\21.0.6-win32-x86_64\bin\msvcp140.dll
0x00007ffc402c0000 - 0x00007ffc41050000 	c:\Users\Abllaye Sagna\.vscode\extensions\redhat.java-1.41.1-win32-x64\jre\21.0.6-win32-x86_64\bin\server\jvm.dll
0x00007ffca33a0000 - 0x00007ffca344f000 	C:\Windows\System32\ADVAPI32.dll
0x00007ffca2de0000 - 0x00007ffca2e7f000 	C:\Windows\System32\sechost.dll
0x00007ffca3460000 - 0x00007ffca3583000 	C:\Windows\System32\RPCRT4.dll
0x00007ffca2920000 - 0x00007ffca2947000 	C:\Windows\System32\bcrypt.dll
0x00007ffca4880000 - 0x00007ffca48eb000 	C:\Windows\System32\WS2_32.dll
0x00007ffca1f10000 - 0x00007ffca1f5b000 	C:\Windows\SYSTEM32\POWRPROF.dll
0x00007ffc87070000 - 0x00007ffc87097000 	C:\Windows\SYSTEM32\WINMM.dll
0x00007ffc972d0000 - 0x00007ffc972da000 	C:\Windows\SYSTEM32\VERSION.dll
0x00007ffca1ef0000 - 0x00007ffca1f02000 	C:\Windows\SYSTEM32\UMPDC.dll
0x00007ffca0940000 - 0x00007ffca0952000 	C:\Windows\SYSTEM32\kernel.appcore.dll
0x00007ffc7c790000 - 0x00007ffc7c79a000 	c:\Users\Abllaye Sagna\.vscode\extensions\redhat.java-1.41.1-win32-x64\jre\21.0.6-win32-x86_64\bin\jimage.dll
0x00007ffca0670000 - 0x00007ffca0854000 	C:\Windows\SYSTEM32\DBGHELP.DLL
0x00007ffc7b590000 - 0x00007ffc7b5c4000 	C:\Windows\SYSTEM32\dbgcore.DLL
0x00007ffca26e0000 - 0x00007ffca2762000 	C:\Windows\System32\bcryptPrimitives.dll
0x00007ffc7c4a0000 - 0x00007ffc7c4af000 	c:\Users\Abllaye Sagna\.vscode\extensions\redhat.java-1.41.1-win32-x64\jre\21.0.6-win32-x86_64\bin\instrument.dll
0x00007ffc63a20000 - 0x00007ffc63a3f000 	c:\Users\Abllaye Sagna\.vscode\extensions\redhat.java-1.41.1-win32-x64\jre\21.0.6-win32-x86_64\bin\java.dll
0x00007ffca3e70000 - 0x00007ffca45df000 	C:\Windows\System32\SHELL32.dll
0x00007ffc9fdf0000 - 0x00007ffca0593000 	C:\Windows\SYSTEM32\windows.storage.dll
0x00007ffca3a10000 - 0x00007ffca3d65000 	C:\Windows\System32\combase.dll
0x00007ffca19e0000 - 0x00007ffca1a0b000 	C:\Windows\SYSTEM32\Wldp.dll
0x00007ffca2d10000 - 0x00007ffca2ddd000 	C:\Windows\System32\OLEAUT32.dll
0x00007ffca3960000 - 0x00007ffca3a0d000 	C:\Windows\System32\SHCORE.dll
0x00007ffca2af0000 - 0x00007ffca2b45000 	C:\Windows\System32\shlwapi.dll
0x00007ffca2090000 - 0x00007ffca20b5000 	C:\Windows\SYSTEM32\profapi.dll
0x00007ffc633f0000 - 0x00007ffc63408000 	c:\Users\Abllaye Sagna\.vscode\extensions\redhat.java-1.41.1-win32-x64\jre\21.0.6-win32-x86_64\bin\zip.dll
0x00007ffc7ad30000 - 0x00007ffc7ad40000 	C:\Users\Abllaye Sagna\.vscode\extensions\redhat.java-1.41.1-win32-x64\jre\21.0.6-win32-x86_64\bin\net.dll
0x00007ffc95320000 - 0x00007ffc9542a000 	C:\Windows\SYSTEM32\WINHTTP.dll
0x00007ffca17c0000 - 0x00007ffca182c000 	C:\Windows\system32\mswsock.dll
0x00007ffc63250000 - 0x00007ffc63266000 	C:\Users\Abllaye Sagna\.vscode\extensions\redhat.java-1.41.1-win32-x64\jre\21.0.6-win32-x86_64\bin\nio.dll
0x00007ffc78d40000 - 0x00007ffc78d50000 	c:\Users\Abllaye Sagna\.vscode\extensions\redhat.java-1.41.1-win32-x64\jre\21.0.6-win32-x86_64\bin\verify.dll
0x00007ffc72b60000 - 0x00007ffc72ba5000 	C:\Users\Abllaye Sagna\AppData\Roaming\Code\User\globalStorage\redhat.java\1.41.1\config_win\org.eclipse.equinox.launcher\org.eclipse.equinox.launcher.win32.win32.x86_64_1.2.1300.v20250331-1702\eclipse_11911.dll
0x00007ffca2be0000 - 0x00007ffca2d0b000 	C:\Windows\System32\ole32.dll
0x00007ffca1a20000 - 0x00007ffca1a38000 	C:\Windows\SYSTEM32\CRYPTSP.dll
0x00007ffca1100000 - 0x00007ffca1138000 	C:\Windows\system32\rsaenh.dll
0x00007ffca2010000 - 0x00007ffca203e000 	C:\Windows\SYSTEM32\USERENV.dll
0x00007ffca1950000 - 0x00007ffca195c000 	C:\Windows\SYSTEM32\CRYPTBASE.dll
0x00007ffca14c0000 - 0x00007ffca14fb000 	C:\Windows\SYSTEM32\IPHLPAPI.DLL
0x00007ffca3450000 - 0x00007ffca3458000 	C:\Windows\System32\NSI.dll
0x00007ffc6e950000 - 0x00007ffc6e999000 	C:\Users\Abllaye Sagna\AppData\Local\Temp\jna--1035397096\jna8077544230548076609.dll
0x00007ffca4790000 - 0x00007ffca4798000 	C:\Windows\System32\PSAPI.DLL
0x00007ffc960d0000 - 0x00007ffc960e7000 	C:\Windows\SYSTEM32\dhcpcsvc6.DLL
0x00007ffc960b0000 - 0x00007ffc960cd000 	C:\Windows\SYSTEM32\dhcpcsvc.DLL

dbghelp: loaded successfully - version: 4.0.5 - missing functions: none
symbol engine: initialized successfully - sym options: 0x614 - pdb path: .;c:\Users\Abllaye Sagna\.vscode\extensions\redhat.java-1.41.1-win32-x64\jre\21.0.6-win32-x86_64\bin;C:\Windows\SYSTEM32;C:\Windows\WinSxS\amd64_microsoft.windows.common-controls_6595b64144ccf1df_6.0.19041.4355_none_60b8b9eb71f62e16;c:\Users\Abllaye Sagna\.vscode\extensions\redhat.java-1.41.1-win32-x64\jre\21.0.6-win32-x86_64\bin\server;C:\Users\Abllaye Sagna\AppData\Roaming\Code\User\globalStorage\redhat.java\1.41.1\config_win\org.eclipse.equinox.launcher\org.eclipse.equinox.launcher.win32.win32.x86_64_1.2.1300.v20250331-1702;C:\Users\Abllaye Sagna\AppData\Local\Temp\jna--1035397096

VM Arguments:
jvm_args: --add-modules=ALL-SYSTEM --add-opens=java.base/java.util=ALL-UNNAMED --add-opens=java.base/java.lang=ALL-UNNAMED --add-opens=java.base/sun.nio.fs=ALL-UNNAMED -Declipse.application=org.eclipse.jdt.ls.core.id1 -Dosgi.bundles.defaultStartLevel=4 -Declipse.product=org.eclipse.jdt.ls.core.product -Djava.import.generatesMetadataFilesAtProjectRoot=false -DDetectVMInstallationsJob.disabled=true -Dfile.encoding=utf8 -XX:+UseParallelGC -XX:GCTimeRatio=4 -XX:AdaptiveSizePolicyWeight=90 -Dsun.zip.disableMemoryMapping=true -Xmx1G -Xms100m -Xlog:disable -javaagent:c:\Users\Abllaye Sagna\.vscode\extensions\redhat.java-1.41.1-win32-x64\lombok\lombok-1.18.36.jar -XX:+HeapDumpOnOutOfMemoryError -XX:HeapDumpPath=c:\Users\Abllaye Sagna\AppData\Roaming\Code\User\workspaceStorage\6b7f365eda9147d9c21f87dc6ac22f9c\redhat.java -Daether.dependencyCollector.impl=bf 
java_command: c:\Users\Abllaye Sagna\.vscode\extensions\redhat.java-1.41.1-win32-x64\server\plugins\org.eclipse.equinox.launcher_1.7.0.v20250331-1702.jar -configuration c:\Users\Abllaye Sagna\AppData\Roaming\Code\User\globalStorage\redhat.java\1.41.1\config_win -data c:\Users\Abllaye Sagna\AppData\Roaming\Code\User\workspaceStorage\6b7f365eda9147d9c21f87dc6ac22f9c\redhat.java\jdt_ws --pipe=\\.\pipe\lsp-51c7e1ee5730b87cd507ccaabf87e4ad-sock
java_class_path (initial): c:\Users\Abllaye Sagna\.vscode\extensions\redhat.java-1.41.1-win32-x64\server\plugins\org.eclipse.equinox.launcher_1.7.0.v20250331-1702.jar
Launcher Type: SUN_STANDARD

[Global flags]
    uintx AdaptiveSizePolicyWeight                 = 90                                        {product} {command line}
     intx CICompilerCount                          = 4                                         {product} {ergonomic}
    uintx GCTimeRatio                              = 4                                         {product} {command line}
     bool HeapDumpOnOutOfMemoryError               = true                                   {manageable} {command line}
    ccstr HeapDumpPath                             = c:\Users\Abllaye Sagna\AppData\Roaming\Code\User\workspaceStorage\6b7f365eda9147d9c21f87dc6ac22f9c\redhat.java         {manageable} {command line}
   size_t InitialHeapSize                          = 104857600                                 {product} {command line}
   size_t MaxHeapSize                              = 1073741824                                {product} {command line}
   size_t MaxNewSize                               = 357564416                                 {product} {ergonomic}
   size_t MinHeapDeltaBytes                        = 524288                                    {product} {ergonomic}
   size_t MinHeapSize                              = 104857600                                 {product} {command line}
   size_t NewSize                                  = 34603008                                  {product} {ergonomic}
    uintx NonNMethodCodeHeapSize                   = 5839372                                {pd product} {ergonomic}
    uintx NonProfiledCodeHeapSize                  = 122909434                              {pd product} {ergonomic}
   size_t OldSize                                  = 70254592                                  {product} {ergonomic}
    uintx ProfiledCodeHeapSize                     = 122909434                              {pd product} {ergonomic}
    uintx ReservedCodeCacheSize                    = 251658240                              {pd product} {ergonomic}
     bool SegmentedCodeCache                       = true                                      {product} {ergonomic}
   size_t SoftMaxHeapSize                          = 1073741824                             {manageable} {ergonomic}
     bool UseCompressedOops                        = true                           {product lp64_product} {ergonomic}
     bool UseLargePagesIndividualAllocation        = false                                  {pd product} {ergonomic}
     bool UseParallelGC                            = true                                      {product} {command line}

Logging:
Log output configuration:
 #0: stdout all=off uptime,level,tags foldmultilines=false
 #1: stderr all=off uptime,level,tags foldmultilines=false

Environment Variables:
PATH=C:\Python312\Scripts\;C:\Python312\;E:\app\Abllaye_Sagna\product\11.2.0\dbhome_1\bin;\bin;C:\Program Files\Common Files\Oracle\Java\javapath;C:\Windows\system32;C:\Windows;C:\Windows\System32\Wbem;C:\Windows\System32\WindowsPowerShell\v1.0\;C:\Windows\System32\OpenSSH\;C:\Program Files\swipl\bin;C:\Program Files\nodejs\;C:\ProgramData\chocolatey\bin;C:\ProgramData\ComposerSetup\bin;C:\wamp64\bin\php\php8.3.0;C:\redis;C:\Program Files\dotnet\;C:\Program Files\Git\cmd;C:\Program Files\Java\jdk-23\bin;;C:\Program Files\Docker\Docker\resources\bin;C:\Users\Abllaye Sagna\AppData\Local\Microsoft\WindowsApps;C:\Users\Abllaye Sagna\AppData\Local\Programs\Microsoft VS Code\bin;C:\Users\Abllaye Sagna\AppData\Roaming\npm;C:\Users\Abllaye Sagna\AppData\Roaming\Composer\vendor\bin;E:\Programme Installe\IntelliJ IDEA Community Edition 2024.3\bin;;C:\Users\Abllaye Sagna\AppData\Local\Muse Hub\lib;C:\Program Files\Java\jdk-23\bin;
USERNAME=Abllaye Sagna
OS=Windows_NT
PROCESSOR_IDENTIFIER=Intel64 Family 6 Model 142 Stepping 10, GenuineIntel
TMP=C:\Users\ABLLAY~1\AppData\Local\Temp
TEMP=C:\Users\ABLLAY~1\AppData\Local\Temp




Periodic native trim disabled

---------------  S Y S T E M  ---------------

OS:
 Windows 10 , 64 bit Build 19041 (10.0.19041.5678)
OS uptime: 1 days 14:26 hours
Hyper-V role detected

CPU: total 8 (initial active 8) (4 cores per cpu, 2 threads per core) family 6 model 142 stepping 10 microcode 0xf6, cx8, cmov, fxsr, ht, mmx, 3dnowpref, sse, sse2, sse3, ssse3, sse4.1, sse4.2, popcnt, lzcnt, tsc, tscinvbit, avx, avx2, aes, erms, clmul, bmi1, bmi2, rtm, adx, fma, vzeroupper, clflush, clflushopt, hv, rdtscp, f16c
Processor Information for the first 8 processors :
  Max Mhz: 1896, Current Mhz: 1696, Mhz Limit: 1687

Memory: 4k page, system-wide physical 8051M (213M free)
TotalPageFile size 24051M (AvailPageFile size 11M)
current process WorkingSet (physical memory assigned to process): 658M, peak: 683M
current process commit charge ("private bytes"): 647M, peak: 923M

vm_info: OpenJDK 64-Bit Server VM (21.0.6+7-LTS) for windows-amd64 JRE (21.0.6+7-LTS), built on 2025-01-21T00:00:00Z by "admin" with MS VC++ 17.7 (VS2022)

END.
