#
# There is insufficient memory for the Java Runtime Environment to continue.
# Native memory allocation (malloc) failed to allocate 881616 bytes. Error detail: Chunk::new
# Possible reasons:
#   The system is out of physical RAM or swap space
#   This process is running with CompressedOops enabled, and the Java Heap may be blocking the growth of the native heap
# Possible solutions:
#   Reduce memory load on the system
#   Increase physical memory or swap space
#   Check if swap backing store is full
#   Decrease Java heap size (-Xmx/-Xms)
#   Decrease number of Java threads
#   Decrease Java thread stack sizes (-Xss)
#   Set larger code cache with -XX:ReservedCodeCacheSize=
#   JVM is running with Unscaled Compressed Oops mode in which the Java heap is
#     placed in the first 4GB address space. The Java Heap base address is the
#     maximum limit for the native heap growth. Please use -XX:HeapBaseMinAddress
#     to set the Java Heap base and to place the Java Heap above 4GB virtual address.
# This output file may be truncated or incomplete.
#
#  Out of Memory Error (arena.cpp:168), pid=8000, tid=5192
#
# JRE version: OpenJDK Runtime Environment Temurin-21.0.6+7 (21.0.6+7) (build 21.0.6+7-LTS)
# Java VM: OpenJDK 64-Bit Server VM Temurin-21.0.6+7 (21.0.6+7-LTS, mixed mode, sharing, tiered, compressed oops, compressed class ptrs, parallel gc, windows-amd64)
# No core dump will be written. Minidumps are not enabled by default on client versions of Windows
#

---------------  S U M M A R Y ------------

Command Line: --add-modules=ALL-SYSTEM --add-opens=java.base/java.util=ALL-UNNAMED --add-opens=java.base/java.lang=ALL-UNNAMED --add-opens=java.base/sun.nio.fs=ALL-UNNAMED -Declipse.application=org.eclipse.jdt.ls.core.id1 -Dosgi.bundles.defaultStartLevel=4 -Declipse.product=org.eclipse.jdt.ls.core.product -Djava.import.generatesMetadataFilesAtProjectRoot=false -DDetectVMInstallationsJob.disabled=true -Dfile.encoding=utf8 -XX:+UseParallelGC -XX:GCTimeRatio=4 -XX:AdaptiveSizePolicyWeight=90 -Dsun.zip.disableMemoryMapping=true -Xmx1G -Xms100m -Xlog:disable -javaagent:c:\Users\Abllaye Sagna\.vscode\extensions\redhat.java-1.41.1-win32-x64\lombok\lombok-1.18.36.jar -XX:+HeapDumpOnOutOfMemoryError -XX:HeapDumpPath=c:\Users\Abllaye Sagna\AppData\Roaming\Code\User\workspaceStorage\6b7f365eda9147d9c21f87dc6ac22f9c\redhat.java -Daether.dependencyCollector.impl=bf c:\Users\Abllaye Sagna\.vscode\extensions\redhat.java-1.41.1-win32-x64\server\plugins\org.eclipse.equinox.launcher_1.7.0.v20250331-1702.jar -configuration c:\Users\Abllaye Sagna\AppData\Roaming\Code\User\globalStorage\redhat.java\1.41.1\config_win -data c:\Users\Abllaye Sagna\AppData\Roaming\Code\User\workspaceStorage\6b7f365eda9147d9c21f87dc6ac22f9c\redhat.java\jdt_ws --pipe=\\.\pipe\lsp-5378cf2a96684385aa4b965a01706c10-sock

Host: Intel(R) Core(TM) i5-8350U CPU @ 1.70GHz, 8 cores, 7G,  Windows 10 , 64 bit Build 19041 (10.0.19041.5678)
Time: Fri Apr 11 09:25:49 2025 Greenwich elapsed time: 6.327641 seconds (0d 0h 0m 6s)

---------------  T H R E A D  ---------------

Current thread (0x0000025f7f281b90):  JavaThread "C2 CompilerThread0" daemon [_thread_in_native, id=5192, stack(0x000000f221500000,0x000000f221600000) (1024K)]


Current CompileTask:
C2:6327 4175   !   4       org.eclipse.osgi.internal.loader.classpath.ClasspathManager::findClassImpl (343 bytes)

Stack: [0x000000f221500000,0x000000f221600000]
Native frames: (J=compiled Java code, j=interpreted, Vv=VM code, C=native code)
V  [jvm.dll+0x6cdee9]
V  [jvm.dll+0x8a83d1]
V  [jvm.dll+0x8aa8fe]
V  [jvm.dll+0x8aafe3]
V  [jvm.dll+0x27f706]
V  [jvm.dll+0xc500d]
V  [jvm.dll+0xc5543]
V  [jvm.dll+0x2f2acd]
V  [jvm.dll+0x5f6a2a]
V  [jvm.dll+0x250bb2]
V  [jvm.dll+0x250f6f]
V  [jvm.dll+0x249834]
V  [jvm.dll+0x246ec4]
V  [jvm.dll+0x1c75ee]
V  [jvm.dll+0x25685a]
V  [jvm.dll+0x254dfa]
V  [jvm.dll+0x3f0256]
V  [jvm.dll+0x851f8b]
V  [jvm.dll+0x6cc5ed]
C  [ucrtbase.dll+0x21bb2]
C  [KERNEL32.DLL+0x17374]
C  [ntdll.dll+0x4cc91]


---------------  P R O C E S S  ---------------

Threads class SMR info:
_java_thread_list=0x0000025f4ab47e90, length=37, elements={
0x0000025f6ae46f20, 0x0000025f7f273510, 0x0000025f7f274670, 0x0000025f7f276060,
0x0000025f7f279e30, 0x0000025f7f27ce10, 0x0000025f7f280020, 0x0000025f7f281b90,
0x0000025f7f2842f0, 0x0000025f480f7420, 0x0000025f480f3fa0, 0x0000025f480f59e0,
0x0000025f480f6700, 0x0000025f480f5350, 0x0000025f480f6070, 0x0000025f480f6d90,
0x0000025f480f4630, 0x0000025f480f4cc0, 0x0000025f49496c50, 0x0000025f49495f30,
0x0000025f494944f0, 0x0000025f496298f0, 0x0000025f494937d0, 0x0000025f49492420,
0x0000025f49494b80, 0x0000025f49495210, 0x0000025f494958a0, 0x0000025f494965c0,
0x0000025f49492ab0, 0x0000025f49491700, 0x0000025f49493140, 0x0000025f49493e60,
0x0000025f494972e0, 0x0000025f49490350, 0x0000025f49497970, 0x0000025f494909e0,
0x0000025f49491070
}

Java Threads: ( => current thread )
  0x0000025f6ae46f20 JavaThread "main"                              [_thread_in_vm, id=9348, stack(0x000000f220b00000,0x000000f220c00000) (1024K)]
  0x0000025f7f273510 JavaThread "Reference Handler"          daemon [_thread_blocked, id=14028, stack(0x000000f220f00000,0x000000f221000000) (1024K)]
  0x0000025f7f274670 JavaThread "Finalizer"                  daemon [_thread_blocked, id=21136, stack(0x000000f221000000,0x000000f221100000) (1024K)]
  0x0000025f7f276060 JavaThread "Signal Dispatcher"          daemon [_thread_blocked, id=13844, stack(0x000000f221100000,0x000000f221200000) (1024K)]
  0x0000025f7f279e30 JavaThread "Attach Listener"            daemon [_thread_blocked, id=14228, stack(0x000000f221200000,0x000000f221300000) (1024K)]
  0x0000025f7f27ce10 JavaThread "Service Thread"             daemon [_thread_blocked, id=21632, stack(0x000000f221300000,0x000000f221400000) (1024K)]
  0x0000025f7f280020 JavaThread "Monitor Deflation Thread"   daemon [_thread_blocked, id=7024, stack(0x000000f221400000,0x000000f221500000) (1024K)]
=>0x0000025f7f281b90 JavaThread "C2 CompilerThread0"         daemon [_thread_in_native, id=5192, stack(0x000000f221500000,0x000000f221600000) (1024K)]
  0x0000025f7f2842f0 JavaThread "C1 CompilerThread0"         daemon [_thread_in_native, id=7652, stack(0x000000f221600000,0x000000f221700000) (1024K)]
  0x0000025f480f7420 JavaThread "Common-Cleaner"             daemon [_thread_blocked, id=20048, stack(0x000000f221700000,0x000000f221800000) (1024K)]
  0x0000025f480f3fa0 JavaThread "Notification Thread"        daemon [_thread_blocked, id=16208, stack(0x000000f221900000,0x000000f221a00000) (1024K)]
  0x0000025f480f59e0 JavaThread "Active Thread: Equinox Container: 199a35c7-bf34-4615-a8ff-2367ece1be2d"        [_thread_blocked, id=18972, stack(0x000000f222100000,0x000000f222200000) (1024K)]
  0x0000025f480f6700 JavaThread "Refresh Thread: Equinox Container: 199a35c7-bf34-4615-a8ff-2367ece1be2d" daemon [_thread_blocked, id=5208, stack(0x000000f222200000,0x000000f222300000) (1024K)]
  0x0000025f480f5350 JavaThread "Framework Event Dispatcher: Equinox Container: 199a35c7-bf34-4615-a8ff-2367ece1be2d" daemon [_thread_blocked, id=15556, stack(0x000000f222400000,0x000000f222500000) (1024K)]
  0x0000025f480f6070 JavaThread "Start Level: Equinox Container: 199a35c7-bf34-4615-a8ff-2367ece1be2d" daemon [_thread_blocked, id=18620, stack(0x000000f222500000,0x000000f222600000) (1024K)]
  0x0000025f480f6d90 JavaThread "Bundle File Closer"         daemon [_thread_blocked, id=4576, stack(0x000000f222600000,0x000000f222700000) (1024K)]
  0x0000025f480f4630 JavaThread "SCR Component Actor"        daemon [_thread_blocked, id=17964, stack(0x000000f222700000,0x000000f222800000) (1024K)]
  0x0000025f480f4cc0 JavaThread "SCR Component Registry"     daemon [_thread_blocked, id=12036, stack(0x000000f221800000,0x000000f221900000) (1024K)]
  0x0000025f49496c50 JavaThread "Worker-JM"                         [_thread_blocked, id=15368, stack(0x000000f222800000,0x000000f222900000) (1024K)]
  0x0000025f49495f30 JavaThread "Worker-0: Updating Maven Dependencies"        [_thread_blocked, id=10884, stack(0x000000f222900000,0x000000f222a00000) (1024K)]
  0x0000025f494944f0 JavaThread "Worker-1: Repository registry initialization"        [_thread_in_vm, id=19356, stack(0x000000f222a00000,0x000000f222b00000) (1024K)]
  0x0000025f496298f0 JavaThread "C2 CompilerThread1"         daemon [_thread_in_native, id=2904, stack(0x000000f221a00000,0x000000f221b00000) (1024K)]
  0x0000025f494937d0 JavaThread "Java indexing"              daemon [_thread_blocked, id=19100, stack(0x000000f222b00000,0x000000f222c00000) (1024K)]
  0x0000025f49492420 JavaThread "Worker-2: Initialize After Load"        [_thread_blocked, id=16744, stack(0x000000f222c00000,0x000000f222d00000) (1024K)]
  0x0000025f49494b80 JavaThread "Worker-3: Loading available Gradle versions"        [_thread_in_vm, id=20776, stack(0x000000f222d00000,0x000000f222e00000) (1024K)]
  0x0000025f49495210 JavaThread "JNA Cleaner"                daemon [_thread_blocked, id=16476, stack(0x000000f222e00000,0x000000f222f00000) (1024K)]
  0x0000025f494958a0 JavaThread "Worker-4"                          [_thread_blocked, id=6684, stack(0x000000f223100000,0x000000f223200000) (1024K)]
  0x0000025f494965c0 JavaThread "Worker-5"                          [_thread_blocked, id=8668, stack(0x000000f223200000,0x000000f223300000) (1024K)]
  0x0000025f49492ab0 JavaThread "Thread-2"                   daemon [_thread_in_native, id=20220, stack(0x000000f223300000,0x000000f223400000) (1024K)]
  0x0000025f49491700 JavaThread "Thread-3"                   daemon [_thread_in_native, id=8412, stack(0x000000f223400000,0x000000f223500000) (1024K)]
  0x0000025f49493140 JavaThread "Thread-4"                   daemon [_thread_in_native, id=13532, stack(0x000000f223500000,0x000000f223600000) (1024K)]
  0x0000025f49493e60 JavaThread "Thread-5"                   daemon [_thread_in_native, id=9688, stack(0x000000f223600000,0x000000f223700000) (1024K)]
  0x0000025f494972e0 JavaThread "Thread-6"                   daemon [_thread_in_native, id=15648, stack(0x000000f223700000,0x000000f223800000) (1024K)]
  0x0000025f49490350 JavaThread "Thread-7"                   daemon [_thread_in_native, id=17548, stack(0x000000f223800000,0x000000f223900000) (1024K)]
  0x0000025f49497970 JavaThread "Thread-8"                   daemon [_thread_in_native, id=15692, stack(0x000000f223900000,0x000000f223a00000) (1024K)]
  0x0000025f494909e0 JavaThread "Thread-9"                   daemon [_thread_in_native, id=19080, stack(0x000000f223a00000,0x000000f223b00000) (1024K)]
  0x0000025f49491070 JavaThread "Thread-10"                  daemon [_thread_in_native, id=18976, stack(0x000000f223b00000,0x000000f223c00000) (1024K)]
Total: 37

Other Threads:
  0x0000025f7f261e60 VMThread "VM Thread"                           [id=8432, stack(0x000000f220e00000,0x000000f220f00000) (1024K)]
  0x0000025f6aeb57a0 WatcherThread "VM Periodic Task Thread"        [id=22000, stack(0x000000f220d00000,0x000000f220e00000) (1024K)]
  0x0000025f6ae63680 WorkerThread "GC Thread#0"                     [id=22520, stack(0x000000f220c00000,0x000000f220d00000) (1024K)]
  0x0000025f4889afb0 WorkerThread "GC Thread#1"                     [id=21372, stack(0x000000f221b00000,0x000000f221c00000) (1024K)]
  0x0000025f48998a40 WorkerThread "GC Thread#2"                     [id=18956, stack(0x000000f221c00000,0x000000f221d00000) (1024K)]
  0x0000025f48998de0 WorkerThread "GC Thread#3"                     [id=7784, stack(0x000000f221d00000,0x000000f221e00000) (1024K)]
  0x0000025f48ae6c80 WorkerThread "GC Thread#4"                     [id=7428, stack(0x000000f221e00000,0x000000f221f00000) (1024K)]
  0x0000025f48ae7020 WorkerThread "GC Thread#5"                     [id=19852, stack(0x000000f221f00000,0x000000f222000000) (1024K)]
  0x0000025f48ae73c0 WorkerThread "GC Thread#6"                     [id=5176, stack(0x000000f222000000,0x000000f222100000) (1024K)]
  0x0000025f48bc9870 WorkerThread "GC Thread#7"                     [id=7772, stack(0x000000f222300000,0x000000f222400000) (1024K)]
Total: 10

Threads with active compile tasks:
C2 CompilerThread0  6386 4175   !   4       org.eclipse.osgi.internal.loader.classpath.ClasspathManager::findClassImpl (343 bytes)
C1 CompilerThread0  6386 4350       3       java.util.TimSort::binarySort (223 bytes)
C2 CompilerThread1  6386 4213       4       org.eclipse.osgi.internal.serviceregistry.ServiceRegistry::notifyHooksPrivileged (58 bytes)
Total: 3

VM state: not at safepoint (normal execution)

VM Mutex/Monitor currently owned by a thread:  ([mutex/lock_event])
[0x00007ffc40f6e400] Compile_lock - owner thread: 0x0000000000000000

Heap address: 0x00000000c0000000, size: 1024 MB, Compressed Oops mode: 32-bit

CDS archive(s) mapped at: [0x0000025f02000000-0x0000025f02ba0000-0x0000025f02ba0000), size 12189696, SharedBaseAddress: 0x0000025f02000000, ArchiveRelocationMode: 1.
Compressed class space mapped at: 0x0000025f03000000-0x0000025f43000000, reserved size: 1073741824
Narrow klass base: 0x0000025f02000000, Narrow klass shift: 0, Narrow klass range: 0x100000000

GC Precious Log:
 CardTable entry size: 512
 CPUs: 8 total, 8 available
 Memory: 8051M
 Large Page Support: Disabled
 NUMA Support: Disabled
 Compressed Oops: Enabled (32-bit)
 Alignments: Space 512K, Generation 512K, Heap 2M
 Heap Min Capacity: 100M
 Heap Initial Capacity: 100M
 Heap Max Capacity: 1G
 Pre-touch: Disabled
 Parallel Workers: 8

Heap:
 PSYoungGen      total 24064K, used 8461K [0x00000000eab00000, 0x00000000ec980000, 0x0000000100000000)
  eden space 22016K, 29% used [0x00000000eab00000,0x00000000eb159298,0x00000000ec080000)
  from space 2048K, 95% used [0x00000000ec780000,0x00000000ec96a1c8,0x00000000ec980000)
  to   space 2560K, 0% used [0x00000000ec480000,0x00000000ec480000,0x00000000ec700000)
 ParOldGen       total 68608K, used 16646K [0x00000000c0000000, 0x00000000c4300000, 0x00000000eab00000)
  object space 68608K, 24% used [0x00000000c0000000,0x00000000c10419e8,0x00000000c4300000)
 Metaspace       used 33419K, committed 34432K, reserved 1114112K
  class space    used 3330K, committed 3776K, reserved 1048576K

Card table byte_map: [0x0000025f7eb30000,0x0000025f7ed40000] _byte_map_base: 0x0000025f7e530000

Marking Bits: (ParMarkBitMap*) 0x00007ffc40f73260
 Begin Bits: [0x0000025f00000000, 0x0000025f01000000)
 End Bits:   [0x0000025f01000000, 0x0000025f02000000)

Polling page: 0x0000025f6af10000

Metaspace:

Usage:
  Non-class:     29.38 MB used.
      Class:      3.25 MB used.
       Both:     32.64 MB used.

Virtual space:
  Non-class space:       64.00 MB reserved,      29.94 MB ( 47%) committed,  1 nodes.
      Class space:        1.00 GB reserved,       3.69 MB ( <1%) committed,  1 nodes.
             Both:        1.06 GB reserved,      33.62 MB (  3%) committed. 

Chunk freelists:
   Non-Class:  1.94 MB
       Class:  12.35 MB
        Both:  14.29 MB

MaxMetaspaceSize: unlimited
CompressedClassSpaceSize: 1.00 GB
Initial GC threshold: 21.00 MB
Current GC threshold: 35.00 MB
CDS: on
 - commit_granule_bytes: 65536.
 - commit_granule_words: 8192.
 - virtual_space_node_default_size: 8388608.
 - enlarge_chunks_in_place: 1.
 - use_allocation_guard: 0.


Internal statistics:

num_allocs_failed_limit: 3.
num_arena_births: 732.
num_arena_deaths: 14.
num_vsnodes_births: 2.
num_vsnodes_deaths: 0.
num_space_committed: 538.
num_space_uncommitted: 0.
num_chunks_returned_to_freelist: 17.
num_chunks_taken_from_freelist: 2097.
num_chunk_merges: 6.
num_chunk_splits: 1335.
num_chunks_enlarged: 821.
num_inconsistent_stats: 0.

CodeHeap 'non-profiled nmethods': size=120000Kb used=2051Kb max_used=2051Kb free=117948Kb
 bounds [0x0000025f77410000, 0x0000025f77680000, 0x0000025f7e940000]
CodeHeap 'profiled nmethods': size=120000Kb used=9152Kb max_used=9152Kb free=110848Kb
 bounds [0x0000025f6f940000, 0x0000025f70230000, 0x0000025f76e70000]
CodeHeap 'non-nmethods': size=5760Kb used=1347Kb max_used=1384Kb free=4412Kb
 bounds [0x0000025f76e70000, 0x0000025f770e0000, 0x0000025f77410000]
 total_blobs=4973 nmethods=4330 adapters=549
 compilation: enabled
              stopped_count=0, restarted_count=0
 full_count=0

Compilation events (20 events):
Event: 6.290 Thread 0x0000025f7f2842f0 4307       3       aQute.bnd.header.Parameters::append (104 bytes)
Event: 6.292 Thread 0x0000025f7f2842f0 nmethod 4307 0x0000025f70208a90 code [0x0000025f70208de0, 0x0000025f7020a2a0]
Event: 6.296 Thread 0x0000025f7f2842f0 4308       3       aQute.bnd.stream.EntryPipeline::filterKey (28 bytes)
Event: 6.298 Thread 0x0000025f7f2842f0 nmethod 4308 0x0000025f7020aa90 code [0x0000025f7020ad00, 0x0000025f7020b908]
Event: 6.298 Thread 0x0000025f7f2842f0 4309       3       aQute.bnd.stream.EntryPipeline$$Lambda/0x0000025f03122100::<init> (10 bytes)
Event: 6.299 Thread 0x0000025f7f2842f0 nmethod 4309 0x0000025f7020bd10 code [0x0000025f7020bec0, 0x0000025f7020c048]
Event: 6.299 Thread 0x0000025f7f2842f0 4306       3       aQute.bnd.header.Parameters::toString (18 bytes)
Event: 6.299 Thread 0x0000025f7f2842f0 nmethod 4306 0x0000025f7020c110 code [0x0000025f7020c300, 0x0000025f7020c6d8]
Event: 6.300 Thread 0x0000025f7f2842f0 4312       3       org.eclipse.osgi.internal.loader.classpath.ClasspathEntry::findResource (65 bytes)
Event: 6.300 Thread 0x0000025f7f2842f0 nmethod 4312 0x0000025f7020c890 code [0x0000025f7020caa0, 0x0000025f7020d1c0]
Event: 6.301 Thread 0x0000025f7f2842f0 4311       3       org.eclipse.osgi.storage.bundlefile.BundleFile::getResourceURL (24 bytes)
Event: 6.301 Thread 0x0000025f7f2842f0 nmethod 4311 0x0000025f7020d410 code [0x0000025f7020d5e0, 0x0000025f7020d8f8]
Event: 6.310 Thread 0x0000025f7f2842f0 4313   !   3       java.lang.ClassLoader::addClass (27 bytes)
Event: 6.311 Thread 0x0000025f7f2842f0 nmethod 4313 0x0000025f7020da10 code [0x0000025f7020dc00, 0x0000025f7020e1f0]
Event: 6.311 Thread 0x0000025f7f2842f0 4314   !   3       org.eclipse.osgi.internal.hooks.EclipseLazyStarter::postFindLocalClass (394 bytes)
Event: 6.316 Thread 0x0000025f7f2842f0 nmethod 4314 0x0000025f7020e510 code [0x0000025f7020ea60, 0x0000025f70211a38]
Event: 6.317 Thread 0x0000025f7f2842f0 4315       2       java.security.CodeSource::getCertificates (95 bytes)
Event: 6.318 Thread 0x0000025f7f2842f0 nmethod 4315 0x0000025f70212d10 code [0x0000025f70212f20, 0x0000025f702133e8]
Event: 6.318 Thread 0x0000025f7f2842f0 4316       3       com.google.inject.internal.DeclaredMembers$$Lambda/0x0000025f03370ca8::apply (8 bytes)
Event: 6.318 Thread 0x0000025f7f2842f0 nmethod 4316 0x0000025f70213690 code [0x0000025f70213840, 0x0000025f70213a60]

GC Heap History (20 events):
Event: 3.627 GC heap before
{Heap before GC invocations=4 (full 0):
 PSYoungGen      total 29696K, used 29670K [0x00000000eab00000, 0x00000000ecc00000, 0x0000000100000000)
  eden space 25600K, 99% used [0x00000000eab00000,0x00000000ec3ff1a8,0x00000000ec400000)
  from space 4096K, 99% used [0x00000000ec400000,0x00000000ec7fa780,0x00000000ec800000)
  to   space 4096K, 0% used [0x00000000ec800000,0x00000000ec800000,0x00000000ecc00000)
 ParOldGen       total 68608K, used 5912K [0x00000000c0000000, 0x00000000c4300000, 0x00000000eab00000)
  object space 68608K, 8% used [0x00000000c0000000,0x00000000c05c6168,0x00000000c4300000)
 Metaspace       used 12170K, committed 12608K, reserved 1114112K
  class space    used 1213K, committed 1344K, reserved 1048576K
}
Event: 3.633 GC heap after
{Heap after GC invocations=4 (full 0):
 PSYoungGen      total 29696K, used 4081K [0x00000000eab00000, 0x00000000ecc00000, 0x0000000100000000)
  eden space 25600K, 0% used [0x00000000eab00000,0x00000000eab00000,0x00000000ec400000)
  from space 4096K, 99% used [0x00000000ec800000,0x00000000ecbfc580,0x00000000ecc00000)
  to   space 4096K, 0% used [0x00000000ec400000,0x00000000ec400000,0x00000000ec800000)
 ParOldGen       total 68608K, used 6899K [0x00000000c0000000, 0x00000000c4300000, 0x00000000eab00000)
  object space 68608K, 10% used [0x00000000c0000000,0x00000000c06bcec0,0x00000000c4300000)
 Metaspace       used 12170K, committed 12608K, reserved 1114112K
  class space    used 1213K, committed 1344K, reserved 1048576K
}
Event: 4.237 GC heap before
{Heap before GC invocations=5 (full 0):
 PSYoungGen      total 29696K, used 29681K [0x00000000eab00000, 0x00000000ecc00000, 0x0000000100000000)
  eden space 25600K, 100% used [0x00000000eab00000,0x00000000ec400000,0x00000000ec400000)
  from space 4096K, 99% used [0x00000000ec800000,0x00000000ecbfc580,0x00000000ecc00000)
  to   space 4096K, 0% used [0x00000000ec400000,0x00000000ec400000,0x00000000ec800000)
 ParOldGen       total 68608K, used 6899K [0x00000000c0000000, 0x00000000c4300000, 0x00000000eab00000)
  object space 68608K, 10% used [0x00000000c0000000,0x00000000c06bcec0,0x00000000c4300000)
 Metaspace       used 16098K, committed 16768K, reserved 1114112K
  class space    used 1595K, committed 1856K, reserved 1048576K
}
Event: 4.245 GC heap after
{Heap after GC invocations=5 (full 0):
 PSYoungGen      total 29184K, used 4087K [0x00000000eab00000, 0x00000000ece80000, 0x0000000100000000)
  eden space 25088K, 0% used [0x00000000eab00000,0x00000000eab00000,0x00000000ec380000)
  from space 4096K, 99% used [0x00000000ec400000,0x00000000ec7fdd18,0x00000000ec800000)
  to   space 5632K, 0% used [0x00000000ec900000,0x00000000ec900000,0x00000000ece80000)
 ParOldGen       total 68608K, used 8190K [0x00000000c0000000, 0x00000000c4300000, 0x00000000eab00000)
  object space 68608K, 11% used [0x00000000c0000000,0x00000000c07ffaf0,0x00000000c4300000)
 Metaspace       used 16098K, committed 16768K, reserved 1114112K
  class space    used 1595K, committed 1856K, reserved 1048576K
}
Event: 4.634 GC heap before
{Heap before GC invocations=6 (full 0):
 PSYoungGen      total 29184K, used 29175K [0x00000000eab00000, 0x00000000ece80000, 0x0000000100000000)
  eden space 25088K, 100% used [0x00000000eab00000,0x00000000ec380000,0x00000000ec380000)
  from space 4096K, 99% used [0x00000000ec400000,0x00000000ec7fdd18,0x00000000ec800000)
  to   space 5632K, 0% used [0x00000000ec900000,0x00000000ec900000,0x00000000ece80000)
 ParOldGen       total 68608K, used 8190K [0x00000000c0000000, 0x00000000c4300000, 0x00000000eab00000)
  object space 68608K, 11% used [0x00000000c0000000,0x00000000c07ffaf0,0x00000000c4300000)
 Metaspace       used 18217K, committed 19008K, reserved 1114112K
  class space    used 1833K, committed 2176K, reserved 1048576K
}
Event: 4.639 GC heap after
{Heap after GC invocations=6 (full 0):
 PSYoungGen      total 29696K, used 5072K [0x00000000eab00000, 0x00000000ece00000, 0x0000000100000000)
  eden space 24576K, 0% used [0x00000000eab00000,0x00000000eab00000,0x00000000ec300000)
  from space 5120K, 99% used [0x00000000ec900000,0x00000000ecdf4098,0x00000000ece00000)
  to   space 5632K, 0% used [0x00000000ec300000,0x00000000ec300000,0x00000000ec880000)
 ParOldGen       total 68608K, used 8198K [0x00000000c0000000, 0x00000000c4300000, 0x00000000eab00000)
  object space 68608K, 11% used [0x00000000c0000000,0x00000000c0801af0,0x00000000c4300000)
 Metaspace       used 18217K, committed 19008K, reserved 1114112K
  class space    used 1833K, committed 2176K, reserved 1048576K
}
Event: 4.862 GC heap before
{Heap before GC invocations=7 (full 0):
 PSYoungGen      total 29696K, used 29648K [0x00000000eab00000, 0x00000000ece00000, 0x0000000100000000)
  eden space 24576K, 100% used [0x00000000eab00000,0x00000000ec300000,0x00000000ec300000)
  from space 5120K, 99% used [0x00000000ec900000,0x00000000ecdf4098,0x00000000ece00000)
  to   space 5632K, 0% used [0x00000000ec300000,0x00000000ec300000,0x00000000ec880000)
 ParOldGen       total 68608K, used 8198K [0x00000000c0000000, 0x00000000c4300000, 0x00000000eab00000)
  object space 68608K, 11% used [0x00000000c0000000,0x00000000c0801af0,0x00000000c4300000)
 Metaspace       used 20213K, committed 20992K, reserved 1114112K
  class space    used 1994K, committed 2304K, reserved 1048576K
}
Event: 4.866 GC heap after
{Heap after GC invocations=7 (full 0):
 PSYoungGen      total 29696K, used 5624K [0x00000000eab00000, 0x00000000ed280000, 0x0000000100000000)
  eden space 24064K, 0% used [0x00000000eab00000,0x00000000eab00000,0x00000000ec280000)
  from space 5632K, 99% used [0x00000000ec300000,0x00000000ec87e2b0,0x00000000ec880000)
  to   space 8192K, 0% used [0x00000000eca80000,0x00000000eca80000,0x00000000ed280000)
 ParOldGen       total 68608K, used 10227K [0x00000000c0000000, 0x00000000c4300000, 0x00000000eab00000)
  object space 68608K, 14% used [0x00000000c0000000,0x00000000c09fcdf8,0x00000000c4300000)
 Metaspace       used 20213K, committed 20992K, reserved 1114112K
  class space    used 1994K, committed 2304K, reserved 1048576K
}
Event: 4.889 GC heap before
{Heap before GC invocations=8 (full 0):
 PSYoungGen      total 29696K, used 8074K [0x00000000eab00000, 0x00000000ed280000, 0x0000000100000000)
  eden space 24064K, 10% used [0x00000000eab00000,0x00000000ead64690,0x00000000ec280000)
  from space 5632K, 99% used [0x00000000ec300000,0x00000000ec87e2b0,0x00000000ec880000)
  to   space 8192K, 0% used [0x00000000eca80000,0x00000000eca80000,0x00000000ed280000)
 ParOldGen       total 68608K, used 10227K [0x00000000c0000000, 0x00000000c4300000, 0x00000000eab00000)
  object space 68608K, 14% used [0x00000000c0000000,0x00000000c09fcdf8,0x00000000c4300000)
 Metaspace       used 20677K, committed 21504K, reserved 1114112K
  class space    used 2028K, committed 2368K, reserved 1048576K
}
Event: 4.892 GC heap after
{Heap after GC invocations=8 (full 0):
 PSYoungGen      total 28160K, used 3861K [0x00000000eab00000, 0x00000000ece80000, 0x0000000100000000)
  eden space 24064K, 0% used [0x00000000eab00000,0x00000000eab00000,0x00000000ec280000)
  from space 4096K, 94% used [0x00000000eca80000,0x00000000ece45410,0x00000000ece80000)
  to   space 5632K, 0% used [0x00000000ec380000,0x00000000ec380000,0x00000000ec900000)
 ParOldGen       total 68608K, used 11227K [0x00000000c0000000, 0x00000000c4300000, 0x00000000eab00000)
  object space 68608K, 16% used [0x00000000c0000000,0x00000000c0af6d18,0x00000000c4300000)
 Metaspace       used 20677K, committed 21504K, reserved 1114112K
  class space    used 2028K, committed 2368K, reserved 1048576K
}
Event: 4.892 GC heap before
{Heap before GC invocations=9 (full 1):
 PSYoungGen      total 28160K, used 3861K [0x00000000eab00000, 0x00000000ece80000, 0x0000000100000000)
  eden space 24064K, 0% used [0x00000000eab00000,0x00000000eab00000,0x00000000ec280000)
  from space 4096K, 94% used [0x00000000eca80000,0x00000000ece45410,0x00000000ece80000)
  to   space 5632K, 0% used [0x00000000ec380000,0x00000000ec380000,0x00000000ec900000)
 ParOldGen       total 68608K, used 11227K [0x00000000c0000000, 0x00000000c4300000, 0x00000000eab00000)
  object space 68608K, 16% used [0x00000000c0000000,0x00000000c0af6d18,0x00000000c4300000)
 Metaspace       used 20677K, committed 21504K, reserved 1114112K
  class space    used 2028K, committed 2368K, reserved 1048576K
}
Event: 4.932 GC heap after
{Heap after GC invocations=9 (full 1):
 PSYoungGen      total 28160K, used 0K [0x00000000eab00000, 0x00000000ece80000, 0x0000000100000000)
  eden space 24064K, 0% used [0x00000000eab00000,0x00000000eab00000,0x00000000ec280000)
  from space 4096K, 0% used [0x00000000eca80000,0x00000000eca80000,0x00000000ece80000)
  to   space 5632K, 0% used [0x00000000ec380000,0x00000000ec380000,0x00000000ec900000)
 ParOldGen       total 68608K, used 13149K [0x00000000c0000000, 0x00000000c4300000, 0x00000000eab00000)
  object space 68608K, 19% used [0x00000000c0000000,0x00000000c0cd76e0,0x00000000c4300000)
 Metaspace       used 20664K, committed 21504K, reserved 1114112K
  class space    used 2024K, committed 2368K, reserved 1048576K
}
Event: 5.177 GC heap before
{Heap before GC invocations=10 (full 1):
 PSYoungGen      total 28160K, used 23503K [0x00000000eab00000, 0x00000000ece80000, 0x0000000100000000)
  eden space 24064K, 97% used [0x00000000eab00000,0x00000000ec1f3d98,0x00000000ec280000)
  from space 4096K, 0% used [0x00000000eca80000,0x00000000eca80000,0x00000000ece80000)
  to   space 5632K, 0% used [0x00000000ec380000,0x00000000ec380000,0x00000000ec900000)
 ParOldGen       total 68608K, used 13149K [0x00000000c0000000, 0x00000000c4300000, 0x00000000eab00000)
  object space 68608K, 19% used [0x00000000c0000000,0x00000000c0cd76e0,0x00000000c4300000)
 Metaspace       used 24371K, committed 25152K, reserved 1114112K
  class space    used 2291K, committed 2624K, reserved 1048576K
}
Event: 5.178 GC heap after
{Heap after GC invocations=10 (full 1):
 PSYoungGen      total 29184K, used 398K [0x00000000eab00000, 0x00000000ecb00000, 0x0000000100000000)
  eden space 23552K, 0% used [0x00000000eab00000,0x00000000eab00000,0x00000000ec200000)
  from space 5632K, 7% used [0x00000000ec380000,0x00000000ec3e3890,0x00000000ec900000)
  to   space 2048K, 0% used [0x00000000ec900000,0x00000000ec900000,0x00000000ecb00000)
 ParOldGen       total 68608K, used 13149K [0x00000000c0000000, 0x00000000c4300000, 0x00000000eab00000)
  object space 68608K, 19% used [0x00000000c0000000,0x00000000c0cd76e0,0x00000000c4300000)
 Metaspace       used 24371K, committed 25152K, reserved 1114112K
  class space    used 2291K, committed 2624K, reserved 1048576K
}
Event: 5.515 GC heap before
{Heap before GC invocations=11 (full 1):
 PSYoungGen      total 29184K, used 23950K [0x00000000eab00000, 0x00000000ecb00000, 0x0000000100000000)
  eden space 23552K, 100% used [0x00000000eab00000,0x00000000ec200000,0x00000000ec200000)
  from space 5632K, 7% used [0x00000000ec380000,0x00000000ec3e3890,0x00000000ec900000)
  to   space 2048K, 0% used [0x00000000ec900000,0x00000000ec900000,0x00000000ecb00000)
 ParOldGen       total 68608K, used 13149K [0x00000000c0000000, 0x00000000c4300000, 0x00000000eab00000)
  object space 68608K, 19% used [0x00000000c0000000,0x00000000c0cd76e0,0x00000000c4300000)
 Metaspace       used 25651K, committed 26560K, reserved 1114112K
  class space    used 2379K, committed 2752K, reserved 1048576K
}
Event: 5.517 GC heap after
{Heap after GC invocations=11 (full 1):
 PSYoungGen      total 25088K, used 2027K [0x00000000eab00000, 0x00000000ecb00000, 0x0000000100000000)
  eden space 23040K, 0% used [0x00000000eab00000,0x00000000eab00000,0x00000000ec180000)
  from space 2048K, 99% used [0x00000000ec900000,0x00000000ecafaf30,0x00000000ecb00000)
  to   space 3584K, 0% used [0x00000000ec400000,0x00000000ec400000,0x00000000ec780000)
 ParOldGen       total 68608K, used 13954K [0x00000000c0000000, 0x00000000c4300000, 0x00000000eab00000)
  object space 68608K, 20% used [0x00000000c0000000,0x00000000c0da0bf0,0x00000000c4300000)
 Metaspace       used 25651K, committed 26560K, reserved 1114112K
  class space    used 2379K, committed 2752K, reserved 1048576K
}
Event: 6.020 GC heap before
{Heap before GC invocations=12 (full 1):
 PSYoungGen      total 25088K, used 25067K [0x00000000eab00000, 0x00000000ecb00000, 0x0000000100000000)
  eden space 23040K, 100% used [0x00000000eab00000,0x00000000ec180000,0x00000000ec180000)
  from space 2048K, 99% used [0x00000000ec900000,0x00000000ecafaf30,0x00000000ecb00000)
  to   space 3584K, 0% used [0x00000000ec400000,0x00000000ec400000,0x00000000ec780000)
 ParOldGen       total 68608K, used 13954K [0x00000000c0000000, 0x00000000c4300000, 0x00000000eab00000)
  object space 68608K, 20% used [0x00000000c0000000,0x00000000c0da0bf0,0x00000000c4300000)
 Metaspace       used 29704K, committed 30656K, reserved 1114112K
  class space    used 2852K, committed 3264K, reserved 1048576K
}
Event: 6.025 GC heap after
{Heap after GC invocations=12 (full 1):
 PSYoungGen      total 26112K, used 992K [0x00000000eab00000, 0x00000000ec980000, 0x0000000100000000)
  eden space 22528K, 0% used [0x00000000eab00000,0x00000000eab00000,0x00000000ec100000)
  from space 3584K, 27% used [0x00000000ec400000,0x00000000ec4f8000,0x00000000ec780000)
  to   space 2048K, 0% used [0x00000000ec780000,0x00000000ec780000,0x00000000ec980000)
 ParOldGen       total 68608K, used 15836K [0x00000000c0000000, 0x00000000c4300000, 0x00000000eab00000)
  object space 68608K, 23% used [0x00000000c0000000,0x00000000c0f77030,0x00000000c4300000)
 Metaspace       used 29704K, committed 30656K, reserved 1114112K
  class space    used 2852K, committed 3264K, reserved 1048576K
}
Event: 6.292 GC heap before
{Heap before GC invocations=13 (full 1):
 PSYoungGen      total 26112K, used 23520K [0x00000000eab00000, 0x00000000ec980000, 0x0000000100000000)
  eden space 22528K, 100% used [0x00000000eab00000,0x00000000ec100000,0x00000000ec100000)
  from space 3584K, 27% used [0x00000000ec400000,0x00000000ec4f8000,0x00000000ec780000)
  to   space 2048K, 0% used [0x00000000ec780000,0x00000000ec780000,0x00000000ec980000)
 ParOldGen       total 68608K, used 15836K [0x00000000c0000000, 0x00000000c4300000, 0x00000000eab00000)
  object space 68608K, 23% used [0x00000000c0000000,0x00000000c0f77030,0x00000000c4300000)
 Metaspace       used 32607K, committed 33600K, reserved 1114112K
  class space    used 3232K, committed 3648K, reserved 1048576K
}
Event: 6.296 GC heap after
{Heap after GC invocations=13 (full 1):
 PSYoungGen      total 24064K, used 1960K [0x00000000eab00000, 0x00000000ec980000, 0x0000000100000000)
  eden space 22016K, 0% used [0x00000000eab00000,0x00000000eab00000,0x00000000ec080000)
  from space 2048K, 95% used [0x00000000ec780000,0x00000000ec96a1c8,0x00000000ec980000)
  to   space 2560K, 0% used [0x00000000ec480000,0x00000000ec480000,0x00000000ec700000)
 ParOldGen       total 68608K, used 16646K [0x00000000c0000000, 0x00000000c4300000, 0x00000000eab00000)
  object space 68608K, 24% used [0x00000000c0000000,0x00000000c10419e8,0x00000000c4300000)
 Metaspace       used 32607K, committed 33600K, reserved 1114112K
  class space    used 3232K, committed 3648K, reserved 1048576K
}

Dll operation events (10 events):
Event: 0.014 Loaded shared library c:\Users\Abllaye Sagna\.vscode\extensions\redhat.java-1.41.1-win32-x64\jre\21.0.6-win32-x86_64\bin\java.dll
Event: 0.137 Loaded shared library c:\Users\Abllaye Sagna\.vscode\extensions\redhat.java-1.41.1-win32-x64\jre\21.0.6-win32-x86_64\bin\zip.dll
Event: 0.176 Loaded shared library C:\Users\Abllaye Sagna\.vscode\extensions\redhat.java-1.41.1-win32-x64\jre\21.0.6-win32-x86_64\bin\instrument.dll
Event: 0.188 Loaded shared library C:\Users\Abllaye Sagna\.vscode\extensions\redhat.java-1.41.1-win32-x64\jre\21.0.6-win32-x86_64\bin\net.dll
Event: 0.192 Loaded shared library C:\Users\Abllaye Sagna\.vscode\extensions\redhat.java-1.41.1-win32-x64\jre\21.0.6-win32-x86_64\bin\nio.dll
Event: 0.198 Loaded shared library C:\Users\Abllaye Sagna\.vscode\extensions\redhat.java-1.41.1-win32-x64\jre\21.0.6-win32-x86_64\bin\zip.dll
Event: 0.236 Loaded shared library C:\Users\Abllaye Sagna\.vscode\extensions\redhat.java-1.41.1-win32-x64\jre\21.0.6-win32-x86_64\bin\jimage.dll
Event: 0.339 Loaded shared library c:\Users\Abllaye Sagna\.vscode\extensions\redhat.java-1.41.1-win32-x64\jre\21.0.6-win32-x86_64\bin\verify.dll
Event: 2.065 Loaded shared library C:\Users\Abllaye Sagna\AppData\Roaming\Code\User\globalStorage\redhat.java\1.41.1\config_win\org.eclipse.equinox.launcher\org.eclipse.equinox.launcher.win32.win32.x86_64_1.2.1300.v20250331-1702\eclipse_11911.dll
Event: 5.977 Loaded shared library C:\Users\Abllaye Sagna\AppData\Local\Temp\jna--1035397096\jna11422610129292934615.dll

Deoptimization events (20 events):
Event: 6.133 Thread 0x0000025f480f6070 DEOPT PACKING pc=0x0000025f775ca7f0 sp=0x000000f2225fec50
Event: 6.133 Thread 0x0000025f480f6070 DEOPT UNPACKING pc=0x0000025f76ec3aa2 sp=0x000000f2225febd0 mode 2
Event: 6.141 Thread 0x0000025f49492420 DEOPT PACKING pc=0x0000025f6fcfc89f sp=0x000000f222cfa230
Event: 6.141 Thread 0x0000025f49492420 DEOPT UNPACKING pc=0x0000025f76ec4242 sp=0x000000f222cf97a0 mode 0
Event: 6.155 Thread 0x0000025f480f6070 Uncommon trap: trap_request=0xffffff45 fr.pc=0x0000025f775bde10 relative=0x0000000000000750
Event: 6.155 Thread 0x0000025f480f6070 Uncommon trap: reason=unstable_if action=reinterpret pc=0x0000025f775bde10 method=java.util.regex.Pattern$BmpCharPropertyGreedy.match(Ljava/util/regex/Matcher;ILjava/lang/CharSequence;)Z @ 12 c2
Event: 6.155 Thread 0x0000025f480f6070 DEOPT PACKING pc=0x0000025f775bde10 sp=0x000000f2225fd550
Event: 6.155 Thread 0x0000025f480f6070 DEOPT UNPACKING pc=0x0000025f76ec3aa2 sp=0x000000f2225fd418 mode 2
Event: 6.228 Thread 0x0000025f494944f0 Uncommon trap: trap_request=0xffffff45 fr.pc=0x0000025f7759688c relative=0x0000000000000b2c
Event: 6.228 Thread 0x0000025f494944f0 Uncommon trap: reason=unstable_if action=reinterpret pc=0x0000025f7759688c method=java.util.concurrent.ConcurrentHashMap.addCount(JI)V @ 171 c2
Event: 6.228 Thread 0x0000025f494944f0 DEOPT PACKING pc=0x0000025f7759688c sp=0x000000f222afd1b0
Event: 6.228 Thread 0x0000025f494944f0 DEOPT UNPACKING pc=0x0000025f76ec3aa2 sp=0x000000f222afd060 mode 2
Event: 6.271 Thread 0x0000025f494944f0 Uncommon trap: trap_request=0xffffff45 fr.pc=0x0000025f774d4018 relative=0x00000000000008d8
Event: 6.271 Thread 0x0000025f494944f0 Uncommon trap: reason=unstable_if action=reinterpret pc=0x0000025f774d4018 method=jdk.internal.org.objectweb.asm.SymbolTable.put(Ljdk/internal/org/objectweb/asm/SymbolTable$Entry;)Ljdk/internal/org/objectweb/asm/SymbolTable$Entry; @ 13 c2
Event: 6.271 Thread 0x0000025f494944f0 DEOPT PACKING pc=0x0000025f774d4018 sp=0x000000f222afd910
Event: 6.271 Thread 0x0000025f494944f0 DEOPT UNPACKING pc=0x0000025f76ec3aa2 sp=0x000000f222afd828 mode 2
Event: 6.300 Thread 0x0000025f494944f0 Uncommon trap: trap_request=0xffffffc6 fr.pc=0x0000025f77507388 relative=0x0000000000000fa8
Event: 6.300 Thread 0x0000025f494944f0 Uncommon trap: reason=bimorphic_or_optimized_type_check action=maybe_recompile pc=0x0000025f77507388 method=java.util.Properties$LineReader.readLine()I @ 479 c2
Event: 6.300 Thread 0x0000025f494944f0 DEOPT PACKING pc=0x0000025f77507388 sp=0x000000f222afd920
Event: 6.300 Thread 0x0000025f494944f0 DEOPT UNPACKING pc=0x0000025f76ec3aa2 sp=0x000000f222afd8c0 mode 2

Classes loaded (20 events):
Event: 6.223 Loading class sun/nio/ch/Interruptible done
Event: 6.223 Loading class java/nio/channels/spi/AbstractInterruptibleChannel$1 done
Event: 6.223 Loading class sun/nio/ch/IOStatus
Event: 6.223 Loading class sun/nio/ch/IOStatus done
Event: 6.232 Loading class java/util/concurrent/Executors$DefaultThreadFactory
Event: 6.233 Loading class java/util/concurrent/Executors$DefaultThreadFactory done
Event: 6.265 Loading class jdk/internal/event/ThreadSleepEvent
Event: 6.265 Loading class jdk/internal/event/ThreadSleepEvent done
Event: 6.277 Loading class java/math/BigDecimal
Event: 6.279 Loading class java/math/BigDecimal done
Event: 6.316 Loading class java/util/concurrent/atomic/AtomicIntegerArray
Event: 6.316 Loading class java/util/concurrent/atomic/AtomicIntegerArray done
Event: 6.322 Loading class java/util/Currency
Event: 6.323 Loading class java/util/Currency done
Event: 6.323 Loading class java/lang/ProcessHandle
Event: 6.323 Loading class java/lang/ProcessHandle done
Event: 6.323 Loading class java/lang/ProcessHandleImpl
Event: 6.324 Loading class java/lang/ProcessHandleImpl done
Event: 6.325 Loading class java/lang/annotation/IncompleteAnnotationException
Event: 6.325 Loading class java/lang/annotation/IncompleteAnnotationException done

Classes unloaded (7 events):
Event: 4.900 Thread 0x0000025f7f261e60 Unloading class 0x0000025f0319a400 'java/lang/invoke/LambdaForm$MH+0x0000025f0319a400'
Event: 4.900 Thread 0x0000025f7f261e60 Unloading class 0x0000025f0319a000 'java/lang/invoke/LambdaForm$MH+0x0000025f0319a000'
Event: 4.900 Thread 0x0000025f7f261e60 Unloading class 0x0000025f03199c00 'java/lang/invoke/LambdaForm$MH+0x0000025f03199c00'
Event: 4.900 Thread 0x0000025f7f261e60 Unloading class 0x0000025f03199800 'java/lang/invoke/LambdaForm$MH+0x0000025f03199800'
Event: 4.900 Thread 0x0000025f7f261e60 Unloading class 0x0000025f03199400 'java/lang/invoke/LambdaForm$BMH+0x0000025f03199400'
Event: 4.900 Thread 0x0000025f7f261e60 Unloading class 0x0000025f03199000 'java/lang/invoke/LambdaForm$DMH+0x0000025f03199000'
Event: 4.900 Thread 0x0000025f7f261e60 Unloading class 0x0000025f03197c00 'java/lang/invoke/LambdaForm$DMH+0x0000025f03197c00'

Classes redefined (0 events):
No events

Internal exceptions (20 events):
Event: 5.759 Thread 0x0000025f494944f0 Exception <a 'java/lang/NoSuchMethodError'{0x00000000eb4533b0}: 'int java.lang.invoke.DirectMethodHandle$Holder.invokeStaticInit(java.lang.Object, double, double)'> (0x00000000eb4533b0) 
thrown [s\src\hotspot\share\interpreter\linkResolver.cpp, line 773]
Event: 5.760 Thread 0x0000025f494944f0 Exception <a 'java/lang/NoSuchMethodError'{0x00000000eb466758}: 'int java.lang.invoke.DirectMethodHandle$Holder.invokeStatic(java.lang.Object, long)'> (0x00000000eb466758) 
thrown [s\src\hotspot\share\interpreter\linkResolver.cpp, line 773]
Event: 5.764 Thread 0x0000025f494944f0 Exception <a 'java/lang/NoSuchMethodError'{0x00000000eb4a10b8}: 'int java.lang.invoke.Invokers$Holder.linkToTargetMethod(java.lang.Object, java.lang.Object)'> (0x00000000eb4a10b8) 
thrown [s\src\hotspot\share\interpreter\linkResolver.cpp, line 773]
Event: 5.764 Thread 0x0000025f49495f30 Exception <a 'java/lang/NoSuchMethodError'{0x00000000eb4a3888}: 'int java.lang.invoke.Invokers$Holder.linkToTargetMethod(java.lang.Object, java.lang.Object)'> (0x00000000eb4a3888) 
thrown [s\src\hotspot\share\interpreter\linkResolver.cpp, line 773]
Event: 5.766 Thread 0x0000025f49495f30 Exception <a 'java/lang/NoSuchMethodError'{0x00000000eb4b9a58}: 'int java.lang.invoke.DirectMethodHandle$Holder.invokeSpecial(java.lang.Object, java.lang.Object, java.lang.Object, java.lang.Object)'> (0x00000000eb4b9a58) 
thrown [s\src\hotspot\share\interpreter\linkResolver.cpp, line 773]
Event: 5.768 Thread 0x0000025f49495f30 Exception <a 'java/lang/NoSuchMethodError'{0x00000000eb4d4910}: 'java.lang.Object java.lang.invoke.DirectMethodHandle$Holder.invokeStatic(java.lang.Object, int, java.lang.Object, java.lang.Object)'> (0x00000000eb4d4910) 
thrown [s\src\hotspot\share\interpreter\linkResolver.cpp, line 773]
Event: 5.768 Thread 0x0000025f49495f30 Exception <a 'java/lang/NoSuchMethodError'{0x00000000eb4dade8}: 'java.lang.Object java.lang.invoke.DelegatingMethodHandle$Holder.delegate(java.lang.Object, int, java.lang.Object, java.lang.Object)'> (0x00000000eb4dade8) 
thrown [s\src\hotspot\share\interpreter\linkResolver.cpp, line 773]
Event: 5.773 Thread 0x0000025f49495f30 Exception <a 'java/lang/NoSuchMethodError'{0x00000000eb5050f8}: 'int java.lang.invoke.Invokers$Holder.linkToTargetMethod(java.lang.Object, java.lang.Object, java.lang.Object)'> (0x00000000eb5050f8) 
thrown [s\src\hotspot\share\interpreter\linkResolver.cpp, line 773]
Event: 5.786 Thread 0x0000025f480f6070 Exception <a 'java/io/FileNotFoundException'{0x00000000eb55d7a8}> (0x00000000eb55d7a8) 
thrown [s\src\hotspot\share\prims\jni.cpp, line 520]
Event: 5.823 Thread 0x0000025f494944f0 Exception <a 'java/lang/NoSuchMethodError'{0x00000000eb7d5af0}: 'java.lang.Object java.lang.invoke.DirectMethodHandle$Holder.invokeSpecialIFC(java.lang.Object, java.lang.Object, java.lang.Object, java.lang.Object)'> (0x00000000eb7d5af0) 
thrown [s\src\hotspot\share\interpreter\linkResolver.cpp, line 773]
Event: 6.053 Thread 0x0000025f480f6070 Exception <a 'java/lang/UnsatisfiedLinkError'{0x00000000eac319e8}: La procédure spécifiée est introuvable.
> (0x00000000eac319e8) 
thrown [s\src\hotspot\share\prims\jni.cpp, line 539]
Event: 6.064 Thread 0x0000025f480f6070 Exception <a 'java/io/FileNotFoundException'{0x00000000eacd4ff8}> (0x00000000eacd4ff8) 
thrown [s\src\hotspot\share\prims\jni.cpp, line 520]
Event: 6.088 Thread 0x0000025f494944f0 Exception <a 'java/lang/NoSuchMethodError'{0x00000000eaeb5ff0}: 'int java.lang.invoke.DirectMethodHandle$Holder.invokeStatic(java.lang.Object, java.lang.Object, java.lang.Object, java.lang.Object, java.lang.Object)'> (0x00000000eaeb5ff0) 
thrown [s\src\hotspot\share\interpreter\linkResolver.cpp, line 773]
Event: 6.104 Thread 0x0000025f480f6070 Exception <a 'java/lang/NoSuchMethodError'{0x00000000eaf1e818}: 'void java.lang.invoke.DelegatingMethodHandle$Holder.reinvoke_L(java.lang.Object, java.lang.Object, int)'> (0x00000000eaf1e818) 
thrown [s\src\hotspot\share\interpreter\linkResolver.cpp, line 773]
Event: 6.105 Thread 0x0000025f480f6070 Exception <a 'java/lang/NoSuchMethodError'{0x00000000eaf251b0}: 'int java.lang.invoke.Invokers$Holder.invokeExact_MT(java.lang.Object, java.lang.Object, java.lang.Object)'> (0x00000000eaf251b0) 
thrown [s\src\hotspot\share\interpreter\linkResolver.cpp, line 773]
Event: 6.108 Thread 0x0000025f480f6070 Exception <a 'java/lang/UnsatisfiedLinkError'{0x00000000eaf337a0}: La procédure spécifiée est introuvable.
> (0x00000000eaf337a0) 
thrown [s\src\hotspot\share\prims\jni.cpp, line 539]
Event: 6.117 Thread 0x0000025f480f6070 Exception <a 'java/lang/NoSuchMethodError'{0x00000000eb01ef40}: 'void java.lang.invoke.Invokers$Holder.invokeExact_MT(java.lang.Object, java.lang.Object, int, java.lang.Object)'> (0x00000000eb01ef40) 
thrown [s\src\hotspot\share\interpreter\linkResolver.cpp, line 773]
Event: 6.179 Thread 0x0000025f49494b80 Exception <a 'java/lang/NoSuchMethodError'{0x00000000eb6b3020}: 'void java.lang.invoke.DirectMethodHandle$Holder.invokeStaticInit(java.lang.Object, java.lang.Object, java.lang.Object, java.lang.Object)'> (0x00000000eb6b3020) 
thrown [s\src\hotspot\share\interpreter\linkResolver.cpp, line 773]
Event: 6.325 Thread 0x0000025f6ae46f20 Exception <a 'java/lang/NoSuchMethodError'{0x00000000eadab090}: 'java.lang.Object java.lang.invoke.DirectMethodHandle$Holder.invokeStatic(java.lang.Object, long, java.lang.Object)'> (0x00000000eadab090) 
thrown [s\src\hotspot\share\interpreter\linkResolver.cpp, line 773]
Event: 6.325 Thread 0x0000025f494944f0 Exception <a 'java/lang/NoClassDefFoundError'{0x00000000ead7ff68}: javax/enterprise/inject/Typed> (0x00000000ead7ff68) 
thrown [s\src\hotspot\share\classfile\systemDictionary.cpp, line 301]

ZGC Phase Switch (0 events):
No events

VM Operations (20 events):
Event: 5.572 Executing VM operation: HandshakeAllThreads (Deoptimize)
Event: 5.573 Executing VM operation: HandshakeAllThreads (Deoptimize) done
Event: 5.607 Executing VM operation: HandshakeAllThreads (Deoptimize)
Event: 5.607 Executing VM operation: HandshakeAllThreads (Deoptimize) done
Event: 5.612 Executing VM operation: HandshakeAllThreads (Deoptimize)
Event: 5.612 Executing VM operation: HandshakeAllThreads (Deoptimize) done
Event: 5.652 Executing VM operation: HandshakeAllThreads (Deoptimize)
Event: 5.652 Executing VM operation: HandshakeAllThreads (Deoptimize) done
Event: 5.705 Executing VM operation: HandshakeAllThreads (Deoptimize)
Event: 5.705 Executing VM operation: HandshakeAllThreads (Deoptimize) done
Event: 5.774 Executing VM operation: HandshakeAllThreads (Deoptimize)
Event: 5.774 Executing VM operation: HandshakeAllThreads (Deoptimize) done
Event: 6.010 Executing VM operation: HandshakeAllThreads (Deoptimize)
Event: 6.010 Executing VM operation: HandshakeAllThreads (Deoptimize) done
Event: 6.020 Executing VM operation: ParallelGCFailedAllocation (Allocation Failure)
Event: 6.025 Executing VM operation: ParallelGCFailedAllocation (Allocation Failure) done
Event: 6.292 Executing VM operation: ParallelGCFailedAllocation (Allocation Failure)
Event: 6.296 Executing VM operation: ParallelGCFailedAllocation (Allocation Failure) done
Event: 6.305 Executing VM operation: HandshakeAllThreads (Deoptimize)
Event: 6.305 Executing VM operation: HandshakeAllThreads (Deoptimize) done

Memory protections (0 events):
No events

Nmethod flushes (0 events):
No events

Events (20 events):
Event: 2.142 Thread 0x0000025f6ae46f20 Thread added: 0x0000025f480f6070
Event: 2.285 Thread 0x0000025f489bd1f0 Thread exited: 0x0000025f489bd1f0
Event: 2.406 Thread 0x0000025f7f2842f0 Thread added: 0x0000025f48f85580
Event: 2.650 Thread 0x0000025f480f6070 Thread added: 0x0000025f480f6d90
Event: 3.077 Thread 0x0000025f480f6070 Thread added: 0x0000025f480f4630
Event: 3.197 Thread 0x0000025f48f85580 Thread exited: 0x0000025f48f85580
Event: 3.197 Thread 0x0000025f489bcb50 Thread exited: 0x0000025f489bcb50
Event: 3.250 Thread 0x0000025f480f6070 Thread added: 0x0000025f480f4cc0
Event: 3.563 Thread 0x0000025f7f2842f0 Thread added: 0x0000025f48cefa70
Event: 3.882 Thread 0x0000025f480f6070 Thread added: 0x0000025f49496c50
Event: 4.130 Thread 0x0000025f480f6070 Thread added: 0x0000025f49495f30
Event: 4.158 Thread 0x0000025f480f6070 Thread added: 0x0000025f494944f0
Event: 4.995 Thread 0x0000025f48cefa70 Thread exited: 0x0000025f48cefa70
Event: 5.238 Thread 0x0000025f7f2842f0 Thread added: 0x0000025f496298f0
Event: 5.391 Thread 0x0000025f480f6070 Thread added: 0x0000025f494937d0
Event: 5.739 Thread 0x0000025f49495f30 Thread added: 0x0000025f49492420
Event: 5.986 Thread 0x0000025f49492420 Thread added: 0x0000025f49494b80
Event: 6.033 Thread 0x0000025f480f6070 Thread added: 0x0000025f49495210
Event: 6.152 Thread 0x0000025f49494b80 Thread added: 0x0000025f494958a0
Event: 6.229 Thread 0x0000025f494958a0 Thread added: 0x0000025f494965c0


Dynamic libraries:
0x00007ff7e3f90000 - 0x00007ff7e3f9e000 	c:\Users\Abllaye Sagna\.vscode\extensions\redhat.java-1.41.1-win32-x64\jre\21.0.6-win32-x86_64\bin\java.exe
0x00007ffca4ad0000 - 0x00007ffca4cc8000 	C:\Windows\SYSTEM32\ntdll.dll
0x00007ffca3d70000 - 0x00007ffca3e32000 	C:\Windows\System32\KERNEL32.DLL
0x00007ffca22c0000 - 0x00007ffca25b6000 	C:\Windows\System32\KERNELBASE.dll
0x00007ffca2770000 - 0x00007ffca2870000 	C:\Windows\System32\ucrtbase.dll
0x00007ffc7abf0000 - 0x00007ffc7ac0e000 	c:\Users\Abllaye Sagna\.vscode\extensions\redhat.java-1.41.1-win32-x64\jre\21.0.6-win32-x86_64\bin\VCRUNTIME140.dll
0x00007ffc81e80000 - 0x00007ffc81e98000 	c:\Users\Abllaye Sagna\.vscode\extensions\redhat.java-1.41.1-win32-x64\jre\21.0.6-win32-x86_64\bin\jli.dll
0x00007ffca3610000 - 0x00007ffca37ad000 	C:\Windows\System32\USER32.dll
0x00007ffca2870000 - 0x00007ffca2892000 	C:\Windows\System32\win32u.dll
0x00007ffc8b610000 - 0x00007ffc8b8aa000 	C:\Windows\WinSxS\amd64_microsoft.windows.common-controls_6595b64144ccf1df_6.0.19041.4355_none_60b8b9eb71f62e16\COMCTL32.dll
0x00007ffca3e40000 - 0x00007ffca3e6b000 	C:\Windows\System32\GDI32.dll
0x00007ffca3300000 - 0x00007ffca339e000 	C:\Windows\System32\msvcrt.dll
0x00007ffca25c0000 - 0x00007ffca26da000 	C:\Windows\System32\gdi32full.dll
0x00007ffca29a0000 - 0x00007ffca2a3d000 	C:\Windows\System32\msvcp_win.dll
0x00007ffca45e0000 - 0x00007ffca460f000 	C:\Windows\System32\IMM32.DLL
0x00007ffc8bac0000 - 0x00007ffc8bacc000 	c:\Users\Abllaye Sagna\.vscode\extensions\redhat.java-1.41.1-win32-x64\jre\21.0.6-win32-x86_64\bin\vcruntime140_1.dll
0x00007ffc4c1d0000 - 0x00007ffc4c25d000 	c:\Users\Abllaye Sagna\.vscode\extensions\redhat.java-1.41.1-win32-x64\jre\21.0.6-win32-x86_64\bin\msvcp140.dll
0x00007ffc402c0000 - 0x00007ffc41050000 	c:\Users\Abllaye Sagna\.vscode\extensions\redhat.java-1.41.1-win32-x64\jre\21.0.6-win32-x86_64\bin\server\jvm.dll
0x00007ffca33a0000 - 0x00007ffca344f000 	C:\Windows\System32\ADVAPI32.dll
0x00007ffca2de0000 - 0x00007ffca2e7f000 	C:\Windows\System32\sechost.dll
0x00007ffca3460000 - 0x00007ffca3583000 	C:\Windows\System32\RPCRT4.dll
0x00007ffca2920000 - 0x00007ffca2947000 	C:\Windows\System32\bcrypt.dll
0x00007ffca4880000 - 0x00007ffca48eb000 	C:\Windows\System32\WS2_32.dll
0x00007ffca1f10000 - 0x00007ffca1f5b000 	C:\Windows\SYSTEM32\POWRPROF.dll
0x00007ffc87070000 - 0x00007ffc87097000 	C:\Windows\SYSTEM32\WINMM.dll
0x00007ffc972d0000 - 0x00007ffc972da000 	C:\Windows\SYSTEM32\VERSION.dll
0x00007ffca1ef0000 - 0x00007ffca1f02000 	C:\Windows\SYSTEM32\UMPDC.dll
0x00007ffca0940000 - 0x00007ffca0952000 	C:\Windows\SYSTEM32\kernel.appcore.dll
0x00007ffc7c790000 - 0x00007ffc7c79a000 	c:\Users\Abllaye Sagna\.vscode\extensions\redhat.java-1.41.1-win32-x64\jre\21.0.6-win32-x86_64\bin\jimage.dll
0x00007ffca0670000 - 0x00007ffca0854000 	C:\Windows\SYSTEM32\DBGHELP.DLL
0x00007ffc7b590000 - 0x00007ffc7b5c4000 	C:\Windows\SYSTEM32\dbgcore.DLL
0x00007ffca26e0000 - 0x00007ffca2762000 	C:\Windows\System32\bcryptPrimitives.dll
0x00007ffc7c4a0000 - 0x00007ffc7c4af000 	c:\Users\Abllaye Sagna\.vscode\extensions\redhat.java-1.41.1-win32-x64\jre\21.0.6-win32-x86_64\bin\instrument.dll
0x00007ffc63a20000 - 0x00007ffc63a3f000 	c:\Users\Abllaye Sagna\.vscode\extensions\redhat.java-1.41.1-win32-x64\jre\21.0.6-win32-x86_64\bin\java.dll
0x00007ffca3e70000 - 0x00007ffca45df000 	C:\Windows\System32\SHELL32.dll
0x00007ffc9fdf0000 - 0x00007ffca0593000 	C:\Windows\SYSTEM32\windows.storage.dll
0x00007ffca3a10000 - 0x00007ffca3d65000 	C:\Windows\System32\combase.dll
0x00007ffca19e0000 - 0x00007ffca1a0b000 	C:\Windows\SYSTEM32\Wldp.dll
0x00007ffca2d10000 - 0x00007ffca2ddd000 	C:\Windows\System32\OLEAUT32.dll
0x00007ffca3960000 - 0x00007ffca3a0d000 	C:\Windows\System32\SHCORE.dll
0x00007ffca2af0000 - 0x00007ffca2b45000 	C:\Windows\System32\shlwapi.dll
0x00007ffca2090000 - 0x00007ffca20b5000 	C:\Windows\SYSTEM32\profapi.dll
0x00007ffc633f0000 - 0x00007ffc63408000 	c:\Users\Abllaye Sagna\.vscode\extensions\redhat.java-1.41.1-win32-x64\jre\21.0.6-win32-x86_64\bin\zip.dll
0x00007ffc7ad30000 - 0x00007ffc7ad40000 	C:\Users\Abllaye Sagna\.vscode\extensions\redhat.java-1.41.1-win32-x64\jre\21.0.6-win32-x86_64\bin\net.dll
0x00007ffc95320000 - 0x00007ffc9542a000 	C:\Windows\SYSTEM32\WINHTTP.dll
0x00007ffca17c0000 - 0x00007ffca182c000 	C:\Windows\system32\mswsock.dll
0x00007ffc63250000 - 0x00007ffc63266000 	C:\Users\Abllaye Sagna\.vscode\extensions\redhat.java-1.41.1-win32-x64\jre\21.0.6-win32-x86_64\bin\nio.dll
0x00007ffc78d40000 - 0x00007ffc78d50000 	c:\Users\Abllaye Sagna\.vscode\extensions\redhat.java-1.41.1-win32-x64\jre\21.0.6-win32-x86_64\bin\verify.dll
0x00007ffc72b60000 - 0x00007ffc72ba5000 	C:\Users\Abllaye Sagna\AppData\Roaming\Code\User\globalStorage\redhat.java\1.41.1\config_win\org.eclipse.equinox.launcher\org.eclipse.equinox.launcher.win32.win32.x86_64_1.2.1300.v20250331-1702\eclipse_11911.dll
0x00007ffca2be0000 - 0x00007ffca2d0b000 	C:\Windows\System32\ole32.dll
0x00007ffca1a20000 - 0x00007ffca1a38000 	C:\Windows\SYSTEM32\CRYPTSP.dll
0x00007ffca1100000 - 0x00007ffca1138000 	C:\Windows\system32\rsaenh.dll
0x00007ffca2010000 - 0x00007ffca203e000 	C:\Windows\SYSTEM32\USERENV.dll
0x00007ffca1950000 - 0x00007ffca195c000 	C:\Windows\SYSTEM32\CRYPTBASE.dll
0x00007ffca14c0000 - 0x00007ffca14fb000 	C:\Windows\SYSTEM32\IPHLPAPI.DLL
0x00007ffca3450000 - 0x00007ffca3458000 	C:\Windows\System32\NSI.dll
0x00007ffc71910000 - 0x00007ffc71959000 	C:\Users\Abllaye Sagna\AppData\Local\Temp\jna--1035397096\jna11422610129292934615.dll
0x00007ffca4790000 - 0x00007ffca4798000 	C:\Windows\System32\PSAPI.DLL
0x00007ffc960d0000 - 0x00007ffc960e7000 	C:\Windows\SYSTEM32\dhcpcsvc6.DLL
0x00007ffc960b0000 - 0x00007ffc960cd000 	C:\Windows\SYSTEM32\dhcpcsvc.DLL

dbghelp: loaded successfully - version: 4.0.5 - missing functions: none
symbol engine: initialized successfully - sym options: 0x614 - pdb path: .;c:\Users\Abllaye Sagna\.vscode\extensions\redhat.java-1.41.1-win32-x64\jre\21.0.6-win32-x86_64\bin;C:\Windows\SYSTEM32;C:\Windows\WinSxS\amd64_microsoft.windows.common-controls_6595b64144ccf1df_6.0.19041.4355_none_60b8b9eb71f62e16;c:\Users\Abllaye Sagna\.vscode\extensions\redhat.java-1.41.1-win32-x64\jre\21.0.6-win32-x86_64\bin\server;C:\Users\Abllaye Sagna\AppData\Roaming\Code\User\globalStorage\redhat.java\1.41.1\config_win\org.eclipse.equinox.launcher\org.eclipse.equinox.launcher.win32.win32.x86_64_1.2.1300.v20250331-1702;C:\Users\Abllaye Sagna\AppData\Local\Temp\jna--1035397096

VM Arguments:
jvm_args: --add-modules=ALL-SYSTEM --add-opens=java.base/java.util=ALL-UNNAMED --add-opens=java.base/java.lang=ALL-UNNAMED --add-opens=java.base/sun.nio.fs=ALL-UNNAMED -Declipse.application=org.eclipse.jdt.ls.core.id1 -Dosgi.bundles.defaultStartLevel=4 -Declipse.product=org.eclipse.jdt.ls.core.product -Djava.import.generatesMetadataFilesAtProjectRoot=false -DDetectVMInstallationsJob.disabled=true -Dfile.encoding=utf8 -XX:+UseParallelGC -XX:GCTimeRatio=4 -XX:AdaptiveSizePolicyWeight=90 -Dsun.zip.disableMemoryMapping=true -Xmx1G -Xms100m -Xlog:disable -javaagent:c:\Users\Abllaye Sagna\.vscode\extensions\redhat.java-1.41.1-win32-x64\lombok\lombok-1.18.36.jar -XX:+HeapDumpOnOutOfMemoryError -XX:HeapDumpPath=c:\Users\Abllaye Sagna\AppData\Roaming\Code\User\workspaceStorage\6b7f365eda9147d9c21f87dc6ac22f9c\redhat.java -Daether.dependencyCollector.impl=bf 
java_command: c:\Users\Abllaye Sagna\.vscode\extensions\redhat.java-1.41.1-win32-x64\server\plugins\org.eclipse.equinox.launcher_1.7.0.v20250331-1702.jar -configuration c:\Users\Abllaye Sagna\AppData\Roaming\Code\User\globalStorage\redhat.java\1.41.1\config_win -data c:\Users\Abllaye Sagna\AppData\Roaming\Code\User\workspaceStorage\6b7f365eda9147d9c21f87dc6ac22f9c\redhat.java\jdt_ws --pipe=\\.\pipe\lsp-5378cf2a96684385aa4b965a01706c10-sock
java_class_path (initial): c:\Users\Abllaye Sagna\.vscode\extensions\redhat.java-1.41.1-win32-x64\server\plugins\org.eclipse.equinox.launcher_1.7.0.v20250331-1702.jar
Launcher Type: SUN_STANDARD

[Global flags]
    uintx AdaptiveSizePolicyWeight                 = 90                                        {product} {command line}
     intx CICompilerCount                          = 4                                         {product} {ergonomic}
    uintx GCTimeRatio                              = 4                                         {product} {command line}
     bool HeapDumpOnOutOfMemoryError               = true                                   {manageable} {command line}
    ccstr HeapDumpPath                             = c:\Users\Abllaye Sagna\AppData\Roaming\Code\User\workspaceStorage\6b7f365eda9147d9c21f87dc6ac22f9c\redhat.java         {manageable} {command line}
   size_t InitialHeapSize                          = 104857600                                 {product} {command line}
   size_t MaxHeapSize                              = 1073741824                                {product} {command line}
   size_t MaxNewSize                               = 357564416                                 {product} {ergonomic}
   size_t MinHeapDeltaBytes                        = 524288                                    {product} {ergonomic}
   size_t MinHeapSize                              = 104857600                                 {product} {command line}
   size_t NewSize                                  = 34603008                                  {product} {ergonomic}
    uintx NonNMethodCodeHeapSize                   = 5839372                                {pd product} {ergonomic}
    uintx NonProfiledCodeHeapSize                  = 122909434                              {pd product} {ergonomic}
   size_t OldSize                                  = 70254592                                  {product} {ergonomic}
    uintx ProfiledCodeHeapSize                     = 122909434                              {pd product} {ergonomic}
    uintx ReservedCodeCacheSize                    = 251658240                              {pd product} {ergonomic}
     bool SegmentedCodeCache                       = true                                      {product} {ergonomic}
   size_t SoftMaxHeapSize                          = 1073741824                             {manageable} {ergonomic}
     bool UseCompressedOops                        = true                           {product lp64_product} {ergonomic}
     bool UseLargePagesIndividualAllocation        = false                                  {pd product} {ergonomic}
     bool UseParallelGC                            = true                                      {product} {command line}

Logging:
Log output configuration:
 #0: stdout all=off uptime,level,tags foldmultilines=false
 #1: stderr all=off uptime,level,tags foldmultilines=false

Environment Variables:
PATH=C:\Python312\Scripts\;C:\Python312\;E:\app\Abllaye_Sagna\product\11.2.0\dbhome_1\bin;\bin;C:\Program Files\Common Files\Oracle\Java\javapath;C:\Windows\system32;C:\Windows;C:\Windows\System32\Wbem;C:\Windows\System32\WindowsPowerShell\v1.0\;C:\Windows\System32\OpenSSH\;C:\Program Files\swipl\bin;C:\Program Files\nodejs\;C:\ProgramData\chocolatey\bin;C:\ProgramData\ComposerSetup\bin;C:\wamp64\bin\php\php8.3.0;C:\redis;C:\Program Files\dotnet\;C:\Program Files\Git\cmd;C:\Program Files\Java\jdk-23\bin;;C:\Program Files\Docker\Docker\resources\bin;C:\Users\Abllaye Sagna\AppData\Local\Microsoft\WindowsApps;C:\Users\Abllaye Sagna\AppData\Local\Programs\Microsoft VS Code\bin;C:\Users\Abllaye Sagna\AppData\Roaming\npm;C:\Users\Abllaye Sagna\AppData\Roaming\Composer\vendor\bin;E:\Programme Installe\IntelliJ IDEA Community Edition 2024.3\bin;;C:\Users\Abllaye Sagna\AppData\Local\Muse Hub\lib;C:\Program Files\Java\jdk-23\bin;
USERNAME=Abllaye Sagna
OS=Windows_NT
PROCESSOR_IDENTIFIER=Intel64 Family 6 Model 142 Stepping 10, GenuineIntel
TMP=C:\Users\ABLLAY~1\AppData\Local\Temp
TEMP=C:\Users\ABLLAY~1\AppData\Local\Temp




Periodic native trim disabled

---------------  S Y S T E M  ---------------

OS:
 Windows 10 , 64 bit Build 19041 (10.0.19041.5678)
OS uptime: 1 days 14:22 hours
Hyper-V role detected

CPU: total 8 (initial active 8) (4 cores per cpu, 2 threads per core) family 6 model 142 stepping 10 microcode 0xf6, cx8, cmov, fxsr, ht, mmx, 3dnowpref, sse, sse2, sse3, ssse3, sse4.1, sse4.2, popcnt, lzcnt, tsc, tscinvbit, avx, avx2, aes, erms, clmul, bmi1, bmi2, rtm, adx, fma, vzeroupper, clflush, clflushopt, hv, rdtscp, f16c
Processor Information for the first 8 processors :
  Max Mhz: 1896, Current Mhz: 1696, Mhz Limit: 1687

Memory: 4k page, system-wide physical 8051M (408M free)
TotalPageFile size 24051M (AvailPageFile size 18M)
current process WorkingSet (physical memory assigned to process): 181M, peak: 181M
current process commit charge ("private bytes"): 273M, peak: 273M

vm_info: OpenJDK 64-Bit Server VM (21.0.6+7-LTS) for windows-amd64 JRE (21.0.6+7-LTS), built on 2025-01-21T00:00:00Z by "admin" with MS VC++ 17.7 (VS2022)

END.
